;  LST file generated by mikroListExporter - v.2.0 
; Date/Time: 02/04/2020 14:13:54
;----------------------------------------------

;Address Opcode 	ASM
0x0000	0x2B73      	GOTO       883
_Interrupt:
0x0004	0x00FF      	MOVWF      R15
0x0005	0x0E03      	SWAPF      STATUS, 0
0x0006	0x0183      	CLRF       STATUS
0x0007	0x00D4      	MOVWF      ___saveSTATUS
0x0008	0x080A      	MOVF       PCLATH, 0
0x0009	0x00D3      	MOVWF      ___savePCLATH
0x000A	0x018A      	CLRF       PCLATH
0x000B	0x0870      	MOVF       R0, 0
0x000C	0x00A3      	MOVWF      35
0x000D	0x0871      	MOVF       R1, 0
0x000E	0x00A2      	MOVWF      34
0x000F	0x0872      	MOVF       R2, 0
0x0010	0x00A1      	MOVWF      33
0x0011	0x0873      	MOVF       R3, 0
0x0012	0x00A0      	MOVWF      32
;ventilatorv1_2.c,82 :: 		void Interrupt(){
;ventilatorv1_2.c,83 :: 		if (TMR0IF_bit){
0x0013	0x1D0B      	BTFSS      TMR0IF_bit, BitPos(TMR0IF_bit+0)
0x0014	0x282F      	GOTO       L_Interrupt0
;ventilatorv1_2.c,84 :: 		TMR0IF_bit         = 0;
0x0015	0x110B      	BCF        TMR0IF_bit, BitPos(TMR0IF_bit+0)
;ventilatorv1_2.c,85 :: 		TMR0                 = 100;
0x0016	0x3064      	MOVLW      100
0x0017	0x0081      	MOVWF      TMR0
;ventilatorv1_2.c,87 :: 		millis_count++;
0x0018	0x084B      	MOVF       _millis_count, 0
0x0019	0x00F0      	MOVWF      R0
0x001A	0x084C      	MOVF       _millis_count+1, 0
0x001B	0x00F1      	MOVWF      R0+1
0x001C	0x084D      	MOVF       _millis_count+2, 0
0x001D	0x00F2      	MOVWF      R0+2
0x001E	0x084E      	MOVF       _millis_count+3, 0
0x001F	0x00F3      	MOVWF      R0+3
0x0020	0x0AF0      	INCF       R0, 1
0x0021	0x1903      	BTFSC      STATUS, 2
0x0022	0x0AF1      	INCF       R0+1, 1
0x0023	0x1903      	BTFSC      STATUS, 2
0x0024	0x0AF2      	INCF       R0+2, 1
0x0025	0x1903      	BTFSC      STATUS, 2
0x0026	0x0AF3      	INCF       R0+3, 1
0x0027	0x0870      	MOVF       R0, 0
0x0028	0x00CB      	MOVWF      _millis_count
0x0029	0x0871      	MOVF       R0+1, 0
0x002A	0x00CC      	MOVWF      _millis_count+1
0x002B	0x0872      	MOVF       R0+2, 0
0x002C	0x00CD      	MOVWF      _millis_count+2
0x002D	0x0873      	MOVF       R0+3, 0
0x002E	0x00CE      	MOVWF      _millis_count+3
;ventilatorv1_2.c,89 :: 		}
L_Interrupt0:
;ventilatorv1_2.c,91 :: 		}
L_end_Interrupt:
L__Interrupt70:
0x002F	0x0823      	MOVF       35, 0
0x0030	0x00F0      	MOVWF      R0
0x0031	0x0822      	MOVF       34, 0
0x0032	0x00F1      	MOVWF      R1
0x0033	0x0821      	MOVF       33, 0
0x0034	0x00F2      	MOVWF      R2
0x0035	0x0820      	MOVF       32, 0
0x0036	0x00F3      	MOVWF      R3
0x0037	0x0853      	MOVF       ___savePCLATH, 0
0x0038	0x008A      	MOVWF      PCLATH
0x0039	0x0E54      	SWAPF      ___saveSTATUS, 0
0x003A	0x0083      	MOVWF      STATUS
0x003B	0x0EFF      	SWAPF      R15, 1
0x003C	0x0E7F      	SWAPF      R15, 0
0x003D	0x0009      	RETFIE
; end of _Interrupt
_Delay_22us:
;__Lib_Delays.c,15 :: 		void Delay_22us() {
;__Lib_Delays.c,16 :: 		Delay_us(22);
0x003E	0x300E      	MOVLW      14
0x003F	0x1283      	BCF        STATUS, 5
0x0040	0x1303      	BCF        STATUS, 6
0x0041	0x00FD      	MOVWF      R13
L_Delay_22us1:
0x0042	0x0BFD      	DECFSZ     R13, 1
0x0043	0x2842      	GOTO       L_Delay_22us1
0x0044	0x0000      	NOP
;__Lib_Delays.c,17 :: 		}
L_end_Delay_22us:
0x0045	0x0008      	RETURN
; end of _Delay_22us
_Delay_500us:
;__Lib_Delays.c,27 :: 		void Delay_500us() {
;__Lib_Delays.c,28 :: 		Delay_us(498);
0x0046	0x3002      	MOVLW      2
0x0047	0x1283      	BCF        STATUS, 5
0x0048	0x1303      	BCF        STATUS, 6
0x0049	0x00FC      	MOVWF      R12
0x004A	0x3049      	MOVLW      73
0x004B	0x00FD      	MOVWF      R13
L_Delay_500us4:
0x004C	0x0BFD      	DECFSZ     R13, 1
0x004D	0x284C      	GOTO       L_Delay_500us4
0x004E	0x0BFC      	DECFSZ     R12, 1
0x004F	0x284C      	GOTO       L_Delay_500us4
0x0050	0x0000      	NOP
0x0051	0x0000      	NOP
;__Lib_Delays.c,29 :: 		}
L_end_Delay_500us:
0x0052	0x0008      	RETURN
; end of _Delay_500us
_Button:
;__Lib_Button.c,6 :: 		
;__Lib_Button.c,8 :: 		
0x0053	0x1283      	BCF        STATUS, 5
0x0054	0x1303      	BCF        STATUS, 6
0x0055	0x01DC      	CLRF       Button_rslt_L0
;__Lib_Button.c,11 :: 		
0x0056	0x0858      	MOVF       FARG_Button_pin, 0
0x0057	0x00F1      	MOVWF      R1
0x0058	0x3001      	MOVLW      1
0x0059	0x00F0      	MOVWF      R0
0x005A	0x0871      	MOVF       R1, 0
L__Button5:
0x005B	0x1903      	BTFSC      STATUS, 2
0x005C	0x2861      	GOTO       L__Button6
0x005D	0x0DF0      	RLF        R0, 1
0x005E	0x1070      	BCF        R0, 0
0x005F	0x3EFF      	ADDLW      255
0x0060	0x285B      	GOTO       L__Button5
L__Button6:
0x0061	0x0870      	MOVF       R0, 0
0x0062	0x00DB      	MOVWF      Button_pMask_L0
;__Lib_Button.c,13 :: 		
0x0063	0x0857      	MOVF       FARG_Button_port, 0
0x0064	0x0084      	MOVWF      FSR
0x0065	0x0870      	MOVF       R0, 0
0x0066	0x0500      	ANDWF      INDF, 0
0x0067	0x00F1      	MOVWF      R1
0x0068	0x0871      	MOVF       R1, 0
0x0069	0x3001      	MOVLW      1
0x006A	0x1D03      	BTFSS      STATUS, 2
0x006B	0x3000      	MOVLW      0
0x006C	0x00F0      	MOVWF      R0
0x006D	0x085A      	MOVF       FARG_Button_active_state, 0
0x006E	0x06F0      	XORWF      R0, 1
0x006F	0x1903      	BTFSC      STATUS, 2
0x0070	0x2889      	GOTO       L_Button0
;__Lib_Button.c,15 :: 		
L_Button1:
0x0071	0x0859      	MOVF       FARG_Button_time_ms, 0
0x0072	0x3C00      	SUBLW      0
0x0073	0x1803      	BTFSC      STATUS, 0
0x0074	0x2879      	GOTO       L_Button2
;__Lib_Button.c,16 :: 		
0x0075	0x2046      	CALL       _Delay_500us
;__Lib_Button.c,17 :: 		
0x0076	0x2046      	CALL       _Delay_500us
;__Lib_Button.c,18 :: 		
0x0077	0x03D9      	DECF       FARG_Button_time_ms, 1
;__Lib_Button.c,19 :: 		
0x0078	0x2871      	GOTO       L_Button1
L_Button2:
;__Lib_Button.c,21 :: 		
0x0079	0x0857      	MOVF       FARG_Button_port, 0
0x007A	0x0084      	MOVWF      FSR
0x007B	0x085B      	MOVF       Button_pMask_L0, 0
0x007C	0x0500      	ANDWF      INDF, 0
0x007D	0x00F1      	MOVWF      R1
0x007E	0x0871      	MOVF       R1, 0
0x007F	0x3001      	MOVLW      1
0x0080	0x1D03      	BTFSS      STATUS, 2
0x0081	0x3000      	MOVLW      0
0x0082	0x00F0      	MOVWF      R0
0x0083	0x085A      	MOVF       FARG_Button_active_state, 0
0x0084	0x06F0      	XORWF      R0, 1
0x0085	0x1903      	BTFSC      STATUS, 2
0x0086	0x2889      	GOTO       L_Button3
;__Lib_Button.c,22 :: 		
0x0087	0x30FF      	MOVLW      255
0x0088	0x00DC      	MOVWF      Button_rslt_L0
L_Button3:
;__Lib_Button.c,23 :: 		
L_Button0:
;__Lib_Button.c,25 :: 		
0x0089	0x085C      	MOVF       Button_rslt_L0, 0
0x008A	0x00F0      	MOVWF      R0
;__Lib_Button.c,26 :: 		
L_end_Button:
0x008B	0x0008      	RETURN
; end of _Button
_ADC_Read:
;__Lib_ADC_A_C.c,68 :: 		
;__Lib_ADC_A_C.c,70 :: 		
0x008C	0x1283      	BCF        STATUS, 5
0x008D	0x1303      	BCF        STATUS, 6
0x008E	0x019F      	CLRF       ADCON0
;__Lib_ADC_A_C.c,71 :: 		
0x008F	0x30C0      	MOVLW      192
0x0090	0x049F      	IORWF      ADCON0, 1
;__Lib_ADC_A_C.c,72 :: 		
0x0091	0x0942      	COMF       _vref_mask, 0
0x0092	0x00F0      	MOVWF      R0
0x0093	0x0870      	MOVF       R0, 0
0x0094	0x1683      	BSF        STATUS, 5
0x0095	0x059F      	ANDWF      ADCON1, 1
;__Lib_ADC_A_C.c,73 :: 		
0x0096	0x171F      	BSF        ADCON1, 6
;__Lib_ADC_A_C.c,74 :: 		
0x0097	0x179F      	BSF        ADCON1, 7
;__Lib_ADC_A_C.c,75 :: 		
0x0098	0x1283      	BCF        STATUS, 5
0x0099	0x0857      	MOVF       FARG_ADC_Read_channel, 0
0x009A	0x00F0      	MOVWF      R0
0x009B	0x0DF0      	RLF        R0, 1
0x009C	0x1070      	BCF        R0, 0
0x009D	0x0DF0      	RLF        R0, 1
0x009E	0x1070      	BCF        R0, 0
0x009F	0x0DF0      	RLF        R0, 1
0x00A0	0x1070      	BCF        R0, 0
0x00A1	0x0870      	MOVF       R0, 0
0x00A2	0x049F      	IORWF      ADCON0, 1
;__Lib_ADC_A_C.c,78 :: 		
0x00A3	0x141F      	BSF        ADCON0, 0
;__Lib_ADC_A_C.c,81 :: 		
0x00A4	0x203E      	CALL       _Delay_22us
;__Lib_ADC_A_C.c,84 :: 		
0x00A5	0x151F      	BSF        ADCON0, 2
;__Lib_ADC_A_C.c,87 :: 		
L_ADC_Read2:
0x00A6	0x1D1F      	BTFSS      ADCON0, 2
0x00A7	0x28AA      	GOTO       L_ADC_Read3
;__Lib_ADC_A_C.c,88 :: 		
0x00A8	0x0000      	NOP
0x00A9	0x28A6      	GOTO       L_ADC_Read2
L_ADC_Read3:
;__Lib_ADC_A_C.c,91 :: 		
0x00AA	0x101F      	BCF        ADCON0, 0
;__Lib_ADC_A_C.c,94 :: 		
0x00AB	0x081E      	MOVF       ADRESH, 0
0x00AC	0x00F1      	MOVWF      R0+1
0x00AD	0x01F0      	CLRF       R0
0x00AE	0x1683      	BSF        STATUS, 5
0x00AF	0x081E      	MOVF       ADRESL, 0
0x00B0	0x04F0      	IORWF      R0, 1
0x00B1	0x3000      	MOVLW      0
0x00B2	0x04F1      	IORWF      R0+1, 1
;__Lib_ADC_A_C.c,95 :: 		
L_end_ADC_Read:
0x00B3	0x0008      	RETURN
; end of _ADC_Read
_latch595:
;ventilatorv1_2.c,123 :: 		void latch595()              //latch pin controll
;ventilatorv1_2.c,125 :: 		SHIFT_LATCH = 1;
0x00B4	0x1283      	BCF        STATUS, 5
0x00B5	0x1303      	BCF        STATUS, 6
0x00B6	0x1486      	BSF        PORTB, 1
;ventilatorv1_2.c,126 :: 		Delay_us(1);
0x00B7	0x0000      	NOP
0x00B8	0x0000      	NOP
;ventilatorv1_2.c,127 :: 		SHIFT_LATCH = 0;
0x00B9	0x1086      	BCF        PORTB, 1
;ventilatorv1_2.c,128 :: 		}
L_end_latch595:
0x00BA	0x0008      	RETURN
; end of _latch595
_shiftdata595:
;ventilatorv1_2.c,108 :: 		void shiftdata595(int _shiftdata[])  //shift register
;ventilatorv1_2.c,112 :: 		i=8;
0x00BB	0x3008      	MOVLW      8
0x00BC	0x1283      	BCF        STATUS, 5
0x00BD	0x1303      	BCF        STATUS, 6
0x00BE	0x00F4      	MOVWF      R4
0x00BF	0x3000      	MOVLW      0
0x00C0	0x00F5      	MOVWF      R4+1
;ventilatorv1_2.c,113 :: 		while (i>0)                  //loop to send 8bit data
L_shiftdata5953:
0x00C1	0x0875      	MOVF       R4+1, 0
0x00C2	0x3C00      	SUBLW      0
0x00C3	0x1D03      	BTFSS      STATUS, 2
0x00C4	0x28C7      	GOTO       L__shiftdata59575
0x00C5	0x0874      	MOVF       R4, 0
0x00C6	0x3C00      	SUBLW      0
L__shiftdata59575:
0x00C7	0x1803      	BTFSC      STATUS, 0
0x00C8	0x28E6      	GOTO       L_shiftdata5954
;ventilatorv1_2.c,115 :: 		SHIFT_DATA=_shiftdata[i-1]; //  send array value
0x00C9	0x3001      	MOVLW      1
0x00CA	0x0274      	SUBWF      R4, 0
0x00CB	0x00F2      	MOVWF      R2
0x00CC	0x3000      	MOVLW      0
0x00CD	0x1C03      	BTFSS      STATUS, 0
0x00CE	0x3E01      	ADDLW      1
0x00CF	0x0275      	SUBWF      R4+1, 0
0x00D0	0x00F3      	MOVWF      R2+1
0x00D1	0x0872      	MOVF       R2, 0
0x00D2	0x00F0      	MOVWF      R0
0x00D3	0x0DF0      	RLF        R0, 1
0x00D4	0x1070      	BCF        R0, 0
0x00D5	0x0870      	MOVF       R0, 0
0x00D6	0x0757      	ADDWF      FARG_shiftdata595__shiftdata, 0
0x00D7	0x0084      	MOVWF      FSR
0x00D8	0x1800      	BTFSC      INDF, 0
0x00D9	0x28DC      	GOTO       L__shiftdata59576
0x00DA	0x1006      	BCF        PORTB, 0
0x00DB	0x28DD      	GOTO       L__shiftdata59577
L__shiftdata59576:
0x00DC	0x1406      	BSF        PORTB, 0
L__shiftdata59577:
;ventilatorv1_2.c,116 :: 		SHIFT_CLOCK = 1;
0x00DD	0x1506      	BSF        PORTB, 2
;ventilatorv1_2.c,117 :: 		Delay_us(1);
0x00DE	0x0000      	NOP
0x00DF	0x0000      	NOP
;ventilatorv1_2.c,118 :: 		SHIFT_CLOCK = 0;
0x00E0	0x1106      	BCF        PORTB, 2
;ventilatorv1_2.c,119 :: 		i--;
0x00E1	0x3001      	MOVLW      1
0x00E2	0x02F4      	SUBWF      R4, 1
0x00E3	0x1C03      	BTFSS      STATUS, 0
0x00E4	0x03F5      	DECF       R4+1, 1
;ventilatorv1_2.c,120 :: 		}
0x00E5	0x28C1      	GOTO       L_shiftdata5953
L_shiftdata5954:
;ventilatorv1_2.c,121 :: 		}
L_end_shiftdata595:
0x00E6	0x0008      	RETURN
; end of _shiftdata595
_____DoICP:
;__Lib_System.c,6 :: 		
;__Lib_System.c,9 :: 		
0x00E7	0x1283      	BCF        STATUS, 5
0x00E8	0x1303      	BCF        STATUS, 6
0x00E9	0x0856      	MOVF       ___DoICPAddr+1, 0
0x00EA	0x008A      	MOVWF      PCLATH
;__Lib_System.c,10 :: 		
0x00EB	0x0855      	MOVF       ___DoICPAddr, 0
0x00EC	0x0082      	MOVWF      PCL
;__Lib_System.c,12 :: 		
L_end_____DoICP:
0x00ED	0x0008      	RETURN
; end of _____DoICP
_read_sensor_data:
;ventilatorv1_2.c,307 :: 		void read_sensor_data(){     //reading all analog sensor data
;ventilatorv1_2.c,308 :: 		s4=ADC_Read(0);
0x00EE	0x1283      	BCF        STATUS, 5
0x00EF	0x1303      	BCF        STATUS, 6
0x00F0	0x01D7      	CLRF       FARG_ADC_Read_channel
0x00F1	0x208C      	CALL       _ADC_Read
0x00F2	0x0870      	MOVF       R0, 0
0x00F3	0x1283      	BCF        STATUS, 5
0x00F4	0x00B6      	MOVWF      _s4
0x00F5	0x0871      	MOVF       R0+1, 0
0x00F6	0x00B7      	MOVWF      _s4+1
;ventilatorv1_2.c,309 :: 		delay_ms(100);
0x00F7	0x3002      	MOVLW      2
0x00F8	0x00FB      	MOVWF      R11
0x00F9	0x3004      	MOVLW      4
0x00FA	0x00FC      	MOVWF      R12
0x00FB	0x30BA      	MOVLW      186
0x00FC	0x00FD      	MOVWF      R13
L_read_sensor_data51:
0x00FD	0x0BFD      	DECFSZ     R13, 1
0x00FE	0x28FD      	GOTO       L_read_sensor_data51
0x00FF	0x0BFC      	DECFSZ     R12, 1
0x0100	0x28FD      	GOTO       L_read_sensor_data51
0x0101	0x0BFB      	DECFSZ     R11, 1
0x0102	0x28FD      	GOTO       L_read_sensor_data51
0x0103	0x0000      	NOP
;ventilatorv1_2.c,310 :: 		s9= ADC_Read(1);
0x0104	0x3001      	MOVLW      1
0x0105	0x00D7      	MOVWF      FARG_ADC_Read_channel
0x0106	0x208C      	CALL       _ADC_Read
0x0107	0x0870      	MOVF       R0, 0
0x0108	0x1283      	BCF        STATUS, 5
0x0109	0x00C3      	MOVWF      _s9
0x010A	0x0871      	MOVF       R0+1, 0
0x010B	0x00C4      	MOVWF      _s9+1
;ventilatorv1_2.c,311 :: 		delay_ms(100);
0x010C	0x3002      	MOVLW      2
0x010D	0x00FB      	MOVWF      R11
0x010E	0x3004      	MOVLW      4
0x010F	0x00FC      	MOVWF      R12
0x0110	0x30BA      	MOVLW      186
0x0111	0x00FD      	MOVWF      R13
L_read_sensor_data52:
0x0112	0x0BFD      	DECFSZ     R13, 1
0x0113	0x2912      	GOTO       L_read_sensor_data52
0x0114	0x0BFC      	DECFSZ     R12, 1
0x0115	0x2912      	GOTO       L_read_sensor_data52
0x0116	0x0BFB      	DECFSZ     R11, 1
0x0117	0x2912      	GOTO       L_read_sensor_data52
0x0118	0x0000      	NOP
;ventilatorv1_2.c,312 :: 		s10 =  ADC_Read(2);
0x0119	0x3002      	MOVLW      2
0x011A	0x00D7      	MOVWF      FARG_ADC_Read_channel
0x011B	0x208C      	CALL       _ADC_Read
0x011C	0x0870      	MOVF       R0, 0
0x011D	0x1283      	BCF        STATUS, 5
0x011E	0x00C5      	MOVWF      _s10
0x011F	0x0871      	MOVF       R0+1, 0
0x0120	0x00C6      	MOVWF      _s10+1
;ventilatorv1_2.c,313 :: 		delay_ms(100);
0x0121	0x3002      	MOVLW      2
0x0122	0x00FB      	MOVWF      R11
0x0123	0x3004      	MOVLW      4
0x0124	0x00FC      	MOVWF      R12
0x0125	0x30BA      	MOVLW      186
0x0126	0x00FD      	MOVWF      R13
L_read_sensor_data53:
0x0127	0x0BFD      	DECFSZ     R13, 1
0x0128	0x2927      	GOTO       L_read_sensor_data53
0x0129	0x0BFC      	DECFSZ     R12, 1
0x012A	0x2927      	GOTO       L_read_sensor_data53
0x012B	0x0BFB      	DECFSZ     R11, 1
0x012C	0x2927      	GOTO       L_read_sensor_data53
0x012D	0x0000      	NOP
;ventilatorv1_2.c,314 :: 		p1  = ADC_Read(3);
0x012E	0x3003      	MOVLW      3
0x012F	0x00D7      	MOVWF      FARG_ADC_Read_channel
0x0130	0x208C      	CALL       _ADC_Read
0x0131	0x0870      	MOVF       R0, 0
0x0132	0x1283      	BCF        STATUS, 5
0x0133	0x00C9      	MOVWF      _p1
0x0134	0x0871      	MOVF       R0+1, 0
0x0135	0x00CA      	MOVWF      _p1+1
;ventilatorv1_2.c,315 :: 		delay_ms(100);
0x0136	0x3002      	MOVLW      2
0x0137	0x00FB      	MOVWF      R11
0x0138	0x3004      	MOVLW      4
0x0139	0x00FC      	MOVWF      R12
0x013A	0x30BA      	MOVLW      186
0x013B	0x00FD      	MOVWF      R13
L_read_sensor_data54:
0x013C	0x0BFD      	DECFSZ     R13, 1
0x013D	0x293C      	GOTO       L_read_sensor_data54
0x013E	0x0BFC      	DECFSZ     R12, 1
0x013F	0x293C      	GOTO       L_read_sensor_data54
0x0140	0x0BFB      	DECFSZ     R11, 1
0x0141	0x293C      	GOTO       L_read_sensor_data54
0x0142	0x0000      	NOP
;ventilatorv1_2.c,316 :: 		p2   = ADC_Read(4);
0x0143	0x3004      	MOVLW      4
0x0144	0x00D7      	MOVWF      FARG_ADC_Read_channel
0x0145	0x208C      	CALL       _ADC_Read
0x0146	0x0870      	MOVF       R0, 0
0x0147	0x1283      	BCF        STATUS, 5
0x0148	0x00C7      	MOVWF      _p2
0x0149	0x0871      	MOVF       R0+1, 0
0x014A	0x00C8      	MOVWF      _p2+1
;ventilatorv1_2.c,317 :: 		delay_ms(100);
0x014B	0x3002      	MOVLW      2
0x014C	0x00FB      	MOVWF      R11
0x014D	0x3004      	MOVLW      4
0x014E	0x00FC      	MOVWF      R12
0x014F	0x30BA      	MOVLW      186
0x0150	0x00FD      	MOVWF      R13
L_read_sensor_data55:
0x0151	0x0BFD      	DECFSZ     R13, 1
0x0152	0x2951      	GOTO       L_read_sensor_data55
0x0153	0x0BFC      	DECFSZ     R12, 1
0x0154	0x2951      	GOTO       L_read_sensor_data55
0x0155	0x0BFB      	DECFSZ     R11, 1
0x0156	0x2951      	GOTO       L_read_sensor_data55
0x0157	0x0000      	NOP
;ventilatorv1_2.c,318 :: 		p3 =   ADC_Read(5);
0x0158	0x3005      	MOVLW      5
0x0159	0x00D7      	MOVWF      FARG_ADC_Read_channel
0x015A	0x208C      	CALL       _ADC_Read
0x015B	0x0870      	MOVF       R0, 0
0x015C	0x1283      	BCF        STATUS, 5
0x015D	0x00BE      	MOVWF      _p3
0x015E	0x0871      	MOVF       R0+1, 0
0x015F	0x00BF      	MOVWF      _p3+1
;ventilatorv1_2.c,319 :: 		delay_ms(100);
0x0160	0x3002      	MOVLW      2
0x0161	0x00FB      	MOVWF      R11
0x0162	0x3004      	MOVLW      4
0x0163	0x00FC      	MOVWF      R12
0x0164	0x30BA      	MOVLW      186
0x0165	0x00FD      	MOVWF      R13
L_read_sensor_data56:
0x0166	0x0BFD      	DECFSZ     R13, 1
0x0167	0x2966      	GOTO       L_read_sensor_data56
0x0168	0x0BFC      	DECFSZ     R12, 1
0x0169	0x2966      	GOTO       L_read_sensor_data56
0x016A	0x0BFB      	DECFSZ     R11, 1
0x016B	0x2966      	GOTO       L_read_sensor_data56
0x016C	0x0000      	NOP
;ventilatorv1_2.c,320 :: 		p_1  =  ADC_Read(6);
0x016D	0x3006      	MOVLW      6
0x016E	0x00D7      	MOVWF      FARG_ADC_Read_channel
0x016F	0x208C      	CALL       _ADC_Read
0x0170	0x0870      	MOVF       R0, 0
0x0171	0x1283      	BCF        STATUS, 5
0x0172	0x00BC      	MOVWF      _p_1
0x0173	0x0871      	MOVF       R0+1, 0
0x0174	0x00BD      	MOVWF      _p_1+1
;ventilatorv1_2.c,321 :: 		delay_ms(100);
0x0175	0x3002      	MOVLW      2
0x0176	0x00FB      	MOVWF      R11
0x0177	0x3004      	MOVLW      4
0x0178	0x00FC      	MOVWF      R12
0x0179	0x30BA      	MOVLW      186
0x017A	0x00FD      	MOVWF      R13
L_read_sensor_data57:
0x017B	0x0BFD      	DECFSZ     R13, 1
0x017C	0x297B      	GOTO       L_read_sensor_data57
0x017D	0x0BFC      	DECFSZ     R12, 1
0x017E	0x297B      	GOTO       L_read_sensor_data57
0x017F	0x0BFB      	DECFSZ     R11, 1
0x0180	0x297B      	GOTO       L_read_sensor_data57
0x0181	0x0000      	NOP
;ventilatorv1_2.c,322 :: 		p_2  =  ADC_Read(7);
0x0182	0x3007      	MOVLW      7
0x0183	0x00D7      	MOVWF      FARG_ADC_Read_channel
0x0184	0x208C      	CALL       _ADC_Read
0x0185	0x0870      	MOVF       R0, 0
0x0186	0x1283      	BCF        STATUS, 5
0x0187	0x00C0      	MOVWF      _p_2
0x0188	0x0871      	MOVF       R0+1, 0
0x0189	0x00C1      	MOVWF      _p_2+1
;ventilatorv1_2.c,323 :: 		delay_ms(100);
0x018A	0x3002      	MOVLW      2
0x018B	0x00FB      	MOVWF      R11
0x018C	0x3004      	MOVLW      4
0x018D	0x00FC      	MOVWF      R12
0x018E	0x30BA      	MOVLW      186
0x018F	0x00FD      	MOVWF      R13
L_read_sensor_data58:
0x0190	0x0BFD      	DECFSZ     R13, 1
0x0191	0x2990      	GOTO       L_read_sensor_data58
0x0192	0x0BFC      	DECFSZ     R12, 1
0x0193	0x2990      	GOTO       L_read_sensor_data58
0x0194	0x0BFB      	DECFSZ     R11, 1
0x0195	0x2990      	GOTO       L_read_sensor_data58
0x0196	0x0000      	NOP
;ventilatorv1_2.c,324 :: 		}
L_end_read_sensor_data:
0x0197	0x0008      	RETURN
; end of _read_sensor_data
_selftest:
;ventilatorv1_2.c,285 :: 		void selftest(){
;ventilatorv1_2.c,295 :: 		testl=1;                                        //test led on
0x0198	0x1283      	BCF        STATUS, 5
0x0199	0x1303      	BCF        STATUS, 6
0x019A	0x1588      	BSF        PORTD, 3
;ventilatorv1_2.c,304 :: 		}
L_selftest48:
;ventilatorv1_2.c,305 :: 		}
L_end_selftest:
0x019B	0x0008      	RETURN
; end of _selftest
_switches:
;ventilatorv1_2.c,132 :: 		void switches(){
;ventilatorv1_2.c,134 :: 		if (Button(&PORTB, 6, 1, 0)) {               // Detect logical zero
0x019C	0x3006      	MOVLW      PORTB
0x019D	0x1283      	BCF        STATUS, 5
0x019E	0x1303      	BCF        STATUS, 6
0x019F	0x00D7      	MOVWF      FARG_Button_port
0x01A0	0x3006      	MOVLW      6
0x01A1	0x00D8      	MOVWF      FARG_Button_pin
0x01A2	0x3001      	MOVLW      1
0x01A3	0x00D9      	MOVWF      FARG_Button_time_ms
0x01A4	0x01DA      	CLRF       FARG_Button_active_state
0x01A5	0x2053      	CALL       _Button
0x01A6	0x0870      	MOVF       R0, 0
0x01A7	0x1903      	BTFSC      STATUS, 2
0x01A8	0x29AA      	GOTO       L_switches5
;ventilatorv1_2.c,135 :: 		oldbpmup = 1;                              // Update flag
0x01A9	0x14CF      	BSF        _oldbpmup, BitPos(_oldbpmup+0)
;ventilatorv1_2.c,136 :: 		}
L_switches5:
;ventilatorv1_2.c,137 :: 		if (oldbpmup && Button(&PORTB, 6, 1, 1)) {   // Detect zero-to-one transition
0x01AA	0x1CCF      	BTFSS      _oldbpmup, BitPos(_oldbpmup+0)
0x01AB	0x29D4      	GOTO       L_switches8
0x01AC	0x3006      	MOVLW      PORTB
0x01AD	0x00D7      	MOVWF      FARG_Button_port
0x01AE	0x3006      	MOVLW      6
0x01AF	0x00D8      	MOVWF      FARG_Button_pin
0x01B0	0x3001      	MOVLW      1
0x01B1	0x00D9      	MOVWF      FARG_Button_time_ms
0x01B2	0x3001      	MOVLW      1
0x01B3	0x00DA      	MOVWF      FARG_Button_active_state
0x01B4	0x2053      	CALL       _Button
0x01B5	0x0870      	MOVF       R0, 0
0x01B6	0x1903      	BTFSC      STATUS, 2
0x01B7	0x29D4      	GOTO       L_switches8
L__switches67:
;ventilatorv1_2.c,138 :: 		oldbpmup = 0;                            // Update flag
0x01B8	0x10CF      	BCF        _oldbpmup, BitPos(_oldbpmup+0)
;ventilatorv1_2.c,139 :: 		bpmv++;                                //increment bpm level
0x01B9	0x0AB8      	INCF       _bpmv, 1
0x01BA	0x1903      	BTFSC      STATUS, 2
0x01BB	0x0AB9      	INCF       _bpmv+1, 1
;ventilatorv1_2.c,141 :: 		if(bpmv>16){                     //limit bpm value
0x01BC	0x0839      	MOVF       _bpmv+1, 0
0x01BD	0x3C00      	SUBLW      0
0x01BE	0x1D03      	BTFSS      STATUS, 2
0x01BF	0x29C2      	GOTO       L__switches80
0x01C0	0x0838      	MOVF       _bpmv, 0
0x01C1	0x3C10      	SUBLW      16
L__switches80:
0x01C2	0x1803      	BTFSC      STATUS, 0
0x01C3	0x29C8      	GOTO       L_switches9
;ventilatorv1_2.c,142 :: 		bpmv=16;
0x01C4	0x3010      	MOVLW      16
0x01C5	0x00B8      	MOVWF      _bpmv
0x01C6	0x3000      	MOVLW      0
0x01C7	0x00B9      	MOVWF      _bpmv+1
;ventilatorv1_2.c,143 :: 		}
L_switches9:
;ventilatorv1_2.c,144 :: 		if(bpmv<12){
0x01C8	0x3000      	MOVLW      0
0x01C9	0x0239      	SUBWF      _bpmv+1, 0
0x01CA	0x1D03      	BTFSS      STATUS, 2
0x01CB	0x29CE      	GOTO       L__switches81
0x01CC	0x300C      	MOVLW      12
0x01CD	0x0238      	SUBWF      _bpmv, 0
L__switches81:
0x01CE	0x1803      	BTFSC      STATUS, 0
0x01CF	0x29D4      	GOTO       L_switches10
;ventilatorv1_2.c,145 :: 		bpmv=12;
0x01D0	0x300C      	MOVLW      12
0x01D1	0x00B8      	MOVWF      _bpmv
0x01D2	0x3000      	MOVLW      0
0x01D3	0x00B9      	MOVWF      _bpmv+1
;ventilatorv1_2.c,146 :: 		}
L_switches10:
;ventilatorv1_2.c,149 :: 		}
L_switches8:
;ventilatorv1_2.c,151 :: 		if (Button(&PORTB, 7, 1, 0)) {               // Detect logical zero
0x01D4	0x3006      	MOVLW      PORTB
0x01D5	0x00D7      	MOVWF      FARG_Button_port
0x01D6	0x3007      	MOVLW      7
0x01D7	0x00D8      	MOVWF      FARG_Button_pin
0x01D8	0x3001      	MOVLW      1
0x01D9	0x00D9      	MOVWF      FARG_Button_time_ms
0x01DA	0x01DA      	CLRF       FARG_Button_active_state
0x01DB	0x2053      	CALL       _Button
0x01DC	0x0870      	MOVF       R0, 0
0x01DD	0x1903      	BTFSC      STATUS, 2
0x01DE	0x29E0      	GOTO       L_switches11
;ventilatorv1_2.c,152 :: 		oldbpmdown = 1;                              // Update flag
0x01DF	0x154F      	BSF        _oldbpmdown, BitPos(_oldbpmdown+0)
;ventilatorv1_2.c,153 :: 		}
L_switches11:
;ventilatorv1_2.c,154 :: 		if (oldbpmdown && Button(&PORTB, 7, 1, 1)) {   // Detect zero-to-one transition
0x01E0	0x1D4F      	BTFSS      _oldbpmdown, BitPos(_oldbpmdown+0)
0x01E1	0x2A0B      	GOTO       L_switches14
0x01E2	0x3006      	MOVLW      PORTB
0x01E3	0x00D7      	MOVWF      FARG_Button_port
0x01E4	0x3007      	MOVLW      7
0x01E5	0x00D8      	MOVWF      FARG_Button_pin
0x01E6	0x3001      	MOVLW      1
0x01E7	0x00D9      	MOVWF      FARG_Button_time_ms
0x01E8	0x3001      	MOVLW      1
0x01E9	0x00DA      	MOVWF      FARG_Button_active_state
0x01EA	0x2053      	CALL       _Button
0x01EB	0x0870      	MOVF       R0, 0
0x01EC	0x1903      	BTFSC      STATUS, 2
0x01ED	0x2A0B      	GOTO       L_switches14
L__switches66:
;ventilatorv1_2.c,155 :: 		oldbpmdown = 0;                           // Update flag
0x01EE	0x114F      	BCF        _oldbpmdown, BitPos(_oldbpmdown+0)
;ventilatorv1_2.c,157 :: 		bpmv--;                                      //decrement bpm value
0x01EF	0x3001      	MOVLW      1
0x01F0	0x02B8      	SUBWF      _bpmv, 1
0x01F1	0x1C03      	BTFSS      STATUS, 0
0x01F2	0x03B9      	DECF       _bpmv+1, 1
;ventilatorv1_2.c,158 :: 		if(bpmv>16){                                 //limit bpm value
0x01F3	0x0839      	MOVF       _bpmv+1, 0
0x01F4	0x3C00      	SUBLW      0
0x01F5	0x1D03      	BTFSS      STATUS, 2
0x01F6	0x29F9      	GOTO       L__switches82
0x01F7	0x0838      	MOVF       _bpmv, 0
0x01F8	0x3C10      	SUBLW      16
L__switches82:
0x01F9	0x1803      	BTFSC      STATUS, 0
0x01FA	0x29FF      	GOTO       L_switches15
;ventilatorv1_2.c,159 :: 		bpmv=16;
0x01FB	0x3010      	MOVLW      16
0x01FC	0x00B8      	MOVWF      _bpmv
0x01FD	0x3000      	MOVLW      0
0x01FE	0x00B9      	MOVWF      _bpmv+1
;ventilatorv1_2.c,160 :: 		}
L_switches15:
;ventilatorv1_2.c,161 :: 		if(bpmv<12){
0x01FF	0x3000      	MOVLW      0
0x0200	0x0239      	SUBWF      _bpmv+1, 0
0x0201	0x1D03      	BTFSS      STATUS, 2
0x0202	0x2A05      	GOTO       L__switches83
0x0203	0x300C      	MOVLW      12
0x0204	0x0238      	SUBWF      _bpmv, 0
L__switches83:
0x0205	0x1803      	BTFSC      STATUS, 0
0x0206	0x2A0B      	GOTO       L_switches16
;ventilatorv1_2.c,162 :: 		bpmv=12;
0x0207	0x300C      	MOVLW      12
0x0208	0x00B8      	MOVWF      _bpmv
0x0209	0x3000      	MOVLW      0
0x020A	0x00B9      	MOVWF      _bpmv+1
;ventilatorv1_2.c,163 :: 		}
L_switches16:
;ventilatorv1_2.c,166 :: 		}
L_switches14:
;ventilatorv1_2.c,171 :: 		if (Button(&PORTB, 4, 1, 0)) {               // Detect logical zero
0x020B	0x3006      	MOVLW      PORTB
0x020C	0x00D7      	MOVWF      FARG_Button_port
0x020D	0x3004      	MOVLW      4
0x020E	0x00D8      	MOVWF      FARG_Button_pin
0x020F	0x3001      	MOVLW      1
0x0210	0x00D9      	MOVWF      FARG_Button_time_ms
0x0211	0x01DA      	CLRF       FARG_Button_active_state
0x0212	0x2053      	CALL       _Button
0x0213	0x0870      	MOVF       R0, 0
0x0214	0x1903      	BTFSC      STATUS, 2
0x0215	0x2A17      	GOTO       L_switches17
;ventilatorv1_2.c,172 :: 		oldvolup = 1;                              // Update flag
0x0216	0x15CF      	BSF        _oldvolup, BitPos(_oldvolup+0)
;ventilatorv1_2.c,173 :: 		}
L_switches17:
;ventilatorv1_2.c,174 :: 		if (oldvolup && Button(&PORTB, 4, 1, 1)) {   // Detect zero-to-one transition
0x0217	0x1DCF      	BTFSS      _oldvolup, BitPos(_oldvolup+0)
0x0218	0x2A49      	GOTO       L_switches20
0x0219	0x3006      	MOVLW      PORTB
0x021A	0x00D7      	MOVWF      FARG_Button_port
0x021B	0x3004      	MOVLW      4
0x021C	0x00D8      	MOVWF      FARG_Button_pin
0x021D	0x3001      	MOVLW      1
0x021E	0x00D9      	MOVWF      FARG_Button_time_ms
0x021F	0x3001      	MOVLW      1
0x0220	0x00DA      	MOVWF      FARG_Button_active_state
0x0221	0x2053      	CALL       _Button
0x0222	0x0870      	MOVF       R0, 0
0x0223	0x1903      	BTFSC      STATUS, 2
0x0224	0x2A49      	GOTO       L_switches20
L__switches65:
;ventilatorv1_2.c,175 :: 		oldvolup = 0;                    // Update flag
0x0225	0x11CF      	BCF        _oldvolup, BitPos(_oldvolup+0)
;ventilatorv1_2.c,177 :: 		vol=vol+50;              //increment volume level by 50
0x0226	0x3032      	MOVLW      50
0x0227	0x073A      	ADDWF      _vol, 0
0x0228	0x00F1      	MOVWF      R1
0x0229	0x083B      	MOVF       _vol+1, 0
0x022A	0x1803      	BTFSC      STATUS, 0
0x022B	0x3E01      	ADDLW      1
0x022C	0x00F2      	MOVWF      R1+1
0x022D	0x0871      	MOVF       R1, 0
0x022E	0x00BA      	MOVWF      _vol
0x022F	0x0872      	MOVF       R1+1, 0
0x0230	0x00BB      	MOVWF      _vol+1
;ventilatorv1_2.c,178 :: 		if(vol>550){                                         //limit volume level
0x0231	0x0872      	MOVF       R1+1, 0
0x0232	0x3C02      	SUBLW      2
0x0233	0x1D03      	BTFSS      STATUS, 2
0x0234	0x2A37      	GOTO       L__switches84
0x0235	0x0871      	MOVF       R1, 0
0x0236	0x3C26      	SUBLW      38
L__switches84:
0x0237	0x1803      	BTFSC      STATUS, 0
0x0238	0x2A3D      	GOTO       L_switches21
;ventilatorv1_2.c,179 :: 		vol=550;
0x0239	0x3026      	MOVLW      38
0x023A	0x00BA      	MOVWF      _vol
0x023B	0x3002      	MOVLW      2
0x023C	0x00BB      	MOVWF      _vol+1
;ventilatorv1_2.c,180 :: 		}
L_switches21:
;ventilatorv1_2.c,181 :: 		if(vol<450){
0x023D	0x3001      	MOVLW      1
0x023E	0x023B      	SUBWF      _vol+1, 0
0x023F	0x1D03      	BTFSS      STATUS, 2
0x0240	0x2A43      	GOTO       L__switches85
0x0241	0x30C2      	MOVLW      194
0x0242	0x023A      	SUBWF      _vol, 0
L__switches85:
0x0243	0x1803      	BTFSC      STATUS, 0
0x0244	0x2A49      	GOTO       L_switches22
;ventilatorv1_2.c,182 :: 		vol=450;
0x0245	0x30C2      	MOVLW      194
0x0246	0x00BA      	MOVWF      _vol
0x0247	0x3001      	MOVLW      1
0x0248	0x00BB      	MOVWF      _vol+1
;ventilatorv1_2.c,183 :: 		}
L_switches22:
;ventilatorv1_2.c,185 :: 		}
L_switches20:
;ventilatorv1_2.c,187 :: 		if (Button(&PORTB, 5, 1, 0)) {               // Detect logical zero
0x0249	0x3006      	MOVLW      PORTB
0x024A	0x00D7      	MOVWF      FARG_Button_port
0x024B	0x3005      	MOVLW      5
0x024C	0x00D8      	MOVWF      FARG_Button_pin
0x024D	0x3001      	MOVLW      1
0x024E	0x00D9      	MOVWF      FARG_Button_time_ms
0x024F	0x01DA      	CLRF       FARG_Button_active_state
0x0250	0x2053      	CALL       _Button
0x0251	0x0870      	MOVF       R0, 0
0x0252	0x1903      	BTFSC      STATUS, 2
0x0253	0x2A55      	GOTO       L_switches23
;ventilatorv1_2.c,188 :: 		oldvoldown = 1;                              // Update flag
0x0254	0x144F      	BSF        _oldvoldown, BitPos(_oldvoldown+0)
;ventilatorv1_2.c,189 :: 		}
L_switches23:
;ventilatorv1_2.c,190 :: 		if (oldvoldown && Button(&PORTB, 5, 1, 1)) {   // Detect zero-to-one transition
0x0255	0x1C4F      	BTFSS      _oldvoldown, BitPos(_oldvoldown+0)
0x0256	0x2A88      	GOTO       L_switches26
0x0257	0x3006      	MOVLW      PORTB
0x0258	0x00D7      	MOVWF      FARG_Button_port
0x0259	0x3005      	MOVLW      5
0x025A	0x00D8      	MOVWF      FARG_Button_pin
0x025B	0x3001      	MOVLW      1
0x025C	0x00D9      	MOVWF      FARG_Button_time_ms
0x025D	0x3001      	MOVLW      1
0x025E	0x00DA      	MOVWF      FARG_Button_active_state
0x025F	0x2053      	CALL       _Button
0x0260	0x0870      	MOVF       R0, 0
0x0261	0x1903      	BTFSC      STATUS, 2
0x0262	0x2A88      	GOTO       L_switches26
L__switches64:
;ventilatorv1_2.c,191 :: 		oldvoldown = 0;                                   // Update flag
0x0263	0x104F      	BCF        _oldvoldown, BitPos(_oldvoldown+0)
;ventilatorv1_2.c,193 :: 		vol=vol-50;                                         //decrement volume level
0x0264	0x3032      	MOVLW      50
0x0265	0x023A      	SUBWF      _vol, 0
0x0266	0x00F1      	MOVWF      R1
0x0267	0x3000      	MOVLW      0
0x0268	0x1C03      	BTFSS      STATUS, 0
0x0269	0x3E01      	ADDLW      1
0x026A	0x023B      	SUBWF      _vol+1, 0
0x026B	0x00F2      	MOVWF      R1+1
0x026C	0x0871      	MOVF       R1, 0
0x026D	0x00BA      	MOVWF      _vol
0x026E	0x0872      	MOVF       R1+1, 0
0x026F	0x00BB      	MOVWF      _vol+1
;ventilatorv1_2.c,194 :: 		if(vol>550){                                         //limit volume level
0x0270	0x0872      	MOVF       R1+1, 0
0x0271	0x3C02      	SUBLW      2
0x0272	0x1D03      	BTFSS      STATUS, 2
0x0273	0x2A76      	GOTO       L__switches86
0x0274	0x0871      	MOVF       R1, 0
0x0275	0x3C26      	SUBLW      38
L__switches86:
0x0276	0x1803      	BTFSC      STATUS, 0
0x0277	0x2A7C      	GOTO       L_switches27
;ventilatorv1_2.c,195 :: 		vol=550;
0x0278	0x3026      	MOVLW      38
0x0279	0x00BA      	MOVWF      _vol
0x027A	0x3002      	MOVLW      2
0x027B	0x00BB      	MOVWF      _vol+1
;ventilatorv1_2.c,196 :: 		}
L_switches27:
;ventilatorv1_2.c,197 :: 		if(vol<450){
0x027C	0x3001      	MOVLW      1
0x027D	0x023B      	SUBWF      _vol+1, 0
0x027E	0x1D03      	BTFSS      STATUS, 2
0x027F	0x2A82      	GOTO       L__switches87
0x0280	0x30C2      	MOVLW      194
0x0281	0x023A      	SUBWF      _vol, 0
L__switches87:
0x0282	0x1803      	BTFSC      STATUS, 0
0x0283	0x2A88      	GOTO       L_switches28
;ventilatorv1_2.c,198 :: 		vol=450;
0x0284	0x30C2      	MOVLW      194
0x0285	0x00BA      	MOVWF      _vol
0x0286	0x3001      	MOVLW      1
0x0287	0x00BB      	MOVWF      _vol+1
;ventilatorv1_2.c,199 :: 		}
L_switches28:
;ventilatorv1_2.c,202 :: 		}
L_switches26:
;ventilatorv1_2.c,205 :: 		if ( !startstatus  && Button(&PORTC, 6, 1, 0)) {               // Detect logical zero
0x0288	0x0824      	MOVF       _startstatus, 0
0x0289	0x0425      	IORWF      _startstatus+1, 0
0x028A	0x1D03      	BTFSS      STATUS, 2
0x028B	0x2A9C      	GOTO       L_switches31
0x028C	0x3007      	MOVLW      PORTC
0x028D	0x00D7      	MOVWF      FARG_Button_port
0x028E	0x3006      	MOVLW      6
0x028F	0x00D8      	MOVWF      FARG_Button_pin
0x0290	0x3001      	MOVLW      1
0x0291	0x00D9      	MOVWF      FARG_Button_time_ms
0x0292	0x01DA      	CLRF       FARG_Button_active_state
0x0293	0x2053      	CALL       _Button
0x0294	0x0870      	MOVF       R0, 0
0x0295	0x1903      	BTFSC      STATUS, 2
0x0296	0x2A9C      	GOTO       L_switches31
L__switches63:
;ventilatorv1_2.c,207 :: 		startl=1;                                      //led indicator
0x0297	0x1608      	BSF        PORTD, 4
;ventilatorv1_2.c,208 :: 		startstatus = 1;                              // Update flag
0x0298	0x3001      	MOVLW      1
0x0299	0x00A4      	MOVWF      _startstatus
0x029A	0x3000      	MOVLW      0
0x029B	0x00A5      	MOVWF      _startstatus+1
;ventilatorv1_2.c,209 :: 		}
L_switches31:
;ventilatorv1_2.c,210 :: 		if (startstatus && Button(&PORTC, 7, 1, 0)) {   // Detect logical zero
0x029C	0x0824      	MOVF       _startstatus, 0
0x029D	0x0425      	IORWF      _startstatus+1, 0
0x029E	0x1903      	BTFSC      STATUS, 2
0x029F	0x2AAE      	GOTO       L_switches34
0x02A0	0x3007      	MOVLW      PORTC
0x02A1	0x00D7      	MOVWF      FARG_Button_port
0x02A2	0x3007      	MOVLW      7
0x02A3	0x00D8      	MOVWF      FARG_Button_pin
0x02A4	0x3001      	MOVLW      1
0x02A5	0x00D9      	MOVWF      FARG_Button_time_ms
0x02A6	0x01DA      	CLRF       FARG_Button_active_state
0x02A7	0x2053      	CALL       _Button
0x02A8	0x0870      	MOVF       R0, 0
0x02A9	0x1903      	BTFSC      STATUS, 2
0x02AA	0x2AAE      	GOTO       L_switches34
L__switches62:
;ventilatorv1_2.c,212 :: 		startl=0;                                    //led indicator
0x02AB	0x1208      	BCF        PORTD, 4
;ventilatorv1_2.c,213 :: 		startstatus = 0;               // Update flag
0x02AC	0x01A4      	CLRF       _startstatus
0x02AD	0x01A5      	CLRF       _startstatus+1
;ventilatorv1_2.c,214 :: 		}
L_switches34:
;ventilatorv1_2.c,218 :: 		switch (vol){                       //led value for each volume level
0x02AE	0x2ACA      	GOTO       L_switches35
;ventilatorv1_2.c,219 :: 		case 450:
L_switches37:
;ventilatorv1_2.c,220 :: 		led[5]=1;
0x02AF	0x3001      	MOVLW      1
0x02B0	0x00B0      	MOVWF      _led+10
0x02B1	0x3000      	MOVLW      0
0x02B2	0x00B1      	MOVWF      _led+11
;ventilatorv1_2.c,221 :: 		led[6]=0;
0x02B3	0x01B2      	CLRF       _led+12
0x02B4	0x01B3      	CLRF       _led+13
;ventilatorv1_2.c,222 :: 		led[7]=0;
0x02B5	0x01B4      	CLRF       _led+14
0x02B6	0x01B5      	CLRF       _led+15
;ventilatorv1_2.c,224 :: 		break;
0x02B7	0x2AE2      	GOTO       L_switches36
;ventilatorv1_2.c,225 :: 		case 500:
L_switches38:
;ventilatorv1_2.c,226 :: 		led[5]=0;
0x02B8	0x01B0      	CLRF       _led+10
0x02B9	0x01B1      	CLRF       _led+11
;ventilatorv1_2.c,227 :: 		led[6]=1;
0x02BA	0x3001      	MOVLW      1
0x02BB	0x00B2      	MOVWF      _led+12
0x02BC	0x3000      	MOVLW      0
0x02BD	0x00B3      	MOVWF      _led+13
;ventilatorv1_2.c,228 :: 		led[7]=0;
0x02BE	0x01B4      	CLRF       _led+14
0x02BF	0x01B5      	CLRF       _led+15
;ventilatorv1_2.c,230 :: 		break;
0x02C0	0x2AE2      	GOTO       L_switches36
;ventilatorv1_2.c,231 :: 		case 550:
L_switches39:
;ventilatorv1_2.c,232 :: 		led[5]=0;
0x02C1	0x01B0      	CLRF       _led+10
0x02C2	0x01B1      	CLRF       _led+11
;ventilatorv1_2.c,233 :: 		led[6]=0;
0x02C3	0x01B2      	CLRF       _led+12
0x02C4	0x01B3      	CLRF       _led+13
;ventilatorv1_2.c,234 :: 		led[7]=1;
0x02C5	0x3001      	MOVLW      1
0x02C6	0x00B4      	MOVWF      _led+14
0x02C7	0x3000      	MOVLW      0
0x02C8	0x00B5      	MOVWF      _led+15
;ventilatorv1_2.c,236 :: 		break;
0x02C9	0x2AE2      	GOTO       L_switches36
;ventilatorv1_2.c,238 :: 		}
L_switches35:
0x02CA	0x083B      	MOVF       _vol+1, 0
0x02CB	0x3A01      	XORLW      1
0x02CC	0x1D03      	BTFSS      STATUS, 2
0x02CD	0x2AD0      	GOTO       L__switches88
0x02CE	0x30C2      	MOVLW      194
0x02CF	0x063A      	XORWF      _vol, 0
L__switches88:
0x02D0	0x1903      	BTFSC      STATUS, 2
0x02D1	0x2AAF      	GOTO       L_switches37
0x02D2	0x083B      	MOVF       _vol+1, 0
0x02D3	0x3A01      	XORLW      1
0x02D4	0x1D03      	BTFSS      STATUS, 2
0x02D5	0x2AD8      	GOTO       L__switches89
0x02D6	0x30F4      	MOVLW      244
0x02D7	0x063A      	XORWF      _vol, 0
L__switches89:
0x02D8	0x1903      	BTFSC      STATUS, 2
0x02D9	0x2AB8      	GOTO       L_switches38
0x02DA	0x083B      	MOVF       _vol+1, 0
0x02DB	0x3A02      	XORLW      2
0x02DC	0x1D03      	BTFSS      STATUS, 2
0x02DD	0x2AE0      	GOTO       L__switches90
0x02DE	0x3026      	MOVLW      38
0x02DF	0x063A      	XORWF      _vol, 0
L__switches90:
0x02E0	0x1903      	BTFSC      STATUS, 2
0x02E1	0x2AC1      	GOTO       L_switches39
L_switches36:
;ventilatorv1_2.c,240 :: 		switch (bpmv){                           //led value for each bpm value
0x02E2	0x2B24      	GOTO       L_switches40
;ventilatorv1_2.c,241 :: 		case 12:
L_switches42:
;ventilatorv1_2.c,242 :: 		led[0]=1;
0x02E3	0x3001      	MOVLW      1
0x02E4	0x00A6      	MOVWF      _led
0x02E5	0x3000      	MOVLW      0
0x02E6	0x00A7      	MOVWF      _led+1
;ventilatorv1_2.c,243 :: 		led[1]=0;
0x02E7	0x01A8      	CLRF       _led+2
0x02E8	0x01A9      	CLRF       _led+3
;ventilatorv1_2.c,244 :: 		led[2]=0;
0x02E9	0x01AA      	CLRF       _led+4
0x02EA	0x01AB      	CLRF       _led+5
;ventilatorv1_2.c,245 :: 		led[3]=0;
0x02EB	0x01AC      	CLRF       _led+6
0x02EC	0x01AD      	CLRF       _led+7
;ventilatorv1_2.c,246 :: 		led[4]=0;
0x02ED	0x01AE      	CLRF       _led+8
0x02EE	0x01AF      	CLRF       _led+9
;ventilatorv1_2.c,247 :: 		break;
0x02EF	0x2B4C      	GOTO       L_switches41
;ventilatorv1_2.c,248 :: 		case 13:
L_switches43:
;ventilatorv1_2.c,249 :: 		led[0]=0;
0x02F0	0x01A6      	CLRF       _led
0x02F1	0x01A7      	CLRF       _led+1
;ventilatorv1_2.c,250 :: 		led[1]=1;
0x02F2	0x3001      	MOVLW      1
0x02F3	0x00A8      	MOVWF      _led+2
0x02F4	0x3000      	MOVLW      0
0x02F5	0x00A9      	MOVWF      _led+3
;ventilatorv1_2.c,251 :: 		led[2]=0;
0x02F6	0x01AA      	CLRF       _led+4
0x02F7	0x01AB      	CLRF       _led+5
;ventilatorv1_2.c,252 :: 		led[3]=0;
0x02F8	0x01AC      	CLRF       _led+6
0x02F9	0x01AD      	CLRF       _led+7
;ventilatorv1_2.c,253 :: 		led[4]=0;
0x02FA	0x01AE      	CLRF       _led+8
0x02FB	0x01AF      	CLRF       _led+9
;ventilatorv1_2.c,254 :: 		break;
0x02FC	0x2B4C      	GOTO       L_switches41
;ventilatorv1_2.c,255 :: 		case 14:
L_switches44:
;ventilatorv1_2.c,256 :: 		led[0]=0;
0x02FD	0x01A6      	CLRF       _led
0x02FE	0x01A7      	CLRF       _led+1
;ventilatorv1_2.c,257 :: 		led[1]=0;
0x02FF	0x01A8      	CLRF       _led+2
0x0300	0x01A9      	CLRF       _led+3
;ventilatorv1_2.c,258 :: 		led[2]=1;
0x0301	0x3001      	MOVLW      1
0x0302	0x00AA      	MOVWF      _led+4
0x0303	0x3000      	MOVLW      0
0x0304	0x00AB      	MOVWF      _led+5
;ventilatorv1_2.c,259 :: 		led[3]=0;
0x0305	0x01AC      	CLRF       _led+6
0x0306	0x01AD      	CLRF       _led+7
;ventilatorv1_2.c,260 :: 		led[4]=0;
0x0307	0x01AE      	CLRF       _led+8
0x0308	0x01AF      	CLRF       _led+9
;ventilatorv1_2.c,261 :: 		break;
0x0309	0x2B4C      	GOTO       L_switches41
;ventilatorv1_2.c,262 :: 		case 15:
L_switches45:
;ventilatorv1_2.c,263 :: 		led[0]=0;
0x030A	0x01A6      	CLRF       _led
0x030B	0x01A7      	CLRF       _led+1
;ventilatorv1_2.c,264 :: 		led[1]=0;
0x030C	0x01A8      	CLRF       _led+2
0x030D	0x01A9      	CLRF       _led+3
;ventilatorv1_2.c,265 :: 		led[2]=0;
0x030E	0x01AA      	CLRF       _led+4
0x030F	0x01AB      	CLRF       _led+5
;ventilatorv1_2.c,266 :: 		led[3]=1;
0x0310	0x3001      	MOVLW      1
0x0311	0x00AC      	MOVWF      _led+6
0x0312	0x3000      	MOVLW      0
0x0313	0x00AD      	MOVWF      _led+7
;ventilatorv1_2.c,267 :: 		led[4]=0;
0x0314	0x01AE      	CLRF       _led+8
0x0315	0x01AF      	CLRF       _led+9
;ventilatorv1_2.c,268 :: 		break;
0x0316	0x2B4C      	GOTO       L_switches41
;ventilatorv1_2.c,269 :: 		case 16:
L_switches46:
;ventilatorv1_2.c,270 :: 		led[0]=0;
0x0317	0x01A6      	CLRF       _led
0x0318	0x01A7      	CLRF       _led+1
;ventilatorv1_2.c,271 :: 		led[1]=0;
0x0319	0x01A8      	CLRF       _led+2
0x031A	0x01A9      	CLRF       _led+3
;ventilatorv1_2.c,272 :: 		led[2]=0;
0x031B	0x01AA      	CLRF       _led+4
0x031C	0x01AB      	CLRF       _led+5
;ventilatorv1_2.c,273 :: 		led[3]=0;
0x031D	0x01AC      	CLRF       _led+6
0x031E	0x01AD      	CLRF       _led+7
;ventilatorv1_2.c,274 :: 		led[4]=1;
0x031F	0x3001      	MOVLW      1
0x0320	0x00AE      	MOVWF      _led+8
0x0321	0x3000      	MOVLW      0
0x0322	0x00AF      	MOVWF      _led+9
;ventilatorv1_2.c,275 :: 		break;
0x0323	0x2B4C      	GOTO       L_switches41
;ventilatorv1_2.c,276 :: 		}
L_switches40:
0x0324	0x3000      	MOVLW      0
0x0325	0x0639      	XORWF      _bpmv+1, 0
0x0326	0x1D03      	BTFSS      STATUS, 2
0x0327	0x2B2A      	GOTO       L__switches91
0x0328	0x300C      	MOVLW      12
0x0329	0x0638      	XORWF      _bpmv, 0
L__switches91:
0x032A	0x1903      	BTFSC      STATUS, 2
0x032B	0x2AE3      	GOTO       L_switches42
0x032C	0x3000      	MOVLW      0
0x032D	0x0639      	XORWF      _bpmv+1, 0
0x032E	0x1D03      	BTFSS      STATUS, 2
0x032F	0x2B32      	GOTO       L__switches92
0x0330	0x300D      	MOVLW      13
0x0331	0x0638      	XORWF      _bpmv, 0
L__switches92:
0x0332	0x1903      	BTFSC      STATUS, 2
0x0333	0x2AF0      	GOTO       L_switches43
0x0334	0x3000      	MOVLW      0
0x0335	0x0639      	XORWF      _bpmv+1, 0
0x0336	0x1D03      	BTFSS      STATUS, 2
0x0337	0x2B3A      	GOTO       L__switches93
0x0338	0x300E      	MOVLW      14
0x0339	0x0638      	XORWF      _bpmv, 0
L__switches93:
0x033A	0x1903      	BTFSC      STATUS, 2
0x033B	0x2AFD      	GOTO       L_switches44
0x033C	0x3000      	MOVLW      0
0x033D	0x0639      	XORWF      _bpmv+1, 0
0x033E	0x1D03      	BTFSS      STATUS, 2
0x033F	0x2B42      	GOTO       L__switches94
0x0340	0x300F      	MOVLW      15
0x0341	0x0638      	XORWF      _bpmv, 0
L__switches94:
0x0342	0x1903      	BTFSC      STATUS, 2
0x0343	0x2B0A      	GOTO       L_switches45
0x0344	0x3000      	MOVLW      0
0x0345	0x0639      	XORWF      _bpmv+1, 0
0x0346	0x1D03      	BTFSS      STATUS, 2
0x0347	0x2B4A      	GOTO       L__switches95
0x0348	0x3010      	MOVLW      16
0x0349	0x0638      	XORWF      _bpmv, 0
L__switches95:
0x034A	0x1903      	BTFSC      STATUS, 2
0x034B	0x2B17      	GOTO       L_switches46
L_switches41:
;ventilatorv1_2.c,278 :: 		shiftdata595(led);                  //send out led data
0x034C	0x3026      	MOVLW      _led
0x034D	0x00D7      	MOVWF      FARG_shiftdata595__shiftdata
0x034E	0x20BB      	CALL       _shiftdata595
;ventilatorv1_2.c,279 :: 		latch595();
0x034F	0x20B4      	CALL       _latch595
;ventilatorv1_2.c,282 :: 		}
L_end_switches:
0x0350	0x0008      	RETURN
; end of _switches
_ADC_Init:
;__Lib_ADC_A_C.c,19 :: 		
;__Lib_ADC_A_C.c,20 :: 		
0x0351	0x30FF      	MOVLW      _ADC_Get_Sample
0x0352	0x1283      	BCF        STATUS, 5
0x0353	0x1303      	BCF        STATUS, 6
0x0354	0x00D0      	MOVWF      _ADC_Get_Sample_Ptr
0x0355	0x30FF      	MOVLW      hi_addr(_ADC_Get_Sample)
0x0356	0x00D1      	MOVWF      _ADC_Get_Sample_Ptr+1
0x0357	0x30FF      	MOVLW      FARG_ADC_Get_Sample_channel
0x0358	0x00D2      	MOVWF      _ADC_Get_Sample_Ptr+2
0x0359	0x30FF      	MOVLW      hi_addr(FARG_ADC_Get_Sample_channel)
;__Lib_ADC_A_C.c,22 :: 		
0x035A	0x019F      	CLRF       ADCON0
;__Lib_ADC_A_C.c,23 :: 		
0x035B	0x30C0      	MOVLW      192
0x035C	0x049F      	IORWF      ADCON0, 1
;__Lib_ADC_A_C.c,24 :: 		
0x035D	0x0942      	COMF       _vref_mask, 0
0x035E	0x00F0      	MOVWF      R0
0x035F	0x0870      	MOVF       R0, 0
0x0360	0x1683      	BSF        STATUS, 5
0x0361	0x059F      	ANDWF      ADCON1, 1
;__Lib_ADC_A_C.c,25 :: 		
0x0362	0x171F      	BSF        ADCON1, 6
;__Lib_ADC_A_C.c,26 :: 		
0x0363	0x179F      	BSF        ADCON1, 7
;__Lib_ADC_A_C.c,29 :: 		
0x0364	0x1283      	BCF        STATUS, 5
0x0365	0x141F      	BSF        ADCON0, 0
;__Lib_ADC_A_C.c,30 :: 		
L_end_ADC_Init:
0x0366	0x0008      	RETURN
; end of _ADC_Init
___CC2DW:
;__Lib_System.c,134 :: 		
;__Lib_System.c,137 :: 		
_CC2D_Loop1:
;__Lib_System.c,139 :: 		
0x0367	0x20E7      	CALL       _____DoICP
0x0368	0x118A      	BCF        PCLATH, 3
0x0369	0x120A      	BCF        PCLATH, 4
;__Lib_System.c,141 :: 		
0x036A	0x0080      	MOVWF      INDF
;__Lib_System.c,142 :: 		
0x036B	0x0A84      	INCF       FSR, 1
;__Lib_System.c,143 :: 		
0x036C	0x0AD5      	INCF       ___DoICPAddr, 1
;__Lib_System.c,145 :: 		
0x036D	0x1903      	BTFSC      STATUS, 2
;__Lib_System.c,146 :: 		
0x036E	0x0AD6      	INCF       ___DoICPAddr+1, 1
;__Lib_System.c,147 :: 		
0x036F	0x03F0      	DECF       R0, 1
;__Lib_System.c,149 :: 		
0x0370	0x1D03      	BTFSS      STATUS, 2
;__Lib_System.c,150 :: 		
0x0371	0x2B67      	GOTO       _CC2D_Loop1
;__Lib_System.c,152 :: 		
L_end___CC2DW:
0x0372	0x0008      	RETURN
; end of ___CC2DW
_main:
0x0373	0x23CE      	CALL       974
;ventilatorv1_2.c,332 :: 		void main()
;ventilatorv1_2.c,335 :: 		ADCON1 = 0x80;
0x0374	0x3080      	MOVLW      128
0x0375	0x1683      	BSF        STATUS, 5
0x0376	0x1303      	BCF        STATUS, 6
0x0377	0x009F      	MOVWF      ADCON1
;ventilatorv1_2.c,336 :: 		TRISA  = 0xFF;// PORTA is input
0x0378	0x30FF      	MOVLW      255
0x0379	0x0085      	MOVWF      TRISA
;ventilatorv1_2.c,337 :: 		PORTB=0;  // set portB as digital
0x037A	0x1283      	BCF        STATUS, 5
0x037B	0x0186      	CLRF       PORTB
;ventilatorv1_2.c,338 :: 		TRISB=0xf0;  // set portB input/outputs
0x037C	0x30F0      	MOVLW      240
0x037D	0x1683      	BSF        STATUS, 5
0x037E	0x0086      	MOVWF      TRISB
;ventilatorv1_2.c,339 :: 		PORTC=0;  // set portC as digital
0x037F	0x1283      	BCF        STATUS, 5
0x0380	0x0187      	CLRF       PORTC
;ventilatorv1_2.c,340 :: 		TRISC=0xff;  // set portC as inputs
0x0381	0x30FF      	MOVLW      255
0x0382	0x1683      	BSF        STATUS, 5
0x0383	0x0087      	MOVWF      TRISC
;ventilatorv1_2.c,341 :: 		PORTD=0x00;  // set portD as digital
0x0384	0x1283      	BCF        STATUS, 5
0x0385	0x0188      	CLRF       PORTD
;ventilatorv1_2.c,342 :: 		TRISD=0x00;  // set portD as outputs
0x0386	0x1683      	BSF        STATUS, 5
0x0387	0x0188      	CLRF       TRISD
;ventilatorv1_2.c,343 :: 		TRISE  = 0x07; // PORTE as analog input
0x0388	0x3007      	MOVLW      7
0x0389	0x0089      	MOVWF      TRISE
;ventilatorv1_2.c,344 :: 		ADC_Init();
0x038A	0x2351      	CALL       _ADC_Init
;ventilatorv1_2.c,347 :: 		ADC_Init();
0x038B	0x2351      	CALL       _ADC_Init
;ventilatorv1_2.c,349 :: 		selftest();//do self test
0x038C	0x2198      	CALL       _selftest
;ventilatorv1_2.c,351 :: 		while(1){
L_main59:
;ventilatorv1_2.c,352 :: 		read_sensor_data();
0x038D	0x20EE      	CALL       _read_sensor_data
;ventilatorv1_2.c,353 :: 		switches();
0x038E	0x219C      	CALL       _switches
;ventilatorv1_2.c,354 :: 		delay_ms(100);
0x038F	0x3002      	MOVLW      2
0x0390	0x00FB      	MOVWF      R11
0x0391	0x3004      	MOVLW      4
0x0392	0x00FC      	MOVWF      R12
0x0393	0x30BA      	MOVLW      186
0x0394	0x00FD      	MOVWF      R13
L_main61:
0x0395	0x0BFD      	DECFSZ     R13, 1
0x0396	0x2B95      	GOTO       L_main61
0x0397	0x0BFC      	DECFSZ     R12, 1
0x0398	0x2B95      	GOTO       L_main61
0x0399	0x0BFB      	DECFSZ     R11, 1
0x039A	0x2B95      	GOTO       L_main61
0x039B	0x0000      	NOP
;ventilatorv1_2.c,356 :: 		}
0x039C	0x2B8D      	GOTO       L_main59
;ventilatorv1_2.c,357 :: 		}
L_end_main:
0x039D	0x2B9D      	GOTO       $+0
; end of _main
0x03CE	0x3024      	MOVLW      36
0x03CF	0x0084      	MOVWF      FSR
0x03D0	0x302B      	MOVLW      43
0x03D1	0x1283      	BCF        STATUS, 5
0x03D2	0x1303      	BCF        STATUS, 6
0x03D3	0x00F0      	MOVWF      R0
0x03D4	0x30A3      	MOVLW      163
0x03D5	0x00D5      	MOVWF      ___DoICPAddr
0x03D6	0x3003      	MOVLW      3
0x03D7	0x00D6      	MOVWF      86
0x03D8	0x2367      	CALL       871
0x03D9	0x0008      	RETURN
;ventilatorv1_2.c,0 :: ?ICS_startstatus
0x03A3	0x3400 ;?ICS_startstatus+0
0x03A4	0x3400 ;?ICS_startstatus+1
; end of ?ICS_startstatus
;ventilatorv1_2.c,0 :: ?ICS_led
0x03A5	0x3401 ;?ICS_led+0
0x03A6	0x3400 ;?ICS_led+1
0x03A7	0x3400 ;?ICS_led+2
0x03A8	0x3400 ;?ICS_led+3
0x03A9	0x3400 ;?ICS_led+4
0x03AA	0x3400 ;?ICS_led+5
0x03AB	0x3400 ;?ICS_led+6
0x03AC	0x3400 ;?ICS_led+7
0x03AD	0x3400 ;?ICS_led+8
0x03AE	0x3400 ;?ICS_led+9
0x03AF	0x3401 ;?ICS_led+10
0x03B0	0x3400 ;?ICS_led+11
0x03B1	0x3400 ;?ICS_led+12
0x03B2	0x3400 ;?ICS_led+13
0x03B3	0x3400 ;?ICS_led+14
0x03B4	0x3400 ;?ICS_led+15
; end of ?ICS_led
;ventilatorv1_2.c,0 :: ?ICS_s4
0x03B5	0x3400 ;?ICS_s4+0
0x03B6	0x3400 ;?ICS_s4+1
; end of ?ICS_s4
;ventilatorv1_2.c,0 :: ?ICS_bpmv
0x03B7	0x340C ;?ICS_bpmv+0
0x03B8	0x3400 ;?ICS_bpmv+1
; end of ?ICS_bpmv
;ventilatorv1_2.c,0 :: ?ICS_vol
0x03B9	0x34C2 ;?ICS_vol+0
0x03BA	0x3401 ;?ICS_vol+1
; end of ?ICS_vol
;ventilatorv1_2.c,0 :: ?ICS_p_1
0x03BB	0x3400 ;?ICS_p_1+0
0x03BC	0x3400 ;?ICS_p_1+1
; end of ?ICS_p_1
;ventilatorv1_2.c,0 :: ?ICS_p3
0x03BD	0x3400 ;?ICS_p3+0
0x03BE	0x3400 ;?ICS_p3+1
; end of ?ICS_p3
;ventilatorv1_2.c,0 :: ?ICS_p_2
0x03BF	0x3400 ;?ICS_p_2+0
0x03C0	0x3400 ;?ICS_p_2+1
; end of ?ICS_p_2
;__Lib_ADC_A_C.c,0 :: ?ICS_vref_mask
0x03C1	0x340F ;?ICS_vref_mask+0
; end of ?ICS_vref_mask
;ventilatorv1_2.c,0 :: ?ICS_s9
0x03C2	0x3400 ;?ICS_s9+0
0x03C3	0x3400 ;?ICS_s9+1
; end of ?ICS_s9
;ventilatorv1_2.c,0 :: ?ICS_s10
0x03C4	0x3400 ;?ICS_s10+0
0x03C5	0x3400 ;?ICS_s10+1
; end of ?ICS_s10
;ventilatorv1_2.c,0 :: ?ICS_p2
0x03C6	0x3400 ;?ICS_p2+0
0x03C7	0x3400 ;?ICS_p2+1
; end of ?ICS_p2
;ventilatorv1_2.c,0 :: ?ICS_p1
0x03C8	0x3400 ;?ICS_p1+0
0x03C9	0x3400 ;?ICS_p1+1
; end of ?ICS_p1
;ventilatorv1_2.c,0 :: ?ICS_millis_count
0x03CA	0x3400 ;?ICS_millis_count+0
0x03CB	0x3400 ;?ICS_millis_count+1
0x03CC	0x3400 ;?ICS_millis_count+2
0x03CD	0x3400 ;?ICS_millis_count+3
; end of ?ICS_millis_count
Symbol List:
//** Routines locations **
//ADDRESS    SIZE    PROCEDURE
//----------------------------------------------
0x0004      [58]    _Interrupt
0x003E       [8]    _Delay_22us
0x0046      [13]    _Delay_500us
0x0053      [57]    _Button
0x008C      [40]    _ADC_Read
0x00B4       [7]    _latch595
0x00BB      [44]    _shiftdata595
0x00E7       [7]    _____DoICP
0x00EE     [170]    _read_sensor_data
0x0198       [4]    _selftest
0x019C     [437]    _switches
0x0351      [22]    _ADC_Init
0x0367      [12]    ___CC2DW
0x0373      [42]    _main
//** Variables locations ** 
//ADDRESS    SIZE    VARIABLE
//----------------------------------------------
0x0000       [1]    INDF
0x0001       [1]    TMR0
0x0002       [1]    PCL
0x0003       [1]    STATUS
0x0004       [1]    FSR
0x0006       [1]    PORTB
0x0007       [1]    PORTC
0x0008       [1]    PORTD
0x000A       [1]    PCLATH
0x000B       [0]    TMR0IF_bit
0x001E       [1]    ADRESH
0x001F       [1]    ADCON0
0x0024       [2]    _startstatus
0x0026      [16]    _led
0x0036       [2]    _s4
0x0038       [2]    _bpmv
0x003A       [2]    _vol
0x003C       [2]    _p_1
0x003E       [2]    _p3
0x0040       [2]    _p_2
0x0042       [1]    _vref_mask
0x0043       [2]    _s9
0x0045       [2]    _s10
0x0047       [2]    _p2
0x0049       [2]    _p1
0x004B       [4]    _millis_count
0x004F       [0]    _oldbpmup
0x004F       [0]    _oldvolup
0x004F       [0]    _oldvoldown
0x004F       [0]    _oldbpmdown
0x0050       [3]    _ADC_Get_Sample_Ptr
0x0053       [1]    ___savePCLATH
0x0054       [1]    ___saveSTATUS
0x0055       [2]    ___DoICPAddr
0x0057       [1]    FARG_shiftdata595__shiftdata
0x0057       [1]    FARG_ADC_Read_channel
0x0057       [1]    FARG_Button_port
0x0058       [1]    FARG_Button_pin
0x0059       [1]    FARG_Button_time_ms
0x005A       [1]    FARG_Button_active_state
0x005B       [1]    Button_pMask_L0
0x005C       [1]    Button_rslt_L0
0x0070       [1]    R0
0x0071       [1]    R1
0x0072       [1]    R2
0x0073       [1]    R3
0x0074       [1]    R4
0x0075       [1]    R5
0x0076       [1]    R6
0x0077       [1]    R7
0x0078       [1]    R8
0x0079       [1]    R9
0x007A       [1]    R10
0x007B       [1]    R11
0x007C       [1]    R12
0x007D       [1]    R13
0x007E       [1]    R14
0x007F       [1]    R15
0x0085       [1]    TRISA
0x0086       [1]    TRISB
0x0087       [1]    TRISC
0x0088       [1]    TRISD
0x0089       [1]    TRISE
0x009E       [1]    ADRESL
0x009F       [1]    ADCON1
//** Constants locations ** 
//ADDRESS    SIZE    CONSTANT
//----------------------------------------------
0x03A3       [2]    ?ICS_startstatus
0x03A5      [16]    ?ICS_led
0x03B5       [2]    ?ICS_s4
0x03B7       [2]    ?ICS_bpmv
0x03B9       [2]    ?ICS_vol
0x03BB       [2]    ?ICS_p_1
0x03BD       [2]    ?ICS_p3
0x03BF       [2]    ?ICS_p_2
0x03C1       [1]    ?ICS_vref_mask
0x03C2       [2]    ?ICS_s9
0x03C4       [2]    ?ICS_s10
0x03C6       [2]    ?ICS_p2
0x03C8       [2]    ?ICS_p1
0x03CA       [4]    ?ICS_millis_count
