0	1	mikroCPIC1618.exe -MSF -DBG -pP16F877A -DL -O11111114 -fo8 -N"C:\Users\acer\Documents\GitHub\ventilator-project\Timer\MyProject.mcppi" -SP"C:\Users\Public\Documents\Mikroelektronika\mikroC PRO for PIC\Defs\" -SP"C:\Users\Public\Documents\Mikroelektronika\mikroC PRO for PIC\Uses\P16\" -SP"C:\Users\acer\Documents\GitHub\ventilator-project\Timer\" -IP"C:\Users\Public\Documents\Mikroelektronika\mikroC PRO for PIC\Uses\P16\" -IP"C:\Users\acer\Documents\GitHub\ventilator-project\Timer\" "MyProject.c" "__Lib_Math.mcl" "__Lib_MathDouble.mcl" "__Lib_System.mcl" "__Lib_Delays.mcl"	 
hint: 0	1139	Available RAM: 352 [bytes], Available ROM: 8192 [bytes]	 
error: 14	304	 error: Can't open include file "xc.h"     #include <xc.h> 1 error in preprocessor.	C:\Users\acer\Documents\GitHub\ventilator-project\Timer\MyProject.c
warning: 0	1507	Unknown pragma line ignored: ''	MyProject.c
warning: 0	1507	Unknown pragma line ignored: ''	MyProject.c
warning: 0	1507	Unknown pragma line ignored: ''	MyProject.c
warning: 0	1507	Unknown pragma line ignored: ''	MyProject.c
warning: 0	1507	Unknown pragma line ignored: ''	MyProject.c
warning: 0	1507	Unknown pragma line ignored: ''	MyProject.c
warning: 0	1507	Unknown pragma line ignored: ''	MyProject.c
warning: 0	1507	Unknown pragma line ignored: ''	MyProject.c
diagnostics: 0	122	Compilation Started	MyProject.c
error: 27	402	; expected, but 'timer_isr' found	MyProject.c
error: 32	318	Assigning to non-lvalue 'TMR0IF'	MyProject.c
warning: 41	1503	Result is not defined in function: 'timer_isr'	MyProject.c
error: 48	318	Assigning to non-lvalue 'TMR0IE'	MyProject.c
error: 49	318	Assigning to non-lvalue 'GIE'	MyProject.c
error: 50	318	Assigning to non-lvalue 'PEIE'	MyProject.c
error: 54	318	Assigning to non-lvalue 'TRISB0'	MyProject.c
error: 55	318	Assigning to non-lvalue 'TRISB1'	MyProject.c
error: 0	102	Finished (with errors): 30 Mar 2020, 01:38:13	MyProject.mcppi
