;  LST file generated by mikroListExporter - v.2.0 
; Date/Time: 3/29/2020 10:40:50 PM
;----------------------------------------------

;Address Opcode 	ASM
0x0000	0x2D6B      	GOTO       1387
_Get_Fosc_kHz:
;__Lib_Delays.c,1 :: 		unsigned long Get_Fosc_kHz(){
;__Lib_Delays.c,3 :: 		return Clock_kHz();
0x0003	0x3020      	MOVLW      32
0x0004	0x1283      	BCF        STATUS, 5
0x0005	0x1303      	BCF        STATUS, 6
0x0006	0x00F0      	MOVWF      R0
0x0007	0x304E      	MOVLW      78
0x0008	0x00F1      	MOVWF      R0+1
0x0009	0x01F2      	CLRF       R0+2
0x000A	0x01F3      	CLRF       R0+3
;__Lib_Delays.c,5 :: 		}
L_end_Get_Fosc_kHz:
0x000B	0x0008      	RETURN
; end of _Get_Fosc_kHz
_Mul_32x32_U:
;__Lib_Math.c,1774 :: 		
;__Lib_Math.c,1789 :: 		
0x000C	0x1283      	BCF        STATUS, 5
;__Lib_Math.c,1790 :: 		
0x000D	0x1303      	BCF        STATUS, 6
;__Lib_Math.c,1791 :: 		
0x000E	0x3022      	MOVLW      34
;__Lib_Math.c,1792 :: 		
0x000F	0x00FC      	MOVWF      R12
;__Lib_Math.c,1793 :: 		
0x0010	0x01F8      	CLRF       R8
;__Lib_Math.c,1794 :: 		
0x0011	0x01F9      	CLRF       R9
;__Lib_Math.c,1795 :: 		
0x0012	0x01FA      	CLRF       R10
;__Lib_Math.c,1796 :: 		
0x0013	0x01FB      	CLRF       R11
;__Lib_Math.c,1798 :: 		
_NEXT:
;__Lib_Math.c,1802 :: 		
0x0014	0x03FC      	DECF       R12, 1
;__Lib_Math.c,1803 :: 		
0x0015	0x1903      	BTFSC      STATUS, 2
;__Lib_Math.c,1804 :: 		
0x0016	0x2842      	GOTO       _EXIT2
;__Lib_Math.c,1805 :: 		
0x0017	0x1003      	BCF        STATUS, 0
;__Lib_Math.c,1807 :: 		
_LOOP:
;__Lib_Math.c,1816 :: 		
0x0018	0x0CFB      	RRF        R11, 1
;__Lib_Math.c,1817 :: 		
0x0019	0x0CFA      	RRF        R10, 1
;__Lib_Math.c,1818 :: 		
0x001A	0x0CF9      	RRF        R9, 1
;__Lib_Math.c,1819 :: 		
0x001B	0x0CF8      	RRF        R8, 1
;__Lib_Math.c,1820 :: 		
0x001C	0x0CF3      	RRF        R3, 1
;__Lib_Math.c,1821 :: 		
0x001D	0x0CF2      	RRF        R2, 1
;__Lib_Math.c,1822 :: 		
0x001E	0x0CF1      	RRF        R1, 1
;__Lib_Math.c,1823 :: 		
0x001F	0x0CF0      	RRF        R0, 1
;__Lib_Math.c,1828 :: 		
0x0020	0x1C03      	BTFSS      STATUS, 0
;__Lib_Math.c,1829 :: 		
0x0021	0x2814      	GOTO       _NEXT
;__Lib_Math.c,1830 :: 		
0x0022	0x03FC      	DECF       R12, 1
;__Lib_Math.c,1831 :: 		
0x0023	0x1903      	BTFSC      STATUS, 2
;__Lib_Math.c,1832 :: 		
0x0024	0x2834      	GOTO       _EXIT1
;__Lib_Math.c,1839 :: 		
0x0025	0x0874      	MOVF       R4, 0
;__Lib_Math.c,1840 :: 		
0x0026	0x07F8      	ADDWF      R8, 1
;__Lib_Math.c,1841 :: 		
0x0027	0x0875      	MOVF       R5, 0
;__Lib_Math.c,1842 :: 		
0x0028	0x1803      	BTFSC      STATUS, 0
;__Lib_Math.c,1843 :: 		
0x0029	0x0F75      	INCFSZ     R5, 0
;__Lib_Math.c,1844 :: 		
0x002A	0x07F9      	ADDWF      R9, 1
;__Lib_Math.c,1845 :: 		
0x002B	0x0876      	MOVF       R6, 0
;__Lib_Math.c,1846 :: 		
0x002C	0x1803      	BTFSC      STATUS, 0
;__Lib_Math.c,1847 :: 		
0x002D	0x0F76      	INCFSZ     R6, 0
;__Lib_Math.c,1848 :: 		
0x002E	0x07FA      	ADDWF      R10, 1
;__Lib_Math.c,1849 :: 		
0x002F	0x0877      	MOVF       R7, 0
;__Lib_Math.c,1850 :: 		
0x0030	0x1803      	BTFSC      STATUS, 0
;__Lib_Math.c,1851 :: 		
0x0031	0x0F77      	INCFSZ     R7, 0
;__Lib_Math.c,1852 :: 		
0x0032	0x07FB      	ADDWF      R11, 1
;__Lib_Math.c,1854 :: 		
0x0033	0x2818      	GOTO       _LOOP
;__Lib_Math.c,1856 :: 		
_EXIT1:
;__Lib_Math.c,1861 :: 		
0x0034	0x0874      	MOVF       R4, 0
;__Lib_Math.c,1862 :: 		
0x0035	0x07F8      	ADDWF      R8, 1
;__Lib_Math.c,1863 :: 		
0x0036	0x0875      	MOVF       R5, 0
;__Lib_Math.c,1864 :: 		
0x0037	0x1803      	BTFSC      STATUS, 0
;__Lib_Math.c,1865 :: 		
0x0038	0x0F75      	INCFSZ     R5, 0
;__Lib_Math.c,1866 :: 		
0x0039	0x07F9      	ADDWF      R9, 1
;__Lib_Math.c,1867 :: 		
0x003A	0x0876      	MOVF       R6, 0
;__Lib_Math.c,1868 :: 		
0x003B	0x1803      	BTFSC      STATUS, 0
;__Lib_Math.c,1869 :: 		
0x003C	0x0F76      	INCFSZ     R6, 0
;__Lib_Math.c,1870 :: 		
0x003D	0x07FA      	ADDWF      R10, 1
;__Lib_Math.c,1871 :: 		
0x003E	0x0877      	MOVF       R7, 0
;__Lib_Math.c,1872 :: 		
0x003F	0x1803      	BTFSC      STATUS, 0
;__Lib_Math.c,1873 :: 		
0x0040	0x0F77      	INCFSZ     R7, 0
;__Lib_Math.c,1874 :: 		
0x0041	0x07FB      	ADDWF      R11, 1
;__Lib_Math.c,1877 :: 		
_EXIT2:
;__Lib_Math.c,1879 :: 		
L_end_Mul_32x32_U:
0x0042	0x0008      	RETURN
; end of _Mul_32x32_U
_Delay_500us:
;__Lib_Delays.c,27 :: 		void Delay_500us() {
;__Lib_Delays.c,28 :: 		Delay_us(498);
0x0043	0x3004      	MOVLW      4
0x0044	0x1283      	BCF        STATUS, 5
0x0045	0x1303      	BCF        STATUS, 6
0x0046	0x00FC      	MOVWF      R12
0x0047	0x303A      	MOVLW      58
0x0048	0x00FD      	MOVWF      R13
L_Delay_500us4:
0x0049	0x0BFD      	DECFSZ     R13, 1
0x004A	0x2849      	GOTO       L_Delay_500us4
0x004B	0x0BFC      	DECFSZ     R12, 1
0x004C	0x2849      	GOTO       L_Delay_500us4
0x004D	0x0000      	NOP
;__Lib_Delays.c,29 :: 		}
L_end_Delay_500us:
0x004E	0x0008      	RETURN
; end of _Delay_500us
_Div_16X16_U:
;__Lib_Math.c,215 :: 		
;__Lib_Math.c,222 :: 		
0x004F	0x1283      	BCF        STATUS, 5
;__Lib_Math.c,223 :: 		
0x0050	0x1303      	BCF        STATUS, 6
;__Lib_Math.c,224 :: 		
0x0051	0x01F8      	CLRF       R8
;__Lib_Math.c,225 :: 		
0x0052	0x01F9      	CLRF       R9
;__Lib_Math.c,226 :: 		
0x0053	0x3010      	MOVLW      16
;__Lib_Math.c,227 :: 		
0x0054	0x00FC      	MOVWF      R12
;__Lib_Math.c,228 :: 		
0x0055	0x0D71      	RLF        R1, 0
;__Lib_Math.c,229 :: 		
0x0056	0x0DF8      	RLF        R8, 1
;__Lib_Math.c,230 :: 		
0x0057	0x0DF9      	RLF        R9, 1
;__Lib_Math.c,231 :: 		
0x0058	0x0874      	MOVF       R4, 0
;__Lib_Math.c,232 :: 		
0x0059	0x02F8      	SUBWF      R8, 1
;__Lib_Math.c,233 :: 		
0x005A	0x0875      	MOVF       R5, 0
;__Lib_Math.c,234 :: 		
0x005B	0x1C03      	BTFSS      STATUS, 0
;__Lib_Math.c,235 :: 		
0x005C	0x0F75      	INCFSZ     R5, 0
;__Lib_Math.c,236 :: 		
0x005D	0x02F9      	SUBWF      R9, 1
;__Lib_Math.c,237 :: 		
0x005E	0x1803      	BTFSC      STATUS, 0
;__Lib_Math.c,238 :: 		
0x005F	0x2867      	GOTO       $+8
;__Lib_Math.c,239 :: 		
0x0060	0x0874      	MOVF       R4, 0
;__Lib_Math.c,240 :: 		
0x0061	0x07F8      	ADDWF      R8, 1
;__Lib_Math.c,241 :: 		
0x0062	0x0875      	MOVF       R5, 0
;__Lib_Math.c,242 :: 		
0x0063	0x1803      	BTFSC      STATUS, 0
;__Lib_Math.c,243 :: 		
0x0064	0x0F75      	INCFSZ     R5, 0
;__Lib_Math.c,244 :: 		
0x0065	0x07F9      	ADDWF      R9, 1
;__Lib_Math.c,245 :: 		
0x0066	0x1003      	BCF        STATUS, 0
;__Lib_Math.c,246 :: 		
0x0067	0x0DF0      	RLF        R0, 1
;__Lib_Math.c,247 :: 		
0x0068	0x0DF1      	RLF        R1, 1
;__Lib_Math.c,248 :: 		
0x0069	0x0BFC      	DECFSZ     R12, 1
;__Lib_Math.c,249 :: 		
0x006A	0x2855      	GOTO       $-21
;__Lib_Math.c,251 :: 		
L_end_Div_16X16_U:
0x006B	0x0008      	RETURN
; end of _Div_16X16_U
_Delay_Cyc:
;__Lib_Delays.c,65 :: 		void Delay_Cyc(char cycles_div_by_10)  { // Cycles_div_by_10: min 3, max 255
;__Lib_Delays.c,67 :: 		--cycles_div_by_10;
0x006C	0x1283      	BCF        STATUS, 5
0x006D	0x1303      	BCF        STATUS, 6
0x006E	0x03CB      	DECF       FARG_Delay_Cyc_cycles_div_by_10, 1
;__Lib_Delays.c,68 :: 		--cycles_div_by_10;
0x006F	0x03CB      	DECF       FARG_Delay_Cyc_cycles_div_by_10, 1
;__Lib_Delays.c,69 :: 		while (cycles_div_by_10 > 0) {
L_Delay_Cyc13:
0x0070	0x084B      	MOVF       FARG_Delay_Cyc_cycles_div_by_10, 0
0x0071	0x3C00      	SUBLW      0
0x0072	0x1803      	BTFSC      STATUS, 0
0x0073	0x2879      	GOTO       L_Delay_Cyc14
;__Lib_Delays.c,70 :: 		--cycles_div_by_10;
0x0074	0x03CB      	DECF       FARG_Delay_Cyc_cycles_div_by_10, 1
;__Lib_Delays.c,71 :: 		asm nop;
0x0075	0x0000      	NOP
;__Lib_Delays.c,72 :: 		asm nop;
0x0076	0x0000      	NOP
;__Lib_Delays.c,73 :: 		asm nop;
0x0077	0x0000      	NOP
;__Lib_Delays.c,74 :: 		}
0x0078	0x2870      	GOTO       L_Delay_Cyc13
L_Delay_Cyc14:
;__Lib_Delays.c,75 :: 		asm nop;
0x0079	0x0000      	NOP
;__Lib_Delays.c,76 :: 		asm nop;
0x007A	0x0000      	NOP
;__Lib_Delays.c,77 :: 		asm nop;
0x007B	0x0000      	NOP
;__Lib_Delays.c,78 :: 		asm nop;
0x007C	0x0000      	NOP
;__Lib_Delays.c,79 :: 		asm nop;
0x007D	0x0000      	NOP
;__Lib_Delays.c,80 :: 		}
L_end_Delay_Cyc:
0x007E	0x0008      	RETURN
; end of _Delay_Cyc
_Div_32x32_U:
;__Lib_Math.c,1317 :: 		
;__Lib_Math.c,1326 :: 		
;__Lib_Math.c,1328 :: 		
0x007F	0x1283      	BCF        STATUS, 5
;__Lib_Math.c,1329 :: 		
0x0080	0x1303      	BCF        STATUS, 6
;__Lib_Math.c,1330 :: 		
0x0081	0x01FB      	CLRF       R11
;__Lib_Math.c,1331 :: 		
0x0082	0x01FA      	CLRF       R10
;__Lib_Math.c,1332 :: 		
0x0083	0x01F9      	CLRF       R9
;__Lib_Math.c,1333 :: 		
0x0084	0x01F8      	CLRF       R8
;__Lib_Math.c,1335 :: 		
0x0085	0x01A0      	CLRF       ___math_tempb
;__Lib_Math.c,1337 :: 		
0x0086	0x0D73      	RLF        R3, 0
;__Lib_Math.c,1338 :: 		
0x0087	0x0DF8      	RLF        R8, 1
;__Lib_Math.c,1339 :: 		
0x0088	0x0874      	MOVF       R4, 0
;__Lib_Math.c,1340 :: 		
0x0089	0x02F8      	SUBWF      R8, 1
;__Lib_Math.c,1341 :: 		
0x008A	0x0875      	MOVF       R5, 0
;__Lib_Math.c,1342 :: 		
0x008B	0x1C03      	BTFSS      STATUS, 0
;__Lib_Math.c,1343 :: 		
0x008C	0x0F75      	INCFSZ     R5, 0
;__Lib_Math.c,1344 :: 		
0x008D	0x02F9      	SUBWF      R9, 1
;__Lib_Math.c,1345 :: 		
0x008E	0x0876      	MOVF       R6, 0
;__Lib_Math.c,1346 :: 		
0x008F	0x1C03      	BTFSS      STATUS, 0
;__Lib_Math.c,1347 :: 		
0x0090	0x0F76      	INCFSZ     R6, 0
;__Lib_Math.c,1348 :: 		
0x0091	0x02FA      	SUBWF      R10, 1
;__Lib_Math.c,1349 :: 		
0x0092	0x0877      	MOVF       R7, 0
;__Lib_Math.c,1350 :: 		
0x0093	0x1C03      	BTFSS      STATUS, 0
;__Lib_Math.c,1351 :: 		
0x0094	0x0F77      	INCFSZ     R7, 0
;__Lib_Math.c,1352 :: 		
0x0095	0x02FB      	SUBWF      R11, 1
;__Lib_Math.c,1354 :: 		
0x0096	0x0100      	CLRW
;__Lib_Math.c,1355 :: 		
0x0097	0x1C03      	BTFSS      STATUS, 0
;__Lib_Math.c,1356 :: 		
0x0098	0x3001      	MOVLW      1
;__Lib_Math.c,1357 :: 		
0x0099	0x02A0      	SUBWF      ___math_tempb, 1
;__Lib_Math.c,1358 :: 		
0x009A	0x0DF3      	RLF        R3, 1
;__Lib_Math.c,1360 :: 		
0x009B	0x3007      	MOVLW      7
;__Lib_Math.c,1361 :: 		
0x009C	0x00FC      	MOVWF      R12
;__Lib_Math.c,1363 :: 		
LOOPU3232A:
;__Lib_Math.c,1364 :: 		
0x009D	0x0D73      	RLF        R3, 0
;__Lib_Math.c,1365 :: 		
0x009E	0x0DF8      	RLF        R8, 1
;__Lib_Math.c,1366 :: 		
0x009F	0x0DF9      	RLF        R9, 1
;__Lib_Math.c,1367 :: 		
0x00A0	0x0DFA      	RLF        R10, 1
;__Lib_Math.c,1368 :: 		
0x00A1	0x0DFB      	RLF        R11, 1
;__Lib_Math.c,1369 :: 		
0x00A2	0x0DA0      	RLF        ___math_tempb, 1
;__Lib_Math.c,1370 :: 		
0x00A3	0x0874      	MOVF       R4, 0
;__Lib_Math.c,1371 :: 		
0x00A4	0x1C73      	BTFSS      R3, 0
;__Lib_Math.c,1372 :: 		
0x00A5	0x28B8      	GOTO       UADD22LA
;__Lib_Math.c,1374 :: 		
0x00A6	0x02F8      	SUBWF      R8, 1
;__Lib_Math.c,1375 :: 		
0x00A7	0x0875      	MOVF       R5, 0
;__Lib_Math.c,1376 :: 		
0x00A8	0x1C03      	BTFSS      STATUS, 0
;__Lib_Math.c,1377 :: 		
0x00A9	0x0F75      	INCFSZ     R5, 0
;__Lib_Math.c,1378 :: 		
0x00AA	0x02F9      	SUBWF      R9, 1
;__Lib_Math.c,1379 :: 		
0x00AB	0x0876      	MOVF       R6, 0
;__Lib_Math.c,1380 :: 		
0x00AC	0x1C03      	BTFSS      STATUS, 0
;__Lib_Math.c,1381 :: 		
0x00AD	0x0F76      	INCFSZ     R6, 0
;__Lib_Math.c,1382 :: 		
0x00AE	0x02FA      	SUBWF      R10, 1
;__Lib_Math.c,1383 :: 		
0x00AF	0x0877      	MOVF       R7, 0
;__Lib_Math.c,1384 :: 		
0x00B0	0x1C03      	BTFSS      STATUS, 0
;__Lib_Math.c,1385 :: 		
0x00B1	0x0F77      	INCFSZ     R7, 0
;__Lib_Math.c,1386 :: 		
0x00B2	0x02FB      	SUBWF      R11, 1
;__Lib_Math.c,1387 :: 		
0x00B3	0x0100      	CLRW
;__Lib_Math.c,1388 :: 		
0x00B4	0x1C03      	BTFSS      STATUS, 0
;__Lib_Math.c,1389 :: 		
0x00B5	0x3001      	MOVLW      1
;__Lib_Math.c,1390 :: 		
0x00B6	0x02A0      	SUBWF      ___math_tempb, 1
;__Lib_Math.c,1391 :: 		
0x00B7	0x28C9      	GOTO       UOK22LA
;__Lib_Math.c,1393 :: 		
UADD22LA:
;__Lib_Math.c,1394 :: 		
0x00B8	0x07F8      	ADDWF      R8, 1
;__Lib_Math.c,1395 :: 		
0x00B9	0x0875      	MOVF       R5, 0
;__Lib_Math.c,1396 :: 		
0x00BA	0x1803      	BTFSC      STATUS, 0
;__Lib_Math.c,1397 :: 		
0x00BB	0x0F75      	INCFSZ     R5, 0
;__Lib_Math.c,1398 :: 		
0x00BC	0x07F9      	ADDWF      R9, 1
;__Lib_Math.c,1399 :: 		
0x00BD	0x0876      	MOVF       R6, 0
;__Lib_Math.c,1400 :: 		
0x00BE	0x1803      	BTFSC      STATUS, 0
;__Lib_Math.c,1401 :: 		
0x00BF	0x0F76      	INCFSZ     R6, 0
;__Lib_Math.c,1402 :: 		
0x00C0	0x07FA      	ADDWF      R10, 1
;__Lib_Math.c,1403 :: 		
0x00C1	0x0877      	MOVF       R7, 0
;__Lib_Math.c,1404 :: 		
0x00C2	0x1803      	BTFSC      STATUS, 0
;__Lib_Math.c,1405 :: 		
0x00C3	0x0F77      	INCFSZ     R7, 0
;__Lib_Math.c,1406 :: 		
0x00C4	0x07FB      	ADDWF      R11, 1
;__Lib_Math.c,1407 :: 		
0x00C5	0x0100      	CLRW
;__Lib_Math.c,1408 :: 		
0x00C6	0x1803      	BTFSC      STATUS, 0
;__Lib_Math.c,1409 :: 		
0x00C7	0x3001      	MOVLW      1
;__Lib_Math.c,1410 :: 		
0x00C8	0x07A0      	ADDWF      ___math_tempb, 1
;__Lib_Math.c,1412 :: 		
UOK22LA:
;__Lib_Math.c,1413 :: 		
0x00C9	0x0DF3      	RLF        R3, 1
;__Lib_Math.c,1415 :: 		
0x00CA	0x0BFC      	DECFSZ     R12, 1
;__Lib_Math.c,1416 :: 		
0x00CB	0x289D      	GOTO       LOOPU3232A
;__Lib_Math.c,1418 :: 		
0x00CC	0x0D72      	RLF        R2, 0
;__Lib_Math.c,1419 :: 		
0x00CD	0x0DF8      	RLF        R8, 1
;__Lib_Math.c,1420 :: 		
0x00CE	0x0DF9      	RLF        R9, 1
;__Lib_Math.c,1421 :: 		
0x00CF	0x0DFA      	RLF        R10, 1
;__Lib_Math.c,1422 :: 		
0x00D0	0x0DFB      	RLF        R11, 1
;__Lib_Math.c,1423 :: 		
0x00D1	0x0DA0      	RLF        ___math_tempb, 1
;__Lib_Math.c,1424 :: 		
0x00D2	0x0874      	MOVF       R4, 0
;__Lib_Math.c,1425 :: 		
0x00D3	0x1C73      	BTFSS      R3, 0
;__Lib_Math.c,1426 :: 		
0x00D4	0x28E7      	GOTO       UADD22L8
;__Lib_Math.c,1428 :: 		
0x00D5	0x02F8      	SUBWF      R8, 1
;__Lib_Math.c,1429 :: 		
0x00D6	0x0875      	MOVF       R5, 0
;__Lib_Math.c,1430 :: 		
0x00D7	0x1C03      	BTFSS      STATUS, 0
;__Lib_Math.c,1431 :: 		
0x00D8	0x0F75      	INCFSZ     R5, 0
;__Lib_Math.c,1432 :: 		
0x00D9	0x02F9      	SUBWF      R9, 1
;__Lib_Math.c,1433 :: 		
0x00DA	0x0876      	MOVF       R6, 0
;__Lib_Math.c,1434 :: 		
0x00DB	0x1C03      	BTFSS      STATUS, 0
;__Lib_Math.c,1435 :: 		
0x00DC	0x0F76      	INCFSZ     R6, 0
;__Lib_Math.c,1436 :: 		
0x00DD	0x02FA      	SUBWF      R10, 1
;__Lib_Math.c,1437 :: 		
0x00DE	0x0877      	MOVF       R7, 0
;__Lib_Math.c,1438 :: 		
0x00DF	0x1C03      	BTFSS      STATUS, 0
;__Lib_Math.c,1439 :: 		
0x00E0	0x0F77      	INCFSZ     R7, 0
;__Lib_Math.c,1440 :: 		
0x00E1	0x02FB      	SUBWF      R11, 1
;__Lib_Math.c,1441 :: 		
0x00E2	0x0100      	CLRW
;__Lib_Math.c,1442 :: 		
0x00E3	0x1C03      	BTFSS      STATUS, 0
;__Lib_Math.c,1443 :: 		
0x00E4	0x3001      	MOVLW      1
;__Lib_Math.c,1444 :: 		
0x00E5	0x02A0      	SUBWF      ___math_tempb, 1
;__Lib_Math.c,1445 :: 		
0x00E6	0x28F8      	GOTO       UOK22L8
;__Lib_Math.c,1447 :: 		
UADD22L8:
;__Lib_Math.c,1448 :: 		
0x00E7	0x07F8      	ADDWF      R8, 1
;__Lib_Math.c,1449 :: 		
0x00E8	0x0875      	MOVF       R5, 0
;__Lib_Math.c,1450 :: 		
0x00E9	0x1803      	BTFSC      STATUS, 0
;__Lib_Math.c,1451 :: 		
0x00EA	0x0F75      	INCFSZ     R5, 0
;__Lib_Math.c,1452 :: 		
0x00EB	0x07F9      	ADDWF      R9, 1
;__Lib_Math.c,1453 :: 		
0x00EC	0x0876      	MOVF       R6, 0
;__Lib_Math.c,1454 :: 		
0x00ED	0x1803      	BTFSC      STATUS, 0
;__Lib_Math.c,1455 :: 		
0x00EE	0x0F76      	INCFSZ     R6, 0
;__Lib_Math.c,1456 :: 		
0x00EF	0x07FA      	ADDWF      R10, 1
;__Lib_Math.c,1457 :: 		
0x00F0	0x0877      	MOVF       R7, 0
;__Lib_Math.c,1458 :: 		
0x00F1	0x1803      	BTFSC      STATUS, 0
;__Lib_Math.c,1459 :: 		
0x00F2	0x0F77      	INCFSZ     R7, 0
;__Lib_Math.c,1460 :: 		
0x00F3	0x07FB      	ADDWF      R11, 1
;__Lib_Math.c,1461 :: 		
0x00F4	0x0100      	CLRW
;__Lib_Math.c,1462 :: 		
0x00F5	0x1803      	BTFSC      STATUS, 0
;__Lib_Math.c,1463 :: 		
0x00F6	0x3001      	MOVLW      1
;__Lib_Math.c,1464 :: 		
0x00F7	0x07A0      	ADDWF      ___math_tempb, 1
;__Lib_Math.c,1466 :: 		
UOK22L8:
;__Lib_Math.c,1467 :: 		
0x00F8	0x0DF2      	RLF        R2, 1
;__Lib_Math.c,1469 :: 		
0x00F9	0x3007      	MOVLW      7
;__Lib_Math.c,1470 :: 		
0x00FA	0x00FC      	MOVWF      R12
;__Lib_Math.c,1472 :: 		
LOOPU3232B:
;__Lib_Math.c,1473 :: 		
0x00FB	0x0D72      	RLF        R2, 0
;__Lib_Math.c,1474 :: 		
0x00FC	0x0DF8      	RLF        R8, 1
;__Lib_Math.c,1475 :: 		
0x00FD	0x0DF9      	RLF        R9, 1
;__Lib_Math.c,1476 :: 		
0x00FE	0x0DFA      	RLF        R10, 1
;__Lib_Math.c,1477 :: 		
0x00FF	0x0DFB      	RLF        R11, 1
;__Lib_Math.c,1478 :: 		
0x0100	0x0DA0      	RLF        ___math_tempb, 1
;__Lib_Math.c,1479 :: 		
0x0101	0x0874      	MOVF       R4, 0
;__Lib_Math.c,1480 :: 		
0x0102	0x1C72      	BTFSS      R2, 0
;__Lib_Math.c,1481 :: 		
0x0103	0x2916      	GOTO       UADD22LB
;__Lib_Math.c,1483 :: 		
0x0104	0x02F8      	SUBWF      R8, 1
;__Lib_Math.c,1484 :: 		
0x0105	0x0875      	MOVF       R5, 0
;__Lib_Math.c,1485 :: 		
0x0106	0x1C03      	BTFSS      STATUS, 0
;__Lib_Math.c,1486 :: 		
0x0107	0x0F75      	INCFSZ     R5, 0
;__Lib_Math.c,1487 :: 		
0x0108	0x02F9      	SUBWF      R9, 1
;__Lib_Math.c,1488 :: 		
0x0109	0x0876      	MOVF       R6, 0
;__Lib_Math.c,1489 :: 		
0x010A	0x1C03      	BTFSS      STATUS, 0
;__Lib_Math.c,1490 :: 		
0x010B	0x0F76      	INCFSZ     R6, 0
;__Lib_Math.c,1491 :: 		
0x010C	0x02FA      	SUBWF      R10, 1
;__Lib_Math.c,1492 :: 		
0x010D	0x0877      	MOVF       R7, 0
;__Lib_Math.c,1493 :: 		
0x010E	0x1C03      	BTFSS      STATUS, 0
;__Lib_Math.c,1494 :: 		
0x010F	0x0F77      	INCFSZ     R7, 0
;__Lib_Math.c,1495 :: 		
0x0110	0x02FB      	SUBWF      R11, 1
;__Lib_Math.c,1496 :: 		
0x0111	0x0100      	CLRW
;__Lib_Math.c,1497 :: 		
0x0112	0x1C03      	BTFSS      STATUS, 0
;__Lib_Math.c,1498 :: 		
0x0113	0x3001      	MOVLW      1
;__Lib_Math.c,1499 :: 		
0x0114	0x02A0      	SUBWF      ___math_tempb, 1
;__Lib_Math.c,1500 :: 		
0x0115	0x2927      	GOTO       UOK22LB
;__Lib_Math.c,1502 :: 		
UADD22LB:
;__Lib_Math.c,1503 :: 		
0x0116	0x07F8      	ADDWF      R8, 1
;__Lib_Math.c,1504 :: 		
0x0117	0x0875      	MOVF       R5, 0
;__Lib_Math.c,1505 :: 		
0x0118	0x1803      	BTFSC      STATUS, 0
;__Lib_Math.c,1506 :: 		
0x0119	0x0F75      	INCFSZ     R5, 0
;__Lib_Math.c,1507 :: 		
0x011A	0x07F9      	ADDWF      R9, 1
;__Lib_Math.c,1508 :: 		
0x011B	0x0876      	MOVF       R6, 0
;__Lib_Math.c,1509 :: 		
0x011C	0x1803      	BTFSC      STATUS, 0
;__Lib_Math.c,1510 :: 		
0x011D	0x0F76      	INCFSZ     R6, 0
;__Lib_Math.c,1511 :: 		
0x011E	0x07FA      	ADDWF      R10, 1
;__Lib_Math.c,1512 :: 		
0x011F	0x0877      	MOVF       R7, 0
;__Lib_Math.c,1513 :: 		
0x0120	0x1803      	BTFSC      STATUS, 0
;__Lib_Math.c,1514 :: 		
0x0121	0x0F77      	INCFSZ     R7, 0
;__Lib_Math.c,1515 :: 		
0x0122	0x07FB      	ADDWF      R11, 1
;__Lib_Math.c,1516 :: 		
0x0123	0x0100      	CLRW
;__Lib_Math.c,1517 :: 		
0x0124	0x1803      	BTFSC      STATUS, 0
;__Lib_Math.c,1518 :: 		
0x0125	0x3001      	MOVLW      1
;__Lib_Math.c,1519 :: 		
0x0126	0x07A0      	ADDWF      ___math_tempb, 1
;__Lib_Math.c,1521 :: 		
UOK22LB:
;__Lib_Math.c,1522 :: 		
0x0127	0x0DF2      	RLF        R2, 1
;__Lib_Math.c,1524 :: 		
0x0128	0x0BFC      	DECFSZ     R12, 1
;__Lib_Math.c,1525 :: 		
0x0129	0x28FB      	GOTO       LOOPU3232B
;__Lib_Math.c,1527 :: 		
0x012A	0x0D71      	RLF        R1, 0
;__Lib_Math.c,1528 :: 		
0x012B	0x0DF8      	RLF        R8, 1
;__Lib_Math.c,1529 :: 		
0x012C	0x0DF9      	RLF        R9, 1
;__Lib_Math.c,1530 :: 		
0x012D	0x0DFA      	RLF        R10, 1
;__Lib_Math.c,1531 :: 		
0x012E	0x0DFB      	RLF        R11, 1
;__Lib_Math.c,1532 :: 		
0x012F	0x0DA0      	RLF        ___math_tempb, 1
;__Lib_Math.c,1533 :: 		
0x0130	0x0874      	MOVF       R4, 0
;__Lib_Math.c,1534 :: 		
0x0131	0x1C72      	BTFSS      R2, 0
;__Lib_Math.c,1535 :: 		
0x0132	0x2945      	GOTO       UADD22L16
;__Lib_Math.c,1537 :: 		
0x0133	0x02F8      	SUBWF      R8, 1
;__Lib_Math.c,1538 :: 		
0x0134	0x0875      	MOVF       R5, 0
;__Lib_Math.c,1539 :: 		
0x0135	0x1C03      	BTFSS      STATUS, 0
;__Lib_Math.c,1540 :: 		
0x0136	0x0F75      	INCFSZ     R5, 0
;__Lib_Math.c,1541 :: 		
0x0137	0x02F9      	SUBWF      R9, 1
;__Lib_Math.c,1542 :: 		
0x0138	0x0876      	MOVF       R6, 0
;__Lib_Math.c,1543 :: 		
0x0139	0x1C03      	BTFSS      STATUS, 0
;__Lib_Math.c,1544 :: 		
0x013A	0x0F76      	INCFSZ     R6, 0
;__Lib_Math.c,1545 :: 		
0x013B	0x02FA      	SUBWF      R10, 1
;__Lib_Math.c,1546 :: 		
0x013C	0x0877      	MOVF       R7, 0
;__Lib_Math.c,1547 :: 		
0x013D	0x1C03      	BTFSS      STATUS, 0
;__Lib_Math.c,1548 :: 		
0x013E	0x0F77      	INCFSZ     R7, 0
;__Lib_Math.c,1549 :: 		
0x013F	0x02FB      	SUBWF      R11, 1
;__Lib_Math.c,1550 :: 		
0x0140	0x0100      	CLRW
;__Lib_Math.c,1551 :: 		
0x0141	0x1C03      	BTFSS      STATUS, 0
;__Lib_Math.c,1552 :: 		
0x0142	0x3001      	MOVLW      1
;__Lib_Math.c,1553 :: 		
0x0143	0x02A0      	SUBWF      ___math_tempb, 1
;__Lib_Math.c,1554 :: 		
0x0144	0x2956      	GOTO       UOK22L16
;__Lib_Math.c,1556 :: 		
UADD22L16:
;__Lib_Math.c,1557 :: 		
0x0145	0x07F8      	ADDWF      R8, 1
;__Lib_Math.c,1558 :: 		
0x0146	0x0875      	MOVF       R5, 0
;__Lib_Math.c,1559 :: 		
0x0147	0x1803      	BTFSC      STATUS, 0
;__Lib_Math.c,1560 :: 		
0x0148	0x0F75      	INCFSZ     R5, 0
;__Lib_Math.c,1561 :: 		
0x0149	0x07F9      	ADDWF      R9, 1
;__Lib_Math.c,1562 :: 		
0x014A	0x0876      	MOVF       R6, 0
;__Lib_Math.c,1563 :: 		
0x014B	0x1803      	BTFSC      STATUS, 0
;__Lib_Math.c,1564 :: 		
0x014C	0x0F76      	INCFSZ     R6, 0
;__Lib_Math.c,1565 :: 		
0x014D	0x07FA      	ADDWF      R10, 1
;__Lib_Math.c,1566 :: 		
0x014E	0x0877      	MOVF       R7, 0
;__Lib_Math.c,1567 :: 		
0x014F	0x1803      	BTFSC      STATUS, 0
;__Lib_Math.c,1568 :: 		
0x0150	0x0F77      	INCFSZ     R7, 0
;__Lib_Math.c,1569 :: 		
0x0151	0x07FB      	ADDWF      R11, 1
;__Lib_Math.c,1570 :: 		
0x0152	0x0100      	CLRW
;__Lib_Math.c,1571 :: 		
0x0153	0x1803      	BTFSC      STATUS, 0
;__Lib_Math.c,1572 :: 		
0x0154	0x3001      	MOVLW      1
;__Lib_Math.c,1573 :: 		
0x0155	0x07A0      	ADDWF      ___math_tempb, 1
;__Lib_Math.c,1575 :: 		
UOK22L16:
;__Lib_Math.c,1576 :: 		
0x0156	0x0DF1      	RLF        R1, 1
;__Lib_Math.c,1578 :: 		
0x0157	0x3007      	MOVLW      7
;__Lib_Math.c,1579 :: 		
0x0158	0x00FC      	MOVWF      R12
;__Lib_Math.c,1581 :: 		
LOOPU3232C:
;__Lib_Math.c,1582 :: 		
0x0159	0x0D71      	RLF        R1, 0
;__Lib_Math.c,1583 :: 		
0x015A	0x0DF8      	RLF        R8, 1
;__Lib_Math.c,1584 :: 		
0x015B	0x0DF9      	RLF        R9, 1
;__Lib_Math.c,1585 :: 		
0x015C	0x0DFA      	RLF        R10, 1
;__Lib_Math.c,1586 :: 		
0x015D	0x0DFB      	RLF        R11, 1
;__Lib_Math.c,1587 :: 		
0x015E	0x0DA0      	RLF        ___math_tempb, 1
;__Lib_Math.c,1588 :: 		
0x015F	0x0874      	MOVF       R4, 0
;__Lib_Math.c,1589 :: 		
0x0160	0x1C71      	BTFSS      R1, 0
;__Lib_Math.c,1590 :: 		
0x0161	0x2974      	GOTO       UADD22LC
;__Lib_Math.c,1592 :: 		
0x0162	0x02F8      	SUBWF      R8, 1
;__Lib_Math.c,1593 :: 		
0x0163	0x0875      	MOVF       R5, 0
;__Lib_Math.c,1594 :: 		
0x0164	0x1C03      	BTFSS      STATUS, 0
;__Lib_Math.c,1595 :: 		
0x0165	0x0F75      	INCFSZ     R5, 0
;__Lib_Math.c,1596 :: 		
0x0166	0x02F9      	SUBWF      R9, 1
;__Lib_Math.c,1597 :: 		
0x0167	0x0876      	MOVF       R6, 0
;__Lib_Math.c,1598 :: 		
0x0168	0x1C03      	BTFSS      STATUS, 0
;__Lib_Math.c,1599 :: 		
0x0169	0x0F76      	INCFSZ     R6, 0
;__Lib_Math.c,1600 :: 		
0x016A	0x02FA      	SUBWF      R10, 1
;__Lib_Math.c,1601 :: 		
0x016B	0x0877      	MOVF       R7, 0
;__Lib_Math.c,1602 :: 		
0x016C	0x1C03      	BTFSS      STATUS, 0
;__Lib_Math.c,1603 :: 		
0x016D	0x0F77      	INCFSZ     R7, 0
;__Lib_Math.c,1604 :: 		
0x016E	0x02FB      	SUBWF      R11, 1
;__Lib_Math.c,1605 :: 		
0x016F	0x0100      	CLRW
;__Lib_Math.c,1606 :: 		
0x0170	0x1C03      	BTFSS      STATUS, 0
;__Lib_Math.c,1607 :: 		
0x0171	0x3001      	MOVLW      1
;__Lib_Math.c,1608 :: 		
0x0172	0x02A0      	SUBWF      ___math_tempb, 1
;__Lib_Math.c,1609 :: 		
0x0173	0x2985      	GOTO       UOK22LC
;__Lib_Math.c,1611 :: 		
UADD22LC:
;__Lib_Math.c,1612 :: 		
0x0174	0x07F8      	ADDWF      R8, 1
;__Lib_Math.c,1613 :: 		
0x0175	0x0875      	MOVF       R5, 0
;__Lib_Math.c,1614 :: 		
0x0176	0x1803      	BTFSC      STATUS, 0
;__Lib_Math.c,1615 :: 		
0x0177	0x0F75      	INCFSZ     R5, 0
;__Lib_Math.c,1616 :: 		
0x0178	0x07F9      	ADDWF      R9, 1
;__Lib_Math.c,1617 :: 		
0x0179	0x0876      	MOVF       R6, 0
;__Lib_Math.c,1618 :: 		
0x017A	0x1803      	BTFSC      STATUS, 0
;__Lib_Math.c,1619 :: 		
0x017B	0x0F76      	INCFSZ     R6, 0
;__Lib_Math.c,1620 :: 		
0x017C	0x07FA      	ADDWF      R10, 1
;__Lib_Math.c,1621 :: 		
0x017D	0x0877      	MOVF       R7, 0
;__Lib_Math.c,1622 :: 		
0x017E	0x1803      	BTFSC      STATUS, 0
;__Lib_Math.c,1623 :: 		
0x017F	0x0F77      	INCFSZ     R7, 0
;__Lib_Math.c,1624 :: 		
0x0180	0x07FB      	ADDWF      R11, 1
;__Lib_Math.c,1625 :: 		
0x0181	0x0100      	CLRW
;__Lib_Math.c,1626 :: 		
0x0182	0x1803      	BTFSC      STATUS, 0
;__Lib_Math.c,1627 :: 		
0x0183	0x3001      	MOVLW      1
;__Lib_Math.c,1628 :: 		
0x0184	0x07A0      	ADDWF      ___math_tempb, 1
;__Lib_Math.c,1630 :: 		
UOK22LC:
;__Lib_Math.c,1631 :: 		
0x0185	0x0DF1      	RLF        R1, 1
;__Lib_Math.c,1633 :: 		
0x0186	0x0BFC      	DECFSZ     R12, 1
;__Lib_Math.c,1634 :: 		
0x0187	0x2959      	GOTO       LOOPU3232C
;__Lib_Math.c,1636 :: 		
0x0188	0x0D70      	RLF        R0, 0
;__Lib_Math.c,1637 :: 		
0x0189	0x0DF8      	RLF        R8, 1
;__Lib_Math.c,1638 :: 		
0x018A	0x0DF9      	RLF        R9, 1
;__Lib_Math.c,1639 :: 		
0x018B	0x0DFA      	RLF        R10, 1
;__Lib_Math.c,1640 :: 		
0x018C	0x0DFB      	RLF        R11, 1
;__Lib_Math.c,1641 :: 		
0x018D	0x0DA0      	RLF        ___math_tempb, 1
;__Lib_Math.c,1642 :: 		
0x018E	0x0874      	MOVF       R4, 0
;__Lib_Math.c,1643 :: 		
0x018F	0x1C71      	BTFSS      R1, 0
;__Lib_Math.c,1644 :: 		
0x0190	0x29A3      	GOTO       UADD22L24
;__Lib_Math.c,1646 :: 		
0x0191	0x02F8      	SUBWF      R8, 1
;__Lib_Math.c,1647 :: 		
0x0192	0x0875      	MOVF       R5, 0
;__Lib_Math.c,1648 :: 		
0x0193	0x1C03      	BTFSS      STATUS, 0
;__Lib_Math.c,1649 :: 		
0x0194	0x0F75      	INCFSZ     R5, 0
;__Lib_Math.c,1650 :: 		
0x0195	0x02F9      	SUBWF      R9, 1
;__Lib_Math.c,1651 :: 		
0x0196	0x0876      	MOVF       R6, 0
;__Lib_Math.c,1652 :: 		
0x0197	0x1C03      	BTFSS      STATUS, 0
;__Lib_Math.c,1653 :: 		
0x0198	0x0F76      	INCFSZ     R6, 0
;__Lib_Math.c,1654 :: 		
0x0199	0x02FA      	SUBWF      R10, 1
;__Lib_Math.c,1655 :: 		
0x019A	0x0877      	MOVF       R7, 0
;__Lib_Math.c,1656 :: 		
0x019B	0x1C03      	BTFSS      STATUS, 0
;__Lib_Math.c,1657 :: 		
0x019C	0x0F77      	INCFSZ     R7, 0
;__Lib_Math.c,1658 :: 		
0x019D	0x02FB      	SUBWF      R11, 1
;__Lib_Math.c,1659 :: 		
0x019E	0x0100      	CLRW
;__Lib_Math.c,1660 :: 		
0x019F	0x1C03      	BTFSS      STATUS, 0
;__Lib_Math.c,1661 :: 		
0x01A0	0x3001      	MOVLW      1
;__Lib_Math.c,1662 :: 		
0x01A1	0x02A0      	SUBWF      ___math_tempb, 1
;__Lib_Math.c,1663 :: 		
0x01A2	0x29B4      	GOTO       UOK22L24
;__Lib_Math.c,1665 :: 		
UADD22L24:
;__Lib_Math.c,1666 :: 		
0x01A3	0x07F8      	ADDWF      R8, 1
;__Lib_Math.c,1667 :: 		
0x01A4	0x0875      	MOVF       R5, 0
;__Lib_Math.c,1668 :: 		
0x01A5	0x1803      	BTFSC      STATUS, 0
;__Lib_Math.c,1669 :: 		
0x01A6	0x0F75      	INCFSZ     R5, 0
;__Lib_Math.c,1670 :: 		
0x01A7	0x07F9      	ADDWF      R9, 1
;__Lib_Math.c,1671 :: 		
0x01A8	0x0876      	MOVF       R6, 0
;__Lib_Math.c,1672 :: 		
0x01A9	0x1803      	BTFSC      STATUS, 0
;__Lib_Math.c,1673 :: 		
0x01AA	0x0F76      	INCFSZ     R6, 0
;__Lib_Math.c,1674 :: 		
0x01AB	0x07FA      	ADDWF      R10, 1
;__Lib_Math.c,1675 :: 		
0x01AC	0x0877      	MOVF       R7, 0
;__Lib_Math.c,1676 :: 		
0x01AD	0x1803      	BTFSC      STATUS, 0
;__Lib_Math.c,1677 :: 		
0x01AE	0x0F77      	INCFSZ     R7, 0
;__Lib_Math.c,1678 :: 		
0x01AF	0x07FB      	ADDWF      R11, 1
;__Lib_Math.c,1679 :: 		
0x01B0	0x0100      	CLRW
;__Lib_Math.c,1680 :: 		
0x01B1	0x1803      	BTFSC      STATUS, 0
;__Lib_Math.c,1681 :: 		
0x01B2	0x3001      	MOVLW      1
;__Lib_Math.c,1682 :: 		
0x01B3	0x07A0      	ADDWF      ___math_tempb, 1
;__Lib_Math.c,1684 :: 		
UOK22L24:
;__Lib_Math.c,1685 :: 		
0x01B4	0x0DF0      	RLF        R0, 1
;__Lib_Math.c,1687 :: 		
0x01B5	0x3007      	MOVLW      7
;__Lib_Math.c,1688 :: 		
0x01B6	0x00FC      	MOVWF      R12
;__Lib_Math.c,1690 :: 		
LOOPU3232D:
;__Lib_Math.c,1691 :: 		
0x01B7	0x0D70      	RLF        R0, 0
;__Lib_Math.c,1692 :: 		
0x01B8	0x0DF8      	RLF        R8, 1
;__Lib_Math.c,1693 :: 		
0x01B9	0x0DF9      	RLF        R9, 1
;__Lib_Math.c,1694 :: 		
0x01BA	0x0DFA      	RLF        R10, 1
;__Lib_Math.c,1695 :: 		
0x01BB	0x0DFB      	RLF        R11, 1
;__Lib_Math.c,1696 :: 		
0x01BC	0x0DA0      	RLF        ___math_tempb, 1
;__Lib_Math.c,1697 :: 		
0x01BD	0x0874      	MOVF       R4, 0
;__Lib_Math.c,1698 :: 		
0x01BE	0x1C70      	BTFSS      R0, 0
;__Lib_Math.c,1699 :: 		
0x01BF	0x29D2      	GOTO       UADD22LD
;__Lib_Math.c,1701 :: 		
0x01C0	0x02F8      	SUBWF      R8, 1
;__Lib_Math.c,1702 :: 		
0x01C1	0x0875      	MOVF       R5, 0
;__Lib_Math.c,1703 :: 		
0x01C2	0x1C03      	BTFSS      STATUS, 0
;__Lib_Math.c,1704 :: 		
0x01C3	0x0F75      	INCFSZ     R5, 0
;__Lib_Math.c,1705 :: 		
0x01C4	0x02F9      	SUBWF      R9, 1
;__Lib_Math.c,1706 :: 		
0x01C5	0x0876      	MOVF       R6, 0
;__Lib_Math.c,1707 :: 		
0x01C6	0x1C03      	BTFSS      STATUS, 0
;__Lib_Math.c,1708 :: 		
0x01C7	0x0F76      	INCFSZ     R6, 0
;__Lib_Math.c,1709 :: 		
0x01C8	0x02FA      	SUBWF      R10, 1
;__Lib_Math.c,1710 :: 		
0x01C9	0x0877      	MOVF       R7, 0
;__Lib_Math.c,1711 :: 		
0x01CA	0x1C03      	BTFSS      STATUS, 0
;__Lib_Math.c,1712 :: 		
0x01CB	0x0F77      	INCFSZ     R7, 0
;__Lib_Math.c,1713 :: 		
0x01CC	0x02FB      	SUBWF      R11, 1
;__Lib_Math.c,1714 :: 		
0x01CD	0x0100      	CLRW
;__Lib_Math.c,1715 :: 		
0x01CE	0x1C03      	BTFSS      STATUS, 0
;__Lib_Math.c,1716 :: 		
0x01CF	0x3001      	MOVLW      1
;__Lib_Math.c,1717 :: 		
0x01D0	0x02A0      	SUBWF      ___math_tempb, 1
;__Lib_Math.c,1718 :: 		
0x01D1	0x29E3      	GOTO       UOK22LD
;__Lib_Math.c,1720 :: 		
UADD22LD:
;__Lib_Math.c,1721 :: 		
0x01D2	0x07F8      	ADDWF      R8, 1
;__Lib_Math.c,1722 :: 		
0x01D3	0x0875      	MOVF       R5, 0
;__Lib_Math.c,1723 :: 		
0x01D4	0x1803      	BTFSC      STATUS, 0
;__Lib_Math.c,1724 :: 		
0x01D5	0x0F75      	INCFSZ     R5, 0
;__Lib_Math.c,1725 :: 		
0x01D6	0x07F9      	ADDWF      R9, 1
;__Lib_Math.c,1726 :: 		
0x01D7	0x0876      	MOVF       R6, 0
;__Lib_Math.c,1727 :: 		
0x01D8	0x1803      	BTFSC      STATUS, 0
;__Lib_Math.c,1728 :: 		
0x01D9	0x0F76      	INCFSZ     R6, 0
;__Lib_Math.c,1729 :: 		
0x01DA	0x07FA      	ADDWF      R10, 1
;__Lib_Math.c,1730 :: 		
0x01DB	0x0877      	MOVF       R7, 0
;__Lib_Math.c,1731 :: 		
0x01DC	0x1803      	BTFSC      STATUS, 0
;__Lib_Math.c,1732 :: 		
0x01DD	0x0F77      	INCFSZ     R7, 0
;__Lib_Math.c,1733 :: 		
0x01DE	0x07FB      	ADDWF      R11, 1
;__Lib_Math.c,1734 :: 		
0x01DF	0x0100      	CLRW
;__Lib_Math.c,1735 :: 		
0x01E0	0x1803      	BTFSC      STATUS, 0
;__Lib_Math.c,1736 :: 		
0x01E1	0x3001      	MOVLW      1
;__Lib_Math.c,1737 :: 		
0x01E2	0x07A0      	ADDWF      ___math_tempb, 1
;__Lib_Math.c,1739 :: 		
UOK22LD:
;__Lib_Math.c,1740 :: 		
0x01E3	0x0DF0      	RLF        R0, 1
;__Lib_Math.c,1742 :: 		
0x01E4	0x0BFC      	DECFSZ     R12, 1
;__Lib_Math.c,1743 :: 		
0x01E5	0x29B7      	GOTO       LOOPU3232D
;__Lib_Math.c,1745 :: 		
0x01E6	0x1870      	BTFSC      R0, 0
;__Lib_Math.c,1746 :: 		
0x01E7	0x29F6      	GOTO       UOK22L
;__Lib_Math.c,1747 :: 		
0x01E8	0x0874      	MOVF       R4, 0
;__Lib_Math.c,1748 :: 		
0x01E9	0x07F8      	ADDWF      R8, 1
;__Lib_Math.c,1749 :: 		
0x01EA	0x0875      	MOVF       R5, 0
;__Lib_Math.c,1750 :: 		
0x01EB	0x1803      	BTFSC      STATUS, 0
;__Lib_Math.c,1751 :: 		
0x01EC	0x0F75      	INCFSZ     R5, 0
;__Lib_Math.c,1752 :: 		
0x01ED	0x07F9      	ADDWF      R9, 1
;__Lib_Math.c,1753 :: 		
0x01EE	0x0876      	MOVF       R6, 0
;__Lib_Math.c,1754 :: 		
0x01EF	0x1803      	BTFSC      STATUS, 0
;__Lib_Math.c,1755 :: 		
0x01F0	0x0F76      	INCFSZ     R6, 0
;__Lib_Math.c,1756 :: 		
0x01F1	0x07FA      	ADDWF      R10, 1
;__Lib_Math.c,1757 :: 		
0x01F2	0x0877      	MOVF       R7, 0
;__Lib_Math.c,1758 :: 		
0x01F3	0x1803      	BTFSC      STATUS, 0
;__Lib_Math.c,1759 :: 		
0x01F4	0x0F77      	INCFSZ     R7, 0
;__Lib_Math.c,1760 :: 		
0x01F5	0x07FB      	ADDWF      R11, 1
;__Lib_Math.c,1762 :: 		
UOK22L:
;__Lib_Math.c,1765 :: 		
L_end_Div_32x32_U:
0x01F6	0x0008      	RETURN
; end of _Div_32x32_U
_latch595:
;ventilator.c,51 :: 		void latch595()              //latch pin controll
;ventilator.c,53 :: 		SHIFT_LATCH = 1;
0x01F7	0x1283      	BCF        STATUS, 5
0x01F8	0x1303      	BCF        STATUS, 6
0x01F9	0x1486      	BSF        PORTB, 1
;ventilator.c,54 :: 		Delay_us(1);
0x01FA	0x0000      	NOP
0x01FB	0x0000      	NOP
0x01FC	0x0000      	NOP
0x01FD	0x0000      	NOP
0x01FE	0x0000      	NOP
;ventilator.c,55 :: 		SHIFT_LATCH = 0;
0x01FF	0x1086      	BCF        PORTB, 1
;ventilator.c,56 :: 		}
L_end_latch595:
0x0200	0x0008      	RETURN
; end of _latch595
_Sound_Play:
;__Lib_Sound.c,27 :: 		
;__Lib_Sound.c,31 :: 		
0x0201	0x2003      	CALL       _Get_Fosc_kHz
0x0202	0x30E8      	MOVLW      232
0x0203	0x00F4      	MOVWF      R4
0x0204	0x3003      	MOVLW      3
0x0205	0x00F5      	MOVWF      R4+1
0x0206	0x01F6      	CLRF       R4+2
0x0207	0x01F7      	CLRF       R4+3
0x0208	0x200C      	CALL       _Mul_32x32_U
0x0209	0x0870      	MOVF       R0, 0
0x020A	0x00C7      	MOVWF      Sound_Play_per_nc_L0
0x020B	0x0871      	MOVF       R0+1, 0
0x020C	0x00C8      	MOVWF      Sound_Play_per_nc_L0+1
0x020D	0x0872      	MOVF       R0+2, 0
0x020E	0x00C9      	MOVWF      Sound_Play_per_nc_L0+2
0x020F	0x0873      	MOVF       R0+3, 0
0x0210	0x00CA      	MOVWF      Sound_Play_per_nc_L0+3
;__Lib_Sound.c,32 :: 		
0x0211	0x083F      	MOVF       FARG_Sound_Play_freq_in_hz, 0
0x0212	0x00F4      	MOVWF      R4
0x0213	0x0840      	MOVF       FARG_Sound_Play_freq_in_hz+1, 0
0x0214	0x00F5      	MOVWF      R4+1
0x0215	0x01F6      	CLRF       R4+2
0x0216	0x01F7      	CLRF       R4+3
0x0217	0x207F      	CALL       _Div_32x32_U
0x0218	0x0870      	MOVF       R0, 0
0x0219	0x00C7      	MOVWF      Sound_Play_per_nc_L0
0x021A	0x0871      	MOVF       R0+1, 0
0x021B	0x00C8      	MOVWF      Sound_Play_per_nc_L0+1
0x021C	0x0872      	MOVF       R0+2, 0
0x021D	0x00C9      	MOVWF      Sound_Play_per_nc_L0+2
0x021E	0x0873      	MOVF       R0+3, 0
0x021F	0x00CA      	MOVWF      Sound_Play_per_nc_L0+3
;__Lib_Sound.c,33 :: 		
0x0220	0x0870      	MOVF       R0, 0
0x0221	0x00F5      	MOVWF      R5
0x0222	0x0871      	MOVF       R0+1, 0
0x0223	0x00F6      	MOVWF      R5+1
0x0224	0x0872      	MOVF       R0+2, 0
0x0225	0x00F7      	MOVWF      R5+2
0x0226	0x0873      	MOVF       R0+3, 0
0x0227	0x00F8      	MOVWF      R5+3
0x0228	0x0CF8      	RRF        R5+3, 1
0x0229	0x0CF7      	RRF        R5+2, 1
0x022A	0x0CF6      	RRF        R5+1, 1
0x022B	0x0CF5      	RRF        R5, 1
0x022C	0x13F8      	BCF        R5+3, 7
0x022D	0x0CF8      	RRF        R5+3, 1
0x022E	0x0CF7      	RRF        R5+2, 1
0x022F	0x0CF6      	RRF        R5+1, 1
0x0230	0x0CF5      	RRF        R5, 1
0x0231	0x13F8      	BCF        R5+3, 7
0x0232	0x0875      	MOVF       R5, 0
0x0233	0x00F0      	MOVWF      R0
0x0234	0x0876      	MOVF       R5+1, 0
0x0235	0x00F1      	MOVWF      R0+1
0x0236	0x0877      	MOVF       R5+2, 0
0x0237	0x00F2      	MOVWF      R0+2
0x0238	0x0878      	MOVF       R5+3, 0
0x0239	0x00F3      	MOVWF      R0+3
0x023A	0x0CF3      	RRF        R0+3, 1
0x023B	0x0CF2      	RRF        R0+2, 1
0x023C	0x0CF1      	RRF        R0+1, 1
0x023D	0x0CF0      	RRF        R0, 1
0x023E	0x13F3      	BCF        R0+3, 7
0x023F	0x0870      	MOVF       R0, 0
0x0240	0x00C3      	MOVWF      Sound_Play_nc_L0
0x0241	0x0871      	MOVF       R0+1, 0
0x0242	0x00C4      	MOVWF      Sound_Play_nc_L0+1
;__Lib_Sound.c,36 :: 		
0x0243	0x2003      	CALL       _Get_Fosc_kHz
0x0244	0x0841      	MOVF       FARG_Sound_Play_duration_ms, 0
0x0245	0x00F4      	MOVWF      R4
0x0246	0x0842      	MOVF       FARG_Sound_Play_duration_ms+1, 0
0x0247	0x00F5      	MOVWF      R4+1
0x0248	0x01F6      	CLRF       R4+2
0x0249	0x01F7      	CLRF       R4+3
0x024A	0x200C      	CALL       _Mul_32x32_U
0x024B	0x0843      	MOVF       Sound_Play_nc_L0, 0
0x024C	0x00F9      	MOVWF      R9
0x024D	0x0844      	MOVF       Sound_Play_nc_L0+1, 0
0x024E	0x00FA      	MOVWF      R9+1
0x024F	0x01FB      	CLRF       R9+2
0x0250	0x01FC      	CLRF       R9+3
0x0251	0x3003      	MOVLW      3
0x0252	0x00F8      	MOVWF      R8
0x0253	0x0879      	MOVF       R9, 0
0x0254	0x00F4      	MOVWF      R4
0x0255	0x087A      	MOVF       R9+1, 0
0x0256	0x00F5      	MOVWF      R4+1
0x0257	0x087B      	MOVF       R9+2, 0
0x0258	0x00F6      	MOVWF      R4+2
0x0259	0x087C      	MOVF       R9+3, 0
0x025A	0x00F7      	MOVWF      R4+3
0x025B	0x0878      	MOVF       R8, 0
L__Sound_Play15:
0x025C	0x1903      	BTFSC      STATUS, 2
0x025D	0x2A65      	GOTO       L__Sound_Play16
0x025E	0x0DF4      	RLF        R4, 1
0x025F	0x0DF5      	RLF        R4+1, 1
0x0260	0x0DF6      	RLF        R4+2, 1
0x0261	0x0DF7      	RLF        R4+3, 1
0x0262	0x1074      	BCF        R4, 0
0x0263	0x3EFF      	ADDLW      255
0x0264	0x2A5C      	GOTO       L__Sound_Play15
L__Sound_Play16:
0x0265	0x207F      	CALL       _Div_32x32_U
0x0266	0x0870      	MOVF       R0, 0
0x0267	0x00C7      	MOVWF      Sound_Play_per_nc_L0
0x0268	0x0871      	MOVF       R0+1, 0
0x0269	0x00C8      	MOVWF      Sound_Play_per_nc_L0+1
0x026A	0x0872      	MOVF       R0+2, 0
0x026B	0x00C9      	MOVWF      Sound_Play_per_nc_L0+2
0x026C	0x0873      	MOVF       R0+3, 0
0x026D	0x00CA      	MOVWF      Sound_Play_per_nc_L0+3
;__Lib_Sound.c,38 :: 		
0x026E	0x300A      	MOVLW      10
0x026F	0x00F4      	MOVWF      R4
0x0270	0x3000      	MOVLW      0
0x0271	0x00F5      	MOVWF      R4+1
0x0272	0x0843      	MOVF       Sound_Play_nc_L0, 0
0x0273	0x00F0      	MOVWF      R0
0x0274	0x0844      	MOVF       Sound_Play_nc_L0+1, 0
0x0275	0x00F1      	MOVWF      R0+1
0x0276	0x204F      	CALL       _Div_16X16_U
0x0277	0x0870      	MOVF       R0, 0
0x0278	0x00C3      	MOVWF      Sound_Play_nc_L0
0x0279	0x0871      	MOVF       R0+1, 0
0x027A	0x00C4      	MOVWF      Sound_Play_nc_L0+1
;__Lib_Sound.c,39 :: 		
0x027B	0x3000      	MOVLW      0
0x027C	0x0271      	SUBWF      R0+1, 0
0x027D	0x1D03      	BTFSS      STATUS, 2
0x027E	0x2A81      	GOTO       L__Sound_Play17
0x027F	0x3003      	MOVLW      3
0x0280	0x0270      	SUBWF      R0, 0
L__Sound_Play17:
0x0281	0x1803      	BTFSC      STATUS, 0
0x0282	0x2A84      	GOTO       L_Sound_Play0
0x0283	0x2AD1      	GOTO       L_end_Sound_Play
L_Sound_Play0:
;__Lib_Sound.c,40 :: 		
0x0284	0x083C      	MOVF       __Lib_Sound_soundPortAddr, 0
0x0285	0x0084      	MOVWF      FSR
;__Lib_Sound.c,41 :: 		
L_Sound_Play1:
0x0286	0x084A      	MOVF       Sound_Play_per_nc_L0+3, 0
0x0287	0x3C00      	SUBLW      0
0x0288	0x1D03      	BTFSS      STATUS, 2
0x0289	0x2A94      	GOTO       L__Sound_Play18
0x028A	0x0849      	MOVF       Sound_Play_per_nc_L0+2, 0
0x028B	0x3C00      	SUBLW      0
0x028C	0x1D03      	BTFSS      STATUS, 2
0x028D	0x2A94      	GOTO       L__Sound_Play18
0x028E	0x0848      	MOVF       Sound_Play_per_nc_L0+1, 0
0x028F	0x3C00      	SUBLW      0
0x0290	0x1D03      	BTFSS      STATUS, 2
0x0291	0x2A94      	GOTO       L__Sound_Play18
0x0292	0x0847      	MOVF       Sound_Play_per_nc_L0, 0
0x0293	0x3C00      	SUBLW      0
L__Sound_Play18:
0x0294	0x1803      	BTFSC      STATUS, 0
0x0295	0x2ACF      	GOTO       L_Sound_Play2
;__Lib_Sound.c,42 :: 		
0x0296	0x083B      	MOVF       __Lib_Sound_pinMask1, 0
0x0297	0x0480      	IORWF      INDF, 1
;__Lib_Sound.c,44 :: 		
0x0298	0x0844      	MOVF       Sound_Play_nc_L0+1, 0
0x0299	0x1903      	BTFSC      STATUS, 2
0x029A	0x2AAB      	GOTO       L_Sound_Play3
;__Lib_Sound.c,45 :: 		
0x029B	0x01C5      	CLRF       Sound_Play_i_L0
0x029C	0x01C6      	CLRF       Sound_Play_i_L0+1
L_Sound_Play4:
0x029D	0x3000      	MOVLW      0
0x029E	0x0246      	SUBWF      Sound_Play_i_L0+1, 0
0x029F	0x1D03      	BTFSS      STATUS, 2
0x02A0	0x2AA3      	GOTO       L__Sound_Play19
0x02A1	0x0844      	MOVF       Sound_Play_nc_L0+1, 0
0x02A2	0x0245      	SUBWF      Sound_Play_i_L0, 0
L__Sound_Play19:
0x02A3	0x1803      	BTFSC      STATUS, 0
0x02A4	0x2AAB      	GOTO       L_Sound_Play5
;__Lib_Sound.c,46 :: 		
0x02A5	0x01CB      	CLRF       FARG_Delay_Cyc_cycles_div_by_10
0x02A6	0x206C      	CALL       _Delay_Cyc
;__Lib_Sound.c,45 :: 		
0x02A7	0x0AC5      	INCF       Sound_Play_i_L0, 1
0x02A8	0x1903      	BTFSC      STATUS, 2
0x02A9	0x0AC6      	INCF       Sound_Play_i_L0+1, 1
;__Lib_Sound.c,47 :: 		
0x02AA	0x2A9D      	GOTO       L_Sound_Play4
L_Sound_Play5:
;__Lib_Sound.c,48 :: 		
L_Sound_Play3:
;__Lib_Sound.c,49 :: 		
0x02AB	0x0843      	MOVF       Sound_Play_nc_L0, 0
0x02AC	0x00CB      	MOVWF      FARG_Delay_Cyc_cycles_div_by_10
0x02AD	0x206C      	CALL       _Delay_Cyc
;__Lib_Sound.c,51 :: 		
0x02AE	0x083A      	MOVF       __Lib_Sound_pinMask0, 0
0x02AF	0x0580      	ANDWF      INDF, 1
;__Lib_Sound.c,53 :: 		
0x02B0	0x0844      	MOVF       Sound_Play_nc_L0+1, 0
0x02B1	0x1903      	BTFSC      STATUS, 2
0x02B2	0x2AC3      	GOTO       L_Sound_Play7
;__Lib_Sound.c,54 :: 		
0x02B3	0x01C5      	CLRF       Sound_Play_i_L0
0x02B4	0x01C6      	CLRF       Sound_Play_i_L0+1
L_Sound_Play8:
0x02B5	0x3000      	MOVLW      0
0x02B6	0x0246      	SUBWF      Sound_Play_i_L0+1, 0
0x02B7	0x1D03      	BTFSS      STATUS, 2
0x02B8	0x2ABB      	GOTO       L__Sound_Play20
0x02B9	0x0844      	MOVF       Sound_Play_nc_L0+1, 0
0x02BA	0x0245      	SUBWF      Sound_Play_i_L0, 0
L__Sound_Play20:
0x02BB	0x1803      	BTFSC      STATUS, 0
0x02BC	0x2AC3      	GOTO       L_Sound_Play9
;__Lib_Sound.c,55 :: 		
0x02BD	0x01CB      	CLRF       FARG_Delay_Cyc_cycles_div_by_10
0x02BE	0x206C      	CALL       _Delay_Cyc
;__Lib_Sound.c,54 :: 		
0x02BF	0x0AC5      	INCF       Sound_Play_i_L0, 1
0x02C0	0x1903      	BTFSC      STATUS, 2
0x02C1	0x0AC6      	INCF       Sound_Play_i_L0+1, 1
;__Lib_Sound.c,56 :: 		
0x02C2	0x2AB5      	GOTO       L_Sound_Play8
L_Sound_Play9:
;__Lib_Sound.c,57 :: 		
L_Sound_Play7:
;__Lib_Sound.c,58 :: 		
0x02C3	0x0843      	MOVF       Sound_Play_nc_L0, 0
0x02C4	0x00CB      	MOVWF      FARG_Delay_Cyc_cycles_div_by_10
0x02C5	0x206C      	CALL       _Delay_Cyc
;__Lib_Sound.c,60 :: 		
0x02C6	0x3001      	MOVLW      1
0x02C7	0x02C7      	SUBWF      Sound_Play_per_nc_L0, 1
0x02C8	0x1C03      	BTFSS      STATUS, 0
0x02C9	0x02C8      	SUBWF      Sound_Play_per_nc_L0+1, 1
0x02CA	0x1C03      	BTFSS      STATUS, 0
0x02CB	0x02C9      	SUBWF      Sound_Play_per_nc_L0+2, 1
0x02CC	0x1C03      	BTFSS      STATUS, 0
0x02CD	0x02CA      	SUBWF      Sound_Play_per_nc_L0+3, 1
;__Lib_Sound.c,62 :: 		
0x02CE	0x2A86      	GOTO       L_Sound_Play1
L_Sound_Play2:
;__Lib_Sound.c,63 :: 		
0x02CF	0x083A      	MOVF       __Lib_Sound_pinMask0, 0
0x02D0	0x0580      	ANDWF      INDF, 1
;__Lib_Sound.c,64 :: 		
L_end_Sound_Play:
0x02D1	0x0008      	RETURN
; end of _Sound_Play
_____DoICP:
;__Lib_System.c,6 :: 		
;__Lib_System.c,9 :: 		
0x02D2	0x1283      	BCF        STATUS, 5
0x02D3	0x1303      	BCF        STATUS, 6
0x02D4	0x0839      	MOVF       ___DoICPAddr+1, 0
0x02D5	0x008A      	MOVWF      PCLATH
;__Lib_System.c,10 :: 		
0x02D6	0x0838      	MOVF       ___DoICPAddr, 0
0x02D7	0x0082      	MOVWF      PCL
;__Lib_System.c,12 :: 		
L_end_____DoICP:
0x02D8	0x0008      	RETURN
; end of _____DoICP
_shiftdata595:
;ventilator.c,36 :: 		void shiftdata595(int _shiftdata[])  //shift register
;ventilator.c,40 :: 		i=8;
0x02D9	0x3008      	MOVLW      8
0x02DA	0x1283      	BCF        STATUS, 5
0x02DB	0x1303      	BCF        STATUS, 6
0x02DC	0x00F4      	MOVWF      R4
0x02DD	0x3000      	MOVLW      0
0x02DE	0x00F5      	MOVWF      R4+1
;ventilator.c,41 :: 		while (i>0)                  //loop to send 8bit data
L_shiftdata5950:
0x02DF	0x0875      	MOVF       R4+1, 0
0x02E0	0x3C00      	SUBLW      0
0x02E1	0x1D03      	BTFSS      STATUS, 2
0x02E2	0x2AE5      	GOTO       L__shiftdata59558
0x02E3	0x0874      	MOVF       R4, 0
0x02E4	0x3C00      	SUBLW      0
L__shiftdata59558:
0x02E5	0x1803      	BTFSC      STATUS, 0
0x02E6	0x2B07      	GOTO       L_shiftdata5951
;ventilator.c,43 :: 		SHIFT_DATA=_shiftdata[i-1]; //  send array value
0x02E7	0x3001      	MOVLW      1
0x02E8	0x0274      	SUBWF      R4, 0
0x02E9	0x00F2      	MOVWF      R2
0x02EA	0x3000      	MOVLW      0
0x02EB	0x1C03      	BTFSS      STATUS, 0
0x02EC	0x3E01      	ADDLW      1
0x02ED	0x0275      	SUBWF      R4+1, 0
0x02EE	0x00F3      	MOVWF      R2+1
0x02EF	0x0872      	MOVF       R2, 0
0x02F0	0x00F0      	MOVWF      R0
0x02F1	0x0DF0      	RLF        R0, 1
0x02F2	0x1070      	BCF        R0, 0
0x02F3	0x0870      	MOVF       R0, 0
0x02F4	0x073F      	ADDWF      FARG_shiftdata595__shiftdata, 0
0x02F5	0x0084      	MOVWF      FSR
0x02F6	0x1800      	BTFSC      INDF, 0
0x02F7	0x2AFA      	GOTO       L__shiftdata59559
0x02F8	0x1006      	BCF        PORTB, 0
0x02F9	0x2AFB      	GOTO       L__shiftdata59560
L__shiftdata59559:
0x02FA	0x1406      	BSF        PORTB, 0
L__shiftdata59560:
;ventilator.c,44 :: 		SHIFT_CLOCK = 1;
0x02FB	0x1506      	BSF        PORTB, 2
;ventilator.c,45 :: 		Delay_us(1);
0x02FC	0x0000      	NOP
0x02FD	0x0000      	NOP
0x02FE	0x0000      	NOP
0x02FF	0x0000      	NOP
0x0300	0x0000      	NOP
;ventilator.c,46 :: 		SHIFT_CLOCK = 0;
0x0301	0x1106      	BCF        PORTB, 2
;ventilator.c,47 :: 		i--;
0x0302	0x3001      	MOVLW      1
0x0303	0x02F4      	SUBWF      R4, 1
0x0304	0x1C03      	BTFSS      STATUS, 0
0x0305	0x03F5      	DECF       R4+1, 1
;ventilator.c,48 :: 		}
0x0306	0x2ADF      	GOTO       L_shiftdata5950
L_shiftdata5951:
;ventilator.c,49 :: 		}
L_end_shiftdata595:
0x0307	0x0008      	RETURN
; end of _shiftdata595
_Button:
;__Lib_Button.c,6 :: 		
;__Lib_Button.c,8 :: 		
0x0308	0x1283      	BCF        STATUS, 5
0x0309	0x1303      	BCF        STATUS, 6
0x030A	0x01C4      	CLRF       Button_rslt_L0
;__Lib_Button.c,11 :: 		
0x030B	0x0840      	MOVF       FARG_Button_pin, 0
0x030C	0x00F1      	MOVWF      R1
0x030D	0x3001      	MOVLW      1
0x030E	0x00F0      	MOVWF      R0
0x030F	0x0871      	MOVF       R1, 0
L__Button5:
0x0310	0x1903      	BTFSC      STATUS, 2
0x0311	0x2B16      	GOTO       L__Button6
0x0312	0x0DF0      	RLF        R0, 1
0x0313	0x1070      	BCF        R0, 0
0x0314	0x3EFF      	ADDLW      255
0x0315	0x2B10      	GOTO       L__Button5
L__Button6:
0x0316	0x0870      	MOVF       R0, 0
0x0317	0x00C3      	MOVWF      Button_pMask_L0
;__Lib_Button.c,13 :: 		
0x0318	0x083F      	MOVF       FARG_Button_port, 0
0x0319	0x0084      	MOVWF      FSR
0x031A	0x0870      	MOVF       R0, 0
0x031B	0x0500      	ANDWF      INDF, 0
0x031C	0x00F1      	MOVWF      R1
0x031D	0x0871      	MOVF       R1, 0
0x031E	0x3001      	MOVLW      1
0x031F	0x1D03      	BTFSS      STATUS, 2
0x0320	0x3000      	MOVLW      0
0x0321	0x00F0      	MOVWF      R0
0x0322	0x0842      	MOVF       FARG_Button_active_state, 0
0x0323	0x06F0      	XORWF      R0, 1
0x0324	0x1903      	BTFSC      STATUS, 2
0x0325	0x2B3E      	GOTO       L_Button0
;__Lib_Button.c,15 :: 		
L_Button1:
0x0326	0x0841      	MOVF       FARG_Button_time_ms, 0
0x0327	0x3C00      	SUBLW      0
0x0328	0x1803      	BTFSC      STATUS, 0
0x0329	0x2B2E      	GOTO       L_Button2
;__Lib_Button.c,16 :: 		
0x032A	0x2043      	CALL       _Delay_500us
;__Lib_Button.c,17 :: 		
0x032B	0x2043      	CALL       _Delay_500us
;__Lib_Button.c,18 :: 		
0x032C	0x03C1      	DECF       FARG_Button_time_ms, 1
;__Lib_Button.c,19 :: 		
0x032D	0x2B26      	GOTO       L_Button1
L_Button2:
;__Lib_Button.c,21 :: 		
0x032E	0x083F      	MOVF       FARG_Button_port, 0
0x032F	0x0084      	MOVWF      FSR
0x0330	0x0843      	MOVF       Button_pMask_L0, 0
0x0331	0x0500      	ANDWF      INDF, 0
0x0332	0x00F1      	MOVWF      R1
0x0333	0x0871      	MOVF       R1, 0
0x0334	0x3001      	MOVLW      1
0x0335	0x1D03      	BTFSS      STATUS, 2
0x0336	0x3000      	MOVLW      0
0x0337	0x00F0      	MOVWF      R0
0x0338	0x0842      	MOVF       FARG_Button_active_state, 0
0x0339	0x06F0      	XORWF      R0, 1
0x033A	0x1903      	BTFSC      STATUS, 2
0x033B	0x2B3E      	GOTO       L_Button3
;__Lib_Button.c,22 :: 		
0x033C	0x30FF      	MOVLW      255
0x033D	0x00C4      	MOVWF      Button_rslt_L0
L_Button3:
;__Lib_Button.c,23 :: 		
L_Button0:
;__Lib_Button.c,25 :: 		
0x033E	0x0844      	MOVF       Button_rslt_L0, 0
0x033F	0x00F0      	MOVWF      R0
;__Lib_Button.c,26 :: 		
L_end_Button:
0x0340	0x0008      	RETURN
; end of _Button
_selftest:
;ventilator.c,214 :: 		void selftest(){
;ventilator.c,224 :: 		testl=1;                                        //test led on
0x0341	0x1283      	BCF        STATUS, 5
0x0342	0x1303      	BCF        STATUS, 6
0x0343	0x1588      	BSF        PORTD, 3
;ventilator.c,225 :: 		Sound_Play(500, 500);                            //selftest ok notify alarm
0x0344	0x30F4      	MOVLW      244
0x0345	0x00BF      	MOVWF      FARG_Sound_Play_freq_in_hz
0x0346	0x3001      	MOVLW      1
0x0347	0x00C0      	MOVWF      FARG_Sound_Play_freq_in_hz+1
0x0348	0x30F4      	MOVLW      244
0x0349	0x00C1      	MOVWF      FARG_Sound_Play_duration_ms
0x034A	0x3001      	MOVLW      1
0x034B	0x00C2      	MOVWF      FARG_Sound_Play_duration_ms+1
0x034C	0x2201      	CALL       _Sound_Play
;ventilator.c,226 :: 		Sound_Play(1000, 500);
0x034D	0x30E8      	MOVLW      232
0x034E	0x00BF      	MOVWF      FARG_Sound_Play_freq_in_hz
0x034F	0x3003      	MOVLW      3
0x0350	0x00C0      	MOVWF      FARG_Sound_Play_freq_in_hz+1
0x0351	0x30F4      	MOVLW      244
0x0352	0x00C1      	MOVWF      FARG_Sound_Play_duration_ms
0x0353	0x3001      	MOVLW      1
0x0354	0x00C2      	MOVWF      FARG_Sound_Play_duration_ms+1
0x0355	0x2201      	CALL       _Sound_Play
;ventilator.c,234 :: 		}
L_selftest45:
;ventilator.c,235 :: 		}
L_end_selftest:
0x0356	0x0008      	RETURN
; end of _selftest
_Sound_Init:
;__Lib_Sound.c,11 :: 		
;__Lib_Sound.c,13 :: 		
0x0357	0x1283      	BCF        STATUS, 5
0x0358	0x1303      	BCF        STATUS, 6
0x0359	0x083D      	MOVF       FARG_Sound_Init_snd_port, 0
0x035A	0x00BC      	MOVWF      __Lib_Sound_soundPortAddr
;__Lib_Sound.c,15 :: 		
0x035B	0x083E      	MOVF       FARG_Sound_Init_snd_pin, 0
0x035C	0x00F1      	MOVWF      R1
0x035D	0x3001      	MOVLW      1
0x035E	0x00F0      	MOVWF      R0
0x035F	0x0871      	MOVF       R1, 0
L__Sound_Init12:
0x0360	0x1903      	BTFSC      STATUS, 2
0x0361	0x2B66      	GOTO       L__Sound_Init13
0x0362	0x0DF0      	RLF        R0, 1
0x0363	0x1070      	BCF        R0, 0
0x0364	0x3EFF      	ADDLW      255
0x0365	0x2B60      	GOTO       L__Sound_Init12
L__Sound_Init13:
0x0366	0x0870      	MOVF       R0, 0
0x0367	0x00BB      	MOVWF      __Lib_Sound_pinMask1
;__Lib_Sound.c,16 :: 		
0x0368	0x09F0      	COMF       R0, 1
0x0369	0x0870      	MOVF       R0, 0
0x036A	0x00BA      	MOVWF      __Lib_Sound_pinMask0
;__Lib_Sound.c,20 :: 		
0x036B	0x3080      	MOVLW      128
0x036C	0x073D      	ADDWF      FARG_Sound_Init_snd_port, 0
0x036D	0x0084      	MOVWF      FSR
;__Lib_Sound.c,21 :: 		
0x036E	0x0870      	MOVF       R0, 0
0x036F	0x0580      	ANDWF      INDF, 1
;__Lib_Sound.c,22 :: 		
0x0370	0x1384      	BCF        FSR, 7
;__Lib_Sound.c,23 :: 		
0x0371	0x0870      	MOVF       R0, 0
0x0372	0x0580      	ANDWF      INDF, 1
;__Lib_Sound.c,24 :: 		
L_end_Sound_Init:
0x0373	0x0008      	RETURN
; end of _Sound_Init
_switches:
;ventilator.c,60 :: 		void switches(){
;ventilator.c,62 :: 		if (Button(&PORTB, 6, 100, 0)) {               // Detect logical zero
0x0374	0x3006      	MOVLW      PORTB
0x0375	0x1283      	BCF        STATUS, 5
0x0376	0x1303      	BCF        STATUS, 6
0x0377	0x00BF      	MOVWF      FARG_Button_port
0x0378	0x3006      	MOVLW      6
0x0379	0x00C0      	MOVWF      FARG_Button_pin
0x037A	0x3064      	MOVLW      100
0x037B	0x00C1      	MOVWF      FARG_Button_time_ms
0x037C	0x01C2      	CLRF       FARG_Button_active_state
0x037D	0x2308      	CALL       _Button
0x037E	0x0870      	MOVF       R0, 0
0x037F	0x1903      	BTFSC      STATUS, 2
0x0380	0x2B82      	GOTO       L_switches2
;ventilator.c,63 :: 		oldbpmup = 1;                              // Update flag
0x0381	0x1437      	BSF        _oldbpmup, BitPos(_oldbpmup+0)
;ventilator.c,64 :: 		}
L_switches2:
;ventilator.c,65 :: 		if (oldbpmup && Button(&PORTB, 6, 100, 1)) {   // Detect zero-to-one transition
0x0382	0x1C37      	BTFSS      _oldbpmup, BitPos(_oldbpmup+0)
0x0383	0x2BB5      	GOTO       L_switches5
0x0384	0x3006      	MOVLW      PORTB
0x0385	0x00BF      	MOVWF      FARG_Button_port
0x0386	0x3006      	MOVLW      6
0x0387	0x00C0      	MOVWF      FARG_Button_pin
0x0388	0x3064      	MOVLW      100
0x0389	0x00C1      	MOVWF      FARG_Button_time_ms
0x038A	0x3001      	MOVLW      1
0x038B	0x00C2      	MOVWF      FARG_Button_active_state
0x038C	0x2308      	CALL       _Button
0x038D	0x0870      	MOVF       R0, 0
0x038E	0x1903      	BTFSC      STATUS, 2
0x038F	0x2BB5      	GOTO       L_switches5
L__switches56:
;ventilator.c,66 :: 		oldbpmup = 0;                            // Update flag
0x0390	0x1037      	BCF        _oldbpmup, BitPos(_oldbpmup+0)
;ventilator.c,67 :: 		bpmv++;                                //increment bpm level
0x0391	0x0AA1      	INCF       _bpmv, 1
0x0392	0x1903      	BTFSC      STATUS, 2
0x0393	0x0AA2      	INCF       _bpmv+1, 1
;ventilator.c,68 :: 		Sound_Play(1318, 50);
0x0394	0x3026      	MOVLW      38
0x0395	0x00BF      	MOVWF      FARG_Sound_Play_freq_in_hz
0x0396	0x3005      	MOVLW      5
0x0397	0x00C0      	MOVWF      FARG_Sound_Play_freq_in_hz+1
0x0398	0x3032      	MOVLW      50
0x0399	0x00C1      	MOVWF      FARG_Sound_Play_duration_ms
0x039A	0x3000      	MOVLW      0
0x039B	0x00C2      	MOVWF      FARG_Sound_Play_duration_ms+1
0x039C	0x2201      	CALL       _Sound_Play
;ventilator.c,69 :: 		if(bpmv>16){                     //limit bpm value
0x039D	0x0822      	MOVF       _bpmv+1, 0
0x039E	0x3C00      	SUBLW      0
0x039F	0x1D03      	BTFSS      STATUS, 2
0x03A0	0x2BA3      	GOTO       L__switches63
0x03A1	0x0821      	MOVF       _bpmv, 0
0x03A2	0x3C10      	SUBLW      16
L__switches63:
0x03A3	0x1803      	BTFSC      STATUS, 0
0x03A4	0x2BA9      	GOTO       L_switches6
;ventilator.c,70 :: 		bpmv=16;
0x03A5	0x3010      	MOVLW      16
0x03A6	0x00A1      	MOVWF      _bpmv
0x03A7	0x3000      	MOVLW      0
0x03A8	0x00A2      	MOVWF      _bpmv+1
;ventilator.c,71 :: 		}
L_switches6:
;ventilator.c,72 :: 		if(bpmv<12){
0x03A9	0x3000      	MOVLW      0
0x03AA	0x0222      	SUBWF      _bpmv+1, 0
0x03AB	0x1D03      	BTFSS      STATUS, 2
0x03AC	0x2BAF      	GOTO       L__switches64
0x03AD	0x300C      	MOVLW      12
0x03AE	0x0221      	SUBWF      _bpmv, 0
L__switches64:
0x03AF	0x1803      	BTFSC      STATUS, 0
0x03B0	0x2BB5      	GOTO       L_switches7
;ventilator.c,73 :: 		bpmv=12;
0x03B1	0x300C      	MOVLW      12
0x03B2	0x00A1      	MOVWF      _bpmv
0x03B3	0x3000      	MOVLW      0
0x03B4	0x00A2      	MOVWF      _bpmv+1
;ventilator.c,74 :: 		}
L_switches7:
;ventilator.c,77 :: 		}
L_switches5:
;ventilator.c,79 :: 		if (Button(&PORTB, 7, 100, 0)) {               // Detect logical zero
0x03B5	0x3006      	MOVLW      PORTB
0x03B6	0x00BF      	MOVWF      FARG_Button_port
0x03B7	0x3007      	MOVLW      7
0x03B8	0x00C0      	MOVWF      FARG_Button_pin
0x03B9	0x3064      	MOVLW      100
0x03BA	0x00C1      	MOVWF      FARG_Button_time_ms
0x03BB	0x01C2      	CLRF       FARG_Button_active_state
0x03BC	0x2308      	CALL       _Button
0x03BD	0x0870      	MOVF       R0, 0
0x03BE	0x1903      	BTFSC      STATUS, 2
0x03BF	0x2BC1      	GOTO       L_switches8
;ventilator.c,80 :: 		oldbpmdown = 1;                              // Update flag
0x03C0	0x14B7      	BSF        _oldbpmdown, BitPos(_oldbpmdown+0)
;ventilator.c,81 :: 		}
L_switches8:
;ventilator.c,82 :: 		if (oldbpmdown && Button(&PORTB, 7, 100, 1)) {   // Detect zero-to-one transition
0x03C1	0x1CB7      	BTFSS      _oldbpmdown, BitPos(_oldbpmdown+0)
0x03C2	0x2BF5      	GOTO       L_switches11
0x03C3	0x3006      	MOVLW      PORTB
0x03C4	0x00BF      	MOVWF      FARG_Button_port
0x03C5	0x3007      	MOVLW      7
0x03C6	0x00C0      	MOVWF      FARG_Button_pin
0x03C7	0x3064      	MOVLW      100
0x03C8	0x00C1      	MOVWF      FARG_Button_time_ms
0x03C9	0x3001      	MOVLW      1
0x03CA	0x00C2      	MOVWF      FARG_Button_active_state
0x03CB	0x2308      	CALL       _Button
0x03CC	0x0870      	MOVF       R0, 0
0x03CD	0x1903      	BTFSC      STATUS, 2
0x03CE	0x2BF5      	GOTO       L_switches11
L__switches55:
;ventilator.c,83 :: 		oldbpmdown = 0;                           // Update flag
0x03CF	0x10B7      	BCF        _oldbpmdown, BitPos(_oldbpmdown+0)
;ventilator.c,84 :: 		Sound_Play(1318, 50);
0x03D0	0x3026      	MOVLW      38
0x03D1	0x00BF      	MOVWF      FARG_Sound_Play_freq_in_hz
0x03D2	0x3005      	MOVLW      5
0x03D3	0x00C0      	MOVWF      FARG_Sound_Play_freq_in_hz+1
0x03D4	0x3032      	MOVLW      50
0x03D5	0x00C1      	MOVWF      FARG_Sound_Play_duration_ms
0x03D6	0x3000      	MOVLW      0
0x03D7	0x00C2      	MOVWF      FARG_Sound_Play_duration_ms+1
0x03D8	0x2201      	CALL       _Sound_Play
;ventilator.c,86 :: 		bpmv--;                                      //decrement bpm value
0x03D9	0x3001      	MOVLW      1
0x03DA	0x02A1      	SUBWF      _bpmv, 1
0x03DB	0x1C03      	BTFSS      STATUS, 0
0x03DC	0x03A2      	DECF       _bpmv+1, 1
;ventilator.c,87 :: 		if(bpmv>16){                                 //limit bpm value
0x03DD	0x0822      	MOVF       _bpmv+1, 0
0x03DE	0x3C00      	SUBLW      0
0x03DF	0x1D03      	BTFSS      STATUS, 2
0x03E0	0x2BE3      	GOTO       L__switches65
0x03E1	0x0821      	MOVF       _bpmv, 0
0x03E2	0x3C10      	SUBLW      16
L__switches65:
0x03E3	0x1803      	BTFSC      STATUS, 0
0x03E4	0x2BE9      	GOTO       L_switches12
;ventilator.c,88 :: 		bpmv=16;
0x03E5	0x3010      	MOVLW      16
0x03E6	0x00A1      	MOVWF      _bpmv
0x03E7	0x3000      	MOVLW      0
0x03E8	0x00A2      	MOVWF      _bpmv+1
;ventilator.c,89 :: 		}
L_switches12:
;ventilator.c,90 :: 		if(bpmv<12){
0x03E9	0x3000      	MOVLW      0
0x03EA	0x0222      	SUBWF      _bpmv+1, 0
0x03EB	0x1D03      	BTFSS      STATUS, 2
0x03EC	0x2BEF      	GOTO       L__switches66
0x03ED	0x300C      	MOVLW      12
0x03EE	0x0221      	SUBWF      _bpmv, 0
L__switches66:
0x03EF	0x1803      	BTFSC      STATUS, 0
0x03F0	0x2BF5      	GOTO       L_switches13
;ventilator.c,91 :: 		bpmv=12;
0x03F1	0x300C      	MOVLW      12
0x03F2	0x00A1      	MOVWF      _bpmv
0x03F3	0x3000      	MOVLW      0
0x03F4	0x00A2      	MOVWF      _bpmv+1
;ventilator.c,92 :: 		}
L_switches13:
;ventilator.c,95 :: 		}
L_switches11:
;ventilator.c,100 :: 		if (Button(&PORTB, 4, 100, 0)) {               // Detect logical zero
0x03F5	0x3006      	MOVLW      PORTB
0x03F6	0x00BF      	MOVWF      FARG_Button_port
0x03F7	0x3004      	MOVLW      4
0x03F8	0x00C0      	MOVWF      FARG_Button_pin
0x03F9	0x3064      	MOVLW      100
0x03FA	0x00C1      	MOVWF      FARG_Button_time_ms
0x03FB	0x01C2      	CLRF       FARG_Button_active_state
0x03FC	0x2308      	CALL       _Button
0x03FD	0x0870      	MOVF       R0, 0
0x03FE	0x1903      	BTFSC      STATUS, 2
0x03FF	0x2C01      	GOTO       L_switches14
;ventilator.c,101 :: 		oldvolup = 1;                              // Update flag
0x0400	0x1537      	BSF        _oldvolup, BitPos(_oldvolup+0)
;ventilator.c,102 :: 		}
L_switches14:
;ventilator.c,103 :: 		if (oldvolup && Button(&PORTB, 4, 100, 1)) {   // Detect zero-to-one transition
0x0401	0x1D37      	BTFSS      _oldvolup, BitPos(_oldvolup+0)
0x0402	0x2C3C      	GOTO       L_switches17
0x0403	0x3006      	MOVLW      PORTB
0x0404	0x00BF      	MOVWF      FARG_Button_port
0x0405	0x3004      	MOVLW      4
0x0406	0x00C0      	MOVWF      FARG_Button_pin
0x0407	0x3064      	MOVLW      100
0x0408	0x00C1      	MOVWF      FARG_Button_time_ms
0x0409	0x3001      	MOVLW      1
0x040A	0x00C2      	MOVWF      FARG_Button_active_state
0x040B	0x2308      	CALL       _Button
0x040C	0x0870      	MOVF       R0, 0
0x040D	0x1903      	BTFSC      STATUS, 2
0x040E	0x2C3C      	GOTO       L_switches17
L__switches54:
;ventilator.c,104 :: 		oldvolup = 0;                    // Update flag
0x040F	0x1137      	BCF        _oldvolup, BitPos(_oldvolup+0)
;ventilator.c,105 :: 		Sound_Play(1000, 100);
0x0410	0x30E8      	MOVLW      232
0x0411	0x00BF      	MOVWF      FARG_Sound_Play_freq_in_hz
0x0412	0x3003      	MOVLW      3
0x0413	0x00C0      	MOVWF      FARG_Sound_Play_freq_in_hz+1
0x0414	0x3064      	MOVLW      100
0x0415	0x00C1      	MOVWF      FARG_Sound_Play_duration_ms
0x0416	0x3000      	MOVLW      0
0x0417	0x00C2      	MOVWF      FARG_Sound_Play_duration_ms+1
0x0418	0x2201      	CALL       _Sound_Play
;ventilator.c,106 :: 		vol=vol+50;              //increment volume level by 50
0x0419	0x3032      	MOVLW      50
0x041A	0x0733      	ADDWF      _vol, 0
0x041B	0x00F1      	MOVWF      R1
0x041C	0x0834      	MOVF       _vol+1, 0
0x041D	0x1803      	BTFSC      STATUS, 0
0x041E	0x3E01      	ADDLW      1
0x041F	0x00F2      	MOVWF      R1+1
0x0420	0x0871      	MOVF       R1, 0
0x0421	0x00B3      	MOVWF      _vol
0x0422	0x0872      	MOVF       R1+1, 0
0x0423	0x00B4      	MOVWF      _vol+1
;ventilator.c,107 :: 		if(vol>550){                                         //limit volume level
0x0424	0x0872      	MOVF       R1+1, 0
0x0425	0x3C02      	SUBLW      2
0x0426	0x1D03      	BTFSS      STATUS, 2
0x0427	0x2C2A      	GOTO       L__switches67
0x0428	0x0871      	MOVF       R1, 0
0x0429	0x3C26      	SUBLW      38
L__switches67:
0x042A	0x1803      	BTFSC      STATUS, 0
0x042B	0x2C30      	GOTO       L_switches18
;ventilator.c,108 :: 		vol=550;
0x042C	0x3026      	MOVLW      38
0x042D	0x00B3      	MOVWF      _vol
0x042E	0x3002      	MOVLW      2
0x042F	0x00B4      	MOVWF      _vol+1
;ventilator.c,109 :: 		}
L_switches18:
;ventilator.c,110 :: 		if(vol<450){
0x0430	0x3001      	MOVLW      1
0x0431	0x0234      	SUBWF      _vol+1, 0
0x0432	0x1D03      	BTFSS      STATUS, 2
0x0433	0x2C36      	GOTO       L__switches68
0x0434	0x30C2      	MOVLW      194
0x0435	0x0233      	SUBWF      _vol, 0
L__switches68:
0x0436	0x1803      	BTFSC      STATUS, 0
0x0437	0x2C3C      	GOTO       L_switches19
;ventilator.c,111 :: 		vol=450;
0x0438	0x30C2      	MOVLW      194
0x0439	0x00B3      	MOVWF      _vol
0x043A	0x3001      	MOVLW      1
0x043B	0x00B4      	MOVWF      _vol+1
;ventilator.c,112 :: 		}
L_switches19:
;ventilator.c,114 :: 		}
L_switches17:
;ventilator.c,116 :: 		if (Button(&PORTB, 5, 100, 0)) {               // Detect logical zero
0x043C	0x3006      	MOVLW      PORTB
0x043D	0x00BF      	MOVWF      FARG_Button_port
0x043E	0x3005      	MOVLW      5
0x043F	0x00C0      	MOVWF      FARG_Button_pin
0x0440	0x3064      	MOVLW      100
0x0441	0x00C1      	MOVWF      FARG_Button_time_ms
0x0442	0x01C2      	CLRF       FARG_Button_active_state
0x0443	0x2308      	CALL       _Button
0x0444	0x0870      	MOVF       R0, 0
0x0445	0x1903      	BTFSC      STATUS, 2
0x0446	0x2C48      	GOTO       L_switches20
;ventilator.c,117 :: 		oldvoldown = 1;                              // Update flag
0x0447	0x15B7      	BSF        _oldvoldown, BitPos(_oldvoldown+0)
;ventilator.c,118 :: 		}
L_switches20:
;ventilator.c,119 :: 		if (oldvoldown && Button(&PORTB, 5, 100, 1)) {   // Detect zero-to-one transition
0x0448	0x1DB7      	BTFSS      _oldvoldown, BitPos(_oldvoldown+0)
0x0449	0x2C84      	GOTO       L_switches23
0x044A	0x3006      	MOVLW      PORTB
0x044B	0x00BF      	MOVWF      FARG_Button_port
0x044C	0x3005      	MOVLW      5
0x044D	0x00C0      	MOVWF      FARG_Button_pin
0x044E	0x3064      	MOVLW      100
0x044F	0x00C1      	MOVWF      FARG_Button_time_ms
0x0450	0x3001      	MOVLW      1
0x0451	0x00C2      	MOVWF      FARG_Button_active_state
0x0452	0x2308      	CALL       _Button
0x0453	0x0870      	MOVF       R0, 0
0x0454	0x1903      	BTFSC      STATUS, 2
0x0455	0x2C84      	GOTO       L_switches23
L__switches53:
;ventilator.c,120 :: 		oldvoldown = 0;                                   // Update flag
0x0456	0x11B7      	BCF        _oldvoldown, BitPos(_oldvoldown+0)
;ventilator.c,121 :: 		Sound_Play(1000, 100);
0x0457	0x30E8      	MOVLW      232
0x0458	0x00BF      	MOVWF      FARG_Sound_Play_freq_in_hz
0x0459	0x3003      	MOVLW      3
0x045A	0x00C0      	MOVWF      FARG_Sound_Play_freq_in_hz+1
0x045B	0x3064      	MOVLW      100
0x045C	0x00C1      	MOVWF      FARG_Sound_Play_duration_ms
0x045D	0x3000      	MOVLW      0
0x045E	0x00C2      	MOVWF      FARG_Sound_Play_duration_ms+1
0x045F	0x2201      	CALL       _Sound_Play
;ventilator.c,122 :: 		vol=vol-50;                                         //decrement volume level
0x0460	0x3032      	MOVLW      50
0x0461	0x0233      	SUBWF      _vol, 0
0x0462	0x00F1      	MOVWF      R1
0x0463	0x3000      	MOVLW      0
0x0464	0x1C03      	BTFSS      STATUS, 0
0x0465	0x3E01      	ADDLW      1
0x0466	0x0234      	SUBWF      _vol+1, 0
0x0467	0x00F2      	MOVWF      R1+1
0x0468	0x0871      	MOVF       R1, 0
0x0469	0x00B3      	MOVWF      _vol
0x046A	0x0872      	MOVF       R1+1, 0
0x046B	0x00B4      	MOVWF      _vol+1
;ventilator.c,123 :: 		if(vol>550){                                         //limit volume level
0x046C	0x0872      	MOVF       R1+1, 0
0x046D	0x3C02      	SUBLW      2
0x046E	0x1D03      	BTFSS      STATUS, 2
0x046F	0x2C72      	GOTO       L__switches69
0x0470	0x0871      	MOVF       R1, 0
0x0471	0x3C26      	SUBLW      38
L__switches69:
0x0472	0x1803      	BTFSC      STATUS, 0
0x0473	0x2C78      	GOTO       L_switches24
;ventilator.c,124 :: 		vol=550;
0x0474	0x3026      	MOVLW      38
0x0475	0x00B3      	MOVWF      _vol
0x0476	0x3002      	MOVLW      2
0x0477	0x00B4      	MOVWF      _vol+1
;ventilator.c,125 :: 		}
L_switches24:
;ventilator.c,126 :: 		if(vol<450){
0x0478	0x3001      	MOVLW      1
0x0479	0x0234      	SUBWF      _vol+1, 0
0x047A	0x1D03      	BTFSS      STATUS, 2
0x047B	0x2C7E      	GOTO       L__switches70
0x047C	0x30C2      	MOVLW      194
0x047D	0x0233      	SUBWF      _vol, 0
L__switches70:
0x047E	0x1803      	BTFSC      STATUS, 0
0x047F	0x2C84      	GOTO       L_switches25
;ventilator.c,127 :: 		vol=450;
0x0480	0x30C2      	MOVLW      194
0x0481	0x00B3      	MOVWF      _vol
0x0482	0x3001      	MOVLW      1
0x0483	0x00B4      	MOVWF      _vol+1
;ventilator.c,128 :: 		}
L_switches25:
;ventilator.c,131 :: 		}
L_switches23:
;ventilator.c,134 :: 		if ( !startstatus  && Button(&PORTC, 6, 100, 0)) {               // Detect logical zero
0x0484	0x0835      	MOVF       _startstatus, 0
0x0485	0x0436      	IORWF      _startstatus+1, 0
0x0486	0x1D03      	BTFSS      STATUS, 2
0x0487	0x2CA1      	GOTO       L_switches28
0x0488	0x3007      	MOVLW      PORTC
0x0489	0x00BF      	MOVWF      FARG_Button_port
0x048A	0x3006      	MOVLW      6
0x048B	0x00C0      	MOVWF      FARG_Button_pin
0x048C	0x3064      	MOVLW      100
0x048D	0x00C1      	MOVWF      FARG_Button_time_ms
0x048E	0x01C2      	CLRF       FARG_Button_active_state
0x048F	0x2308      	CALL       _Button
0x0490	0x0870      	MOVF       R0, 0
0x0491	0x1903      	BTFSC      STATUS, 2
0x0492	0x2CA1      	GOTO       L_switches28
L__switches52:
;ventilator.c,135 :: 		Sound_Play(1000, 100);                         //play alarm
0x0493	0x30E8      	MOVLW      232
0x0494	0x00BF      	MOVWF      FARG_Sound_Play_freq_in_hz
0x0495	0x3003      	MOVLW      3
0x0496	0x00C0      	MOVWF      FARG_Sound_Play_freq_in_hz+1
0x0497	0x3064      	MOVLW      100
0x0498	0x00C1      	MOVWF      FARG_Sound_Play_duration_ms
0x0499	0x3000      	MOVLW      0
0x049A	0x00C2      	MOVWF      FARG_Sound_Play_duration_ms+1
0x049B	0x2201      	CALL       _Sound_Play
;ventilator.c,136 :: 		startl=1;                                      //led indicator
0x049C	0x1608      	BSF        PORTD, 4
;ventilator.c,137 :: 		startstatus = 1;                              // Update flag
0x049D	0x3001      	MOVLW      1
0x049E	0x00B5      	MOVWF      _startstatus
0x049F	0x3000      	MOVLW      0
0x04A0	0x00B6      	MOVWF      _startstatus+1
;ventilator.c,138 :: 		}
L_switches28:
;ventilator.c,139 :: 		if (startstatus && Button(&PORTC, 7, 100, 0)) {   // Detect logical zero
0x04A1	0x0835      	MOVF       _startstatus, 0
0x04A2	0x0436      	IORWF      _startstatus+1, 0
0x04A3	0x1903      	BTFSC      STATUS, 2
0x04A4	0x2CBC      	GOTO       L_switches31
0x04A5	0x3007      	MOVLW      PORTC
0x04A6	0x00BF      	MOVWF      FARG_Button_port
0x04A7	0x3007      	MOVLW      7
0x04A8	0x00C0      	MOVWF      FARG_Button_pin
0x04A9	0x3064      	MOVLW      100
0x04AA	0x00C1      	MOVWF      FARG_Button_time_ms
0x04AB	0x01C2      	CLRF       FARG_Button_active_state
0x04AC	0x2308      	CALL       _Button
0x04AD	0x0870      	MOVF       R0, 0
0x04AE	0x1903      	BTFSC      STATUS, 2
0x04AF	0x2CBC      	GOTO       L_switches31
L__switches51:
;ventilator.c,140 :: 		Sound_Play(500, 100);                         //play alarm
0x04B0	0x30F4      	MOVLW      244
0x04B1	0x00BF      	MOVWF      FARG_Sound_Play_freq_in_hz
0x04B2	0x3001      	MOVLW      1
0x04B3	0x00C0      	MOVWF      FARG_Sound_Play_freq_in_hz+1
0x04B4	0x3064      	MOVLW      100
0x04B5	0x00C1      	MOVWF      FARG_Sound_Play_duration_ms
0x04B6	0x3000      	MOVLW      0
0x04B7	0x00C2      	MOVWF      FARG_Sound_Play_duration_ms+1
0x04B8	0x2201      	CALL       _Sound_Play
;ventilator.c,141 :: 		startl=0;                                    //led indicator
0x04B9	0x1208      	BCF        PORTD, 4
;ventilator.c,142 :: 		startstatus = 0;               // Update flag
0x04BA	0x01B5      	CLRF       _startstatus
0x04BB	0x01B6      	CLRF       _startstatus+1
;ventilator.c,143 :: 		}
L_switches31:
;ventilator.c,147 :: 		switch (vol){                       //led value for each volume level
0x04BC	0x2CD8      	GOTO       L_switches32
;ventilator.c,148 :: 		case 450:
L_switches34:
;ventilator.c,149 :: 		led[5]=1;
0x04BD	0x3001      	MOVLW      1
0x04BE	0x00AD      	MOVWF      _led+10
0x04BF	0x3000      	MOVLW      0
0x04C0	0x00AE      	MOVWF      _led+11
;ventilator.c,150 :: 		led[6]=0;
0x04C1	0x01AF      	CLRF       _led+12
0x04C2	0x01B0      	CLRF       _led+13
;ventilator.c,151 :: 		led[7]=0;
0x04C3	0x01B1      	CLRF       _led+14
0x04C4	0x01B2      	CLRF       _led+15
;ventilator.c,153 :: 		break;
0x04C5	0x2CF0      	GOTO       L_switches33
;ventilator.c,154 :: 		case 500:
L_switches35:
;ventilator.c,155 :: 		led[5]=0;
0x04C6	0x01AD      	CLRF       _led+10
0x04C7	0x01AE      	CLRF       _led+11
;ventilator.c,156 :: 		led[6]=1;
0x04C8	0x3001      	MOVLW      1
0x04C9	0x00AF      	MOVWF      _led+12
0x04CA	0x3000      	MOVLW      0
0x04CB	0x00B0      	MOVWF      _led+13
;ventilator.c,157 :: 		led[7]=0;
0x04CC	0x01B1      	CLRF       _led+14
0x04CD	0x01B2      	CLRF       _led+15
;ventilator.c,159 :: 		break;
0x04CE	0x2CF0      	GOTO       L_switches33
;ventilator.c,160 :: 		case 550:
L_switches36:
;ventilator.c,161 :: 		led[5]=0;
0x04CF	0x01AD      	CLRF       _led+10
0x04D0	0x01AE      	CLRF       _led+11
;ventilator.c,162 :: 		led[6]=0;
0x04D1	0x01AF      	CLRF       _led+12
0x04D2	0x01B0      	CLRF       _led+13
;ventilator.c,163 :: 		led[7]=1;
0x04D3	0x3001      	MOVLW      1
0x04D4	0x00B1      	MOVWF      _led+14
0x04D5	0x3000      	MOVLW      0
0x04D6	0x00B2      	MOVWF      _led+15
;ventilator.c,165 :: 		break;
0x04D7	0x2CF0      	GOTO       L_switches33
;ventilator.c,167 :: 		}
L_switches32:
0x04D8	0x0834      	MOVF       _vol+1, 0
0x04D9	0x3A01      	XORLW      1
0x04DA	0x1D03      	BTFSS      STATUS, 2
0x04DB	0x2CDE      	GOTO       L__switches71
0x04DC	0x30C2      	MOVLW      194
0x04DD	0x0633      	XORWF      _vol, 0
L__switches71:
0x04DE	0x1903      	BTFSC      STATUS, 2
0x04DF	0x2CBD      	GOTO       L_switches34
0x04E0	0x0834      	MOVF       _vol+1, 0
0x04E1	0x3A01      	XORLW      1
0x04E2	0x1D03      	BTFSS      STATUS, 2
0x04E3	0x2CE6      	GOTO       L__switches72
0x04E4	0x30F4      	MOVLW      244
0x04E5	0x0633      	XORWF      _vol, 0
L__switches72:
0x04E6	0x1903      	BTFSC      STATUS, 2
0x04E7	0x2CC6      	GOTO       L_switches35
0x04E8	0x0834      	MOVF       _vol+1, 0
0x04E9	0x3A02      	XORLW      2
0x04EA	0x1D03      	BTFSS      STATUS, 2
0x04EB	0x2CEE      	GOTO       L__switches73
0x04EC	0x3026      	MOVLW      38
0x04ED	0x0633      	XORWF      _vol, 0
L__switches73:
0x04EE	0x1903      	BTFSC      STATUS, 2
0x04EF	0x2CCF      	GOTO       L_switches36
L_switches33:
;ventilator.c,169 :: 		switch (bpmv){                           //led value for each bpm value
0x04F0	0x2D32      	GOTO       L_switches37
;ventilator.c,170 :: 		case 12:
L_switches39:
;ventilator.c,171 :: 		led[0]=1;
0x04F1	0x3001      	MOVLW      1
0x04F2	0x00A3      	MOVWF      _led
0x04F3	0x3000      	MOVLW      0
0x04F4	0x00A4      	MOVWF      _led+1
;ventilator.c,172 :: 		led[1]=0;
0x04F5	0x01A5      	CLRF       _led+2
0x04F6	0x01A6      	CLRF       _led+3
;ventilator.c,173 :: 		led[2]=0;
0x04F7	0x01A7      	CLRF       _led+4
0x04F8	0x01A8      	CLRF       _led+5
;ventilator.c,174 :: 		led[3]=0;
0x04F9	0x01A9      	CLRF       _led+6
0x04FA	0x01AA      	CLRF       _led+7
;ventilator.c,175 :: 		led[4]=0;
0x04FB	0x01AB      	CLRF       _led+8
0x04FC	0x01AC      	CLRF       _led+9
;ventilator.c,176 :: 		break;
0x04FD	0x2D5A      	GOTO       L_switches38
;ventilator.c,177 :: 		case 13:
L_switches40:
;ventilator.c,178 :: 		led[0]=0;
0x04FE	0x01A3      	CLRF       _led
0x04FF	0x01A4      	CLRF       _led+1
;ventilator.c,179 :: 		led[1]=1;
0x0500	0x3001      	MOVLW      1
0x0501	0x00A5      	MOVWF      _led+2
0x0502	0x3000      	MOVLW      0
0x0503	0x00A6      	MOVWF      _led+3
;ventilator.c,180 :: 		led[2]=0;
0x0504	0x01A7      	CLRF       _led+4
0x0505	0x01A8      	CLRF       _led+5
;ventilator.c,181 :: 		led[3]=0;
0x0506	0x01A9      	CLRF       _led+6
0x0507	0x01AA      	CLRF       _led+7
;ventilator.c,182 :: 		led[4]=0;
0x0508	0x01AB      	CLRF       _led+8
0x0509	0x01AC      	CLRF       _led+9
;ventilator.c,183 :: 		break;
0x050A	0x2D5A      	GOTO       L_switches38
;ventilator.c,184 :: 		case 14:
L_switches41:
;ventilator.c,185 :: 		led[0]=0;
0x050B	0x01A3      	CLRF       _led
0x050C	0x01A4      	CLRF       _led+1
;ventilator.c,186 :: 		led[1]=0;
0x050D	0x01A5      	CLRF       _led+2
0x050E	0x01A6      	CLRF       _led+3
;ventilator.c,187 :: 		led[2]=1;
0x050F	0x3001      	MOVLW      1
0x0510	0x00A7      	MOVWF      _led+4
0x0511	0x3000      	MOVLW      0
0x0512	0x00A8      	MOVWF      _led+5
;ventilator.c,188 :: 		led[3]=0;
0x0513	0x01A9      	CLRF       _led+6
0x0514	0x01AA      	CLRF       _led+7
;ventilator.c,189 :: 		led[4]=0;
0x0515	0x01AB      	CLRF       _led+8
0x0516	0x01AC      	CLRF       _led+9
;ventilator.c,190 :: 		break;
0x0517	0x2D5A      	GOTO       L_switches38
;ventilator.c,191 :: 		case 15:
L_switches42:
;ventilator.c,192 :: 		led[0]=0;
0x0518	0x01A3      	CLRF       _led
0x0519	0x01A4      	CLRF       _led+1
;ventilator.c,193 :: 		led[1]=0;
0x051A	0x01A5      	CLRF       _led+2
0x051B	0x01A6      	CLRF       _led+3
;ventilator.c,194 :: 		led[2]=0;
0x051C	0x01A7      	CLRF       _led+4
0x051D	0x01A8      	CLRF       _led+5
;ventilator.c,195 :: 		led[3]=1;
0x051E	0x3001      	MOVLW      1
0x051F	0x00A9      	MOVWF      _led+6
0x0520	0x3000      	MOVLW      0
0x0521	0x00AA      	MOVWF      _led+7
;ventilator.c,196 :: 		led[4]=0;
0x0522	0x01AB      	CLRF       _led+8
0x0523	0x01AC      	CLRF       _led+9
;ventilator.c,197 :: 		break;
0x0524	0x2D5A      	GOTO       L_switches38
;ventilator.c,198 :: 		case 16:
L_switches43:
;ventilator.c,199 :: 		led[0]=0;
0x0525	0x01A3      	CLRF       _led
0x0526	0x01A4      	CLRF       _led+1
;ventilator.c,200 :: 		led[1]=0;
0x0527	0x01A5      	CLRF       _led+2
0x0528	0x01A6      	CLRF       _led+3
;ventilator.c,201 :: 		led[2]=0;
0x0529	0x01A7      	CLRF       _led+4
0x052A	0x01A8      	CLRF       _led+5
;ventilator.c,202 :: 		led[3]=0;
0x052B	0x01A9      	CLRF       _led+6
0x052C	0x01AA      	CLRF       _led+7
;ventilator.c,203 :: 		led[4]=1;
0x052D	0x3001      	MOVLW      1
0x052E	0x00AB      	MOVWF      _led+8
0x052F	0x3000      	MOVLW      0
0x0530	0x00AC      	MOVWF      _led+9
;ventilator.c,204 :: 		break;
0x0531	0x2D5A      	GOTO       L_switches38
;ventilator.c,205 :: 		}
L_switches37:
0x0532	0x3000      	MOVLW      0
0x0533	0x0622      	XORWF      _bpmv+1, 0
0x0534	0x1D03      	BTFSS      STATUS, 2
0x0535	0x2D38      	GOTO       L__switches74
0x0536	0x300C      	MOVLW      12
0x0537	0x0621      	XORWF      _bpmv, 0
L__switches74:
0x0538	0x1903      	BTFSC      STATUS, 2
0x0539	0x2CF1      	GOTO       L_switches39
0x053A	0x3000      	MOVLW      0
0x053B	0x0622      	XORWF      _bpmv+1, 0
0x053C	0x1D03      	BTFSS      STATUS, 2
0x053D	0x2D40      	GOTO       L__switches75
0x053E	0x300D      	MOVLW      13
0x053F	0x0621      	XORWF      _bpmv, 0
L__switches75:
0x0540	0x1903      	BTFSC      STATUS, 2
0x0541	0x2CFE      	GOTO       L_switches40
0x0542	0x3000      	MOVLW      0
0x0543	0x0622      	XORWF      _bpmv+1, 0
0x0544	0x1D03      	BTFSS      STATUS, 2
0x0545	0x2D48      	GOTO       L__switches76
0x0546	0x300E      	MOVLW      14
0x0547	0x0621      	XORWF      _bpmv, 0
L__switches76:
0x0548	0x1903      	BTFSC      STATUS, 2
0x0549	0x2D0B      	GOTO       L_switches41
0x054A	0x3000      	MOVLW      0
0x054B	0x0622      	XORWF      _bpmv+1, 0
0x054C	0x1D03      	BTFSS      STATUS, 2
0x054D	0x2D50      	GOTO       L__switches77
0x054E	0x300F      	MOVLW      15
0x054F	0x0621      	XORWF      _bpmv, 0
L__switches77:
0x0550	0x1903      	BTFSC      STATUS, 2
0x0551	0x2D18      	GOTO       L_switches42
0x0552	0x3000      	MOVLW      0
0x0553	0x0622      	XORWF      _bpmv+1, 0
0x0554	0x1D03      	BTFSS      STATUS, 2
0x0555	0x2D58      	GOTO       L__switches78
0x0556	0x3010      	MOVLW      16
0x0557	0x0621      	XORWF      _bpmv, 0
L__switches78:
0x0558	0x1903      	BTFSC      STATUS, 2
0x0559	0x2D25      	GOTO       L_switches43
L_switches38:
;ventilator.c,207 :: 		shiftdata595(led);                  //send out led data
0x055A	0x3023      	MOVLW      _led
0x055B	0x00BF      	MOVWF      FARG_shiftdata595__shiftdata
0x055C	0x22D9      	CALL       _shiftdata595
;ventilator.c,208 :: 		latch595();
0x055D	0x21F7      	CALL       _latch595
;ventilator.c,211 :: 		}
L_end_switches:
0x055E	0x0008      	RETURN
; end of _switches
___CC2DW:
;__Lib_System.c,134 :: 		
;__Lib_System.c,137 :: 		
_CC2D_Loop1:
;__Lib_System.c,139 :: 		
0x055F	0x22D2      	CALL       _____DoICP
0x0560	0x118A      	BCF        PCLATH, 3
0x0561	0x120A      	BCF        PCLATH, 4
;__Lib_System.c,141 :: 		
0x0562	0x0080      	MOVWF      INDF
;__Lib_System.c,142 :: 		
0x0563	0x0A84      	INCF       FSR, 1
;__Lib_System.c,143 :: 		
0x0564	0x0AB8      	INCF       ___DoICPAddr, 1
;__Lib_System.c,145 :: 		
0x0565	0x1903      	BTFSC      STATUS, 2
;__Lib_System.c,146 :: 		
0x0566	0x0AB9      	INCF       ___DoICPAddr+1, 1
;__Lib_System.c,147 :: 		
0x0567	0x03F0      	DECF       R0, 1
;__Lib_System.c,149 :: 		
0x0568	0x1D03      	BTFSS      STATUS, 2
;__Lib_System.c,150 :: 		
0x0569	0x2D5F      	GOTO       _CC2D_Loop1
;__Lib_System.c,152 :: 		
L_end___CC2DW:
0x056A	0x0008      	RETURN
; end of ___CC2DW
_main:
0x056B	0x300C      	MOVLW      12
0x056C	0x1283      	BCF        STATUS, 5
0x056D	0x1303      	BCF        STATUS, 6
0x056E	0x00A1      	MOVWF      _bpmv
0x056F	0x01A2      	CLRF       34
0x0570	0x3001      	MOVLW      1
0x0571	0x00A3      	MOVWF      _led
0x0572	0x01A4      	CLRF       36
0x0573	0x01A5      	CLRF       37
0x0574	0x01A6      	CLRF       38
0x0575	0x01A7      	CLRF       39
0x0576	0x01A8      	CLRF       40
0x0577	0x01A9      	CLRF       41
0x0578	0x01AA      	CLRF       42
0x0579	0x01AB      	CLRF       43
0x057A	0x01AC      	CLRF       44
0x057B	0x3001      	MOVLW      1
0x057C	0x00AD      	MOVWF      45
0x057D	0x01AE      	CLRF       46
0x057E	0x01AF      	CLRF       47
0x057F	0x01B0      	CLRF       48
0x0580	0x01B1      	CLRF       49
0x0581	0x01B2      	CLRF       50
0x0582	0x30C2      	MOVLW      194
0x0583	0x00B3      	MOVWF      _vol
0x0584	0x3001      	MOVLW      1
0x0585	0x00B4      	MOVWF      52
0x0586	0x01B5      	CLRF       _startstatus
0x0587	0x01B6      	CLRF       54
;ventilator.c,241 :: 		void main()
;ventilator.c,243 :: 		PORTB=0;  // set portB as digital
0x0588	0x0186      	CLRF       PORTB
;ventilator.c,244 :: 		TRISB=0xf0;  // set portB input/outputs
0x0589	0x30F0      	MOVLW      240
0x058A	0x1683      	BSF        STATUS, 5
0x058B	0x0086      	MOVWF      TRISB
;ventilator.c,245 :: 		PORTC=0;  // set portC as digital
0x058C	0x1283      	BCF        STATUS, 5
0x058D	0x0187      	CLRF       PORTC
;ventilator.c,246 :: 		TRISC=0xff;  // set portC as inputs
0x058E	0x30FF      	MOVLW      255
0x058F	0x1683      	BSF        STATUS, 5
0x0590	0x0087      	MOVWF      TRISC
;ventilator.c,247 :: 		PORTD=0;  // set portD as digital
0x0591	0x1283      	BCF        STATUS, 5
0x0592	0x0188      	CLRF       PORTD
;ventilator.c,248 :: 		TRISD=0x00;  // set portD as outputs
0x0593	0x1683      	BSF        STATUS, 5
0x0594	0x0188      	CLRF       TRISD
;ventilator.c,250 :: 		Sound_Init(&PORTC, 2);
0x0595	0x3007      	MOVLW      PORTC
0x0596	0x1283      	BCF        STATUS, 5
0x0597	0x00BD      	MOVWF      FARG_Sound_Init_snd_port
0x0598	0x3002      	MOVLW      2
0x0599	0x00BE      	MOVWF      FARG_Sound_Init_snd_pin
0x059A	0x2357      	CALL       _Sound_Init
;ventilator.c,252 :: 		selftest();//do self test
0x059B	0x2341      	CALL       _selftest
;ventilator.c,256 :: 		while(1){
L_main48:
;ventilator.c,258 :: 		switches();
0x059C	0x2374      	CALL       _switches
;ventilator.c,259 :: 		if(startstatus){
0x059D	0x0835      	MOVF       _startstatus, 0
0x059E	0x0436      	IORWF      _startstatus+1, 0
0x059F	0x1903      	BTFSC      STATUS, 2
0x05A0	0x2DA1      	GOTO       L_main50
;ventilator.c,267 :: 		}
L_main50:
;ventilator.c,269 :: 		}
0x05A1	0x2D9C      	GOTO       L_main48
;ventilator.c,270 :: 		}
L_end_main:
0x05A2	0x2DA2      	GOTO       $+0
; end of _main
Symbol List:
//** Routines locations **
//ADDRESS    SIZE    PROCEDURE
//----------------------------------------------
0x0003       [9]    _Get_Fosc_kHz
0x000C      [55]    _Mul_32x32_U
0x0043      [12]    _Delay_500us
0x004F      [29]    _Div_16X16_U
0x006C      [19]    _Delay_Cyc
0x007F     [376]    _Div_32x32_U
0x01F7      [10]    _latch595
0x0201     [209]    _Sound_Play
0x02D2       [7]    _____DoICP
0x02D9      [47]    _shiftdata595
0x0308      [57]    _Button
0x0341      [22]    _selftest
0x0357      [29]    _Sound_Init
0x0374     [491]    _switches
0x055F      [12]    ___CC2DW
0x056B      [56]    _main
//** Variables locations ** 
//ADDRESS    SIZE    VARIABLE
//----------------------------------------------
0x0000       [1]    INDF
0x0002       [1]    PCL
0x0003       [1]    STATUS
0x0004       [1]    FSR
0x0006       [1]    PORTB
0x0007       [1]    PORTC
0x0008       [1]    PORTD
0x000A       [1]    PCLATH
0x0020       [1]    ___math_tempb
0x0021       [2]    _bpmv
0x0023      [16]    _led
0x0033       [2]    _vol
0x0035       [2]    _startstatus
0x0037       [0]    _oldbpmdown
0x0037       [0]    _oldbpmup
0x0037       [0]    _oldvolup
0x0037       [0]    _oldvoldown
0x0038       [2]    ___DoICPAddr
0x003A       [1]    __Lib_Sound_pinMask0
0x003B       [1]    __Lib_Sound_pinMask1
0x003C       [1]    __Lib_Sound_soundPortAddr
0x003D       [1]    FARG_Sound_Init_snd_port
0x003E       [1]    FARG_Sound_Init_snd_pin
0x003F       [1]    FARG_Button_port
0x003F       [2]    FARG_Sound_Play_freq_in_hz
0x003F       [1]    FARG_shiftdata595__shiftdata
0x0040       [1]    FARG_Button_pin
0x0041       [1]    FARG_Button_time_ms
0x0041       [2]    FARG_Sound_Play_duration_ms
0x0042       [1]    FARG_Button_active_state
0x0043       [1]    Button_pMask_L0
0x0043       [2]    Sound_Play_nc_L0
0x0044       [1]    Button_rslt_L0
0x0045       [2]    Sound_Play_i_L0
0x0047       [4]    Sound_Play_per_nc_L0
0x004B       [1]    FARG_Delay_Cyc_cycles_div_by_10
0x0070       [1]    R0
0x0071       [1]    R1
0x0072       [1]    R2
0x0073       [1]    R3
0x0074       [1]    R4
0x0075       [1]    R5
0x0076       [1]    R6
0x0077       [1]    R7
0x0078       [1]    R8
0x0079       [1]    R9
0x007A       [1]    R10
0x007B       [1]    R11
0x007C       [1]    R12
0x007D       [1]    R13
0x007E       [1]    R14
0x007F       [1]    R15
0x0086       [1]    TRISB
0x0087       [1]    TRISC
0x0088       [1]    TRISD
